{"B:\\Work\\interexy-shop\\server\\src\\app.module.ts": {"path":"B:\\Work\\interexy-shop\\server\\src\\app.module.ts","statementMap":{"0":{"start":{"line":1,"column":0},"end":{"line":1,"column":40}},"1":{"start":{"line":2,"column":0},"end":{"line":2,"column":48}},"2":{"start":{"line":3,"column":0},"end":{"line":3,"column":46}},"3":{"start":{"line":4,"column":0},"end":{"line":4,"column":54}},"4":{"start":{"line":7,"column":0},"end":{"line":7,"column":64}},"5":{"start":{"line":8,"column":0},"end":{"line":8,"column":64}},"6":{"start":{"line":9,"column":0},"end":{"line":9,"column":53}},"7":{"start":{"line":10,"column":0},"end":{"line":10,"column":53}},"8":{"start":{"line":11,"column":0},"end":{"line":11,"column":52}},"9":{"start":{"line":12,"column":0},"end":{"line":12,"column":50}},"10":{"start":{"line":13,"column":0},"end":{"line":13,"column":55}},"11":{"start":{"line":14,"column":0},"end":{"line":14,"column":56}},"12":{"start":{"line":15,"column":0},"end":{"line":15,"column":52}},"13":{"start":{"line":39,"column":7},"end":{"line":39,"column":null}},"14":{"start":{"line":39,"column":13},"end":{"line":39,"column":null}},"15":{"start":{"line":39,"column":13},"end":{"line":39,"column":22}}},"fnMap":{},"branchMap":{},"s":{"0":0,"1":0,"2":0,"3":0,"4":0,"5":0,"6":0,"7":0,"8":0,"9":0,"10":0,"11":0,"12":0,"13":0,"14":0,"15":0},"f":{},"b":{}}
,"B:\\Work\\interexy-shop\\server\\src\\main.ts": {"path":"B:\\Work\\interexy-shop\\server\\src\\main.ts","statementMap":{"0":{"start":{"line":1,"column":0},"end":{"line":1,"column":43}},"1":{"start":{"line":2,"column":0},"end":{"line":2,"column":41}},"2":{"start":{"line":3,"column":0},"end":{"line":3,"column":65}},"3":{"start":{"line":5,"column":14},"end":{"line":19,"column":1}},"4":{"start":{"line":6,"column":16},"end":{"line":6,"column":51}},"5":{"start":{"line":7,"column":17},"end":{"line":7,"column":41}},"6":{"start":{"line":9,"column":20},"end":{"line":14,"column":16}},"7":{"start":{"line":16,"column":21},"end":{"line":16,"column":63}},"8":{"start":{"line":17,"column":4},"end":{"line":17,"column":50}},"9":{"start":{"line":18,"column":4},"end":{"line":18,"column":null}},"10":{"start":{"line":18,"column":27},"end":{"line":18,"column":69}},"11":{"start":{"line":21,"column":0},"end":{"line":21,"column":8}}},"fnMap":{"0":{"name":"(anonymous_0)","decl":{"start":{"line":5,"column":14},"end":{"line":5,"column":19}},"loc":{"start":{"line":5,"column":25},"end":{"line":19,"column":1}}},"1":{"name":"(anonymous_1)","decl":{"start":{"line":18,"column":21},"end":{"line":18,"column":24}},"loc":{"start":{"line":18,"column":27},"end":{"line":18,"column":69}}}},"branchMap":{"0":{"loc":{"start":{"line":7,"column":17},"end":{"line":7,"column":41}},"type":"binary-expr","locations":[{"start":{"line":7,"column":17},"end":{"line":7,"column":33}},{"start":{"line":7,"column":37},"end":{"line":7,"column":41}}]}},"s":{"0":0,"1":0,"2":0,"3":0,"4":0,"5":0,"6":0,"7":0,"8":0,"9":0,"10":0,"11":0},"f":{"0":0,"1":0},"b":{"0":[0,0]}}
,"B:\\Work\\interexy-shop\\server\\src\\app\\auth\\auth.controller.ts": {"path":"B:\\Work\\interexy-shop\\server\\src\\app\\auth\\auth.controller.ts","statementMap":{"0":{"start":{"line":2,"column":0},"end":{"line":2,"column":null}},"1":{"start":{"line":10,"column":0},"end":{"line":10,"column":69}},"2":{"start":{"line":13,"column":0},"end":{"line":13,"column":56}},"3":{"start":{"line":14,"column":0},"end":{"line":14,"column":54}},"4":{"start":{"line":15,"column":0},"end":{"line":15,"column":62}},"5":{"start":{"line":18,"column":0},"end":{"line":18,"column":45}},"6":{"start":{"line":22,"column":7},"end":{"line":54,"column":null}},"7":{"start":{"line":23,"column":31},"end":{"line":23,"column":44}},"8":{"start":{"line":37,"column":4},"end":{"line":37,"column":50}},"9":{"start":{"line":52,"column":4},"end":{"line":52,"column":53}},"10":{"start":{"line":33,"column":8},"end":{"line":38,"column":null}},"11":{"start":{"line":48,"column":8},"end":{"line":53,"column":null}},"12":{"start":{"line":22,"column":13},"end":{"line":54,"column":null}},"13":{"start":{"line":22,"column":13},"end":{"line":22,"column":27}}},"fnMap":{"0":{"name":"(anonymous_4)","decl":{"start":{"line":23,"column":2},"end":{"line":23,"column":31}},"loc":{"start":{"line":23,"column":55},"end":{"line":23,"column":59}}},"1":{"name":"(anonymous_5)","decl":{"start":{"line":33,"column":2},"end":{"line":33,"column":7}},"loc":{"start":{"line":34,"column":34},"end":{"line":38,"column":3}}},"2":{"name":"(anonymous_6)","decl":{"start":{"line":48,"column":2},"end":{"line":48,"column":7}},"loc":{"start":{"line":49,"column":37},"end":{"line":53,"column":3}}}},"branchMap":{},"s":{"0":0,"1":0,"2":0,"3":0,"4":0,"5":0,"6":0,"7":0,"8":0,"9":0,"10":0,"11":0,"12":0,"13":0},"f":{"0":0,"1":0,"2":0},"b":{}}
,"B:\\Work\\interexy-shop\\server\\src\\app\\auth\\auth.module.ts": {"path":"B:\\Work\\interexy-shop\\server\\src\\app\\auth\\auth.module.ts","statementMap":{"0":{"start":{"line":2,"column":0},"end":{"line":2,"column":40}},"1":{"start":{"line":3,"column":0},"end":{"line":3,"column":48}},"2":{"start":{"line":6,"column":0},"end":{"line":6,"column":59}},"3":{"start":{"line":7,"column":0},"end":{"line":7,"column":59}},"4":{"start":{"line":8,"column":0},"end":{"line":8,"column":74}},"5":{"start":{"line":11,"column":0},"end":{"line":11,"column":64}},"6":{"start":{"line":12,"column":0},"end":{"line":12,"column":64}},"7":{"start":{"line":13,"column":0},"end":{"line":13,"column":79}},"8":{"start":{"line":16,"column":0},"end":{"line":16,"column":51}},"9":{"start":{"line":17,"column":0},"end":{"line":17,"column":45}},"10":{"start":{"line":20,"column":0},"end":{"line":20,"column":61}},"11":{"start":{"line":21,"column":0},"end":{"line":21,"column":63}},"12":{"start":{"line":22,"column":0},"end":{"line":22,"column":58}},"13":{"start":{"line":42,"column":7},"end":{"line":42,"column":null}},"14":{"start":{"line":42,"column":13},"end":{"line":42,"column":null}},"15":{"start":{"line":42,"column":13},"end":{"line":42,"column":23}}},"fnMap":{},"branchMap":{},"s":{"0":0,"1":0,"2":0,"3":0,"4":0,"5":0,"6":0,"7":0,"8":0,"9":0,"10":0,"11":0,"12":0,"13":0,"14":0,"15":0},"f":{},"b":{}}
,"B:\\Work\\interexy-shop\\server\\src\\app\\auth\\auth.service.ts": {"path":"B:\\Work\\interexy-shop\\server\\src\\app\\auth\\auth.service.ts","statementMap":{"0":{"start":{"line":2,"column":0},"end":{"line":2,"column":71}},"1":{"start":{"line":5,"column":0},"end":{"line":5,"column":43}},"2":{"start":{"line":13,"column":0},"end":{"line":13,"column":64}},"3":{"start":{"line":14,"column":0},"end":{"line":14,"column":64}},"4":{"start":{"line":15,"column":0},"end":{"line":15,"column":79}},"5":{"start":{"line":18,"column":0},"end":{"line":18,"column":63}},"6":{"start":{"line":21,"column":0},"end":{"line":21,"column":63}},"7":{"start":{"line":22,"column":0},"end":{"line":22,"column":63}},"8":{"start":{"line":25,"column":7},"end":{"line":83,"column":null}},"9":{"start":{"line":27,"column":21},"end":{"line":27,"column":37}},"10":{"start":{"line":28,"column":21},"end":{"line":28,"column":37}},"11":{"start":{"line":29,"column":21},"end":{"line":29,"column":38}},"12":{"start":{"line":30,"column":21},"end":{"line":30,"column":44}},"13":{"start":{"line":31,"column":21},"end":{"line":31,"column":37}},"14":{"start":{"line":35,"column":23},"end":{"line":35,"column":74}},"15":{"start":{"line":37,"column":4},"end":{"line":38,"column":68}},"16":{"start":{"line":38,"column":6},"end":{"line":38,"column":68}},"17":{"start":{"line":40,"column":17},"end":{"line":40,"column":72}},"18":{"start":{"line":41,"column":20},"end":{"line":42,"column":null}},"19":{"start":{"line":45,"column":25},"end":{"line":45,"column":56}},"20":{"start":{"line":46,"column":20},"end":{"line":50,"column":null}},"21":{"start":{"line":53,"column":17},"end":{"line":53,"column":62}},"22":{"start":{"line":55,"column":4},"end":{"line":55,"column":24}},"23":{"start":{"line":56,"column":4},"end":{"line":56,"column":null}},"24":{"start":{"line":58,"column":4},"end":{"line":58,"column":null}},"25":{"start":{"line":59,"column":25},"end":{"line":59,"column":72}},"26":{"start":{"line":60,"column":4},"end":{"line":60,"column":24}},"27":{"start":{"line":64,"column":23},"end":{"line":64,"column":74}},"28":{"start":{"line":66,"column":4},"end":{"line":68,"column":null}},"29":{"start":{"line":67,"column":6},"end":{"line":67,"column":72}},"30":{"start":{"line":70,"column":17},"end":{"line":70,"column":69}},"31":{"start":{"line":71,"column":4},"end":{"line":71,"column":27}},"32":{"start":{"line":73,"column":30},"end":{"line":73,"column":78}},"33":{"start":{"line":75,"column":4},"end":{"line":79,"column":8}},"34":{"start":{"line":76,"column":6},"end":{"line":79,"column":8}},"35":{"start":{"line":80,"column":25},"end":{"line":80,"column":75}},"36":{"start":{"line":81,"column":4},"end":{"line":81,"column":24}},"37":{"start":{"line":25,"column":13},"end":{"line":83,"column":null}},"38":{"start":{"line":25,"column":13},"end":{"line":25,"column":24}}},"fnMap":{"0":{"name":"(anonymous_2)","decl":{"start":{"line":26,"column":2},"end":{"line":26,"column":null}},"loc":{"start":{"line":31,"column":51},"end":{"line":32,"column":6}}},"1":{"name":"(anonymous_3)","decl":{"start":{"line":34,"column":2},"end":{"line":34,"column":7}},"loc":{"start":{"line":34,"column":33},"end":{"line":61,"column":3}}},"2":{"name":"(anonymous_4)","decl":{"start":{"line":63,"column":2},"end":{"line":63,"column":7}},"loc":{"start":{"line":63,"column":33},"end":{"line":82,"column":3}}}},"branchMap":{"0":{"loc":{"start":{"line":37,"column":4},"end":{"line":38,"column":68}},"type":"if","locations":[{"start":{"line":37,"column":4},"end":{"line":38,"column":68}}]},"1":{"loc":{"start":{"line":66,"column":4},"end":{"line":68,"column":null}},"type":"if","locations":[{"start":{"line":66,"column":4},"end":{"line":68,"column":null}}]},"2":{"loc":{"start":{"line":75,"column":4},"end":{"line":79,"column":8}},"type":"if","locations":[{"start":{"line":75,"column":4},"end":{"line":79,"column":8}}]}},"s":{"0":0,"1":0,"2":0,"3":0,"4":0,"5":0,"6":0,"7":0,"8":0,"9":0,"10":0,"11":0,"12":0,"13":0,"14":0,"15":0,"16":0,"17":0,"18":0,"19":0,"20":0,"21":0,"22":0,"23":0,"24":0,"25":0,"26":0,"27":0,"28":0,"29":0,"30":0,"31":0,"32":0,"33":0,"34":0,"35":0,"36":0,"37":0,"38":0},"f":{"0":0,"1":0,"2":0},"b":{"0":[0],"1":[0],"2":[0]}}
,"B:\\Work\\interexy-shop\\server\\src\\app\\auth\\dtos\\user-sign-in.dto.ts": {"path":"B:\\Work\\interexy-shop\\server\\src\\app\\auth\\dtos\\user-sign-in.dto.ts","statementMap":{"0":{"start":{"line":1,"column":0},"end":{"line":1,"column":46}},"1":{"start":{"line":2,"column":0},"end":{"line":2,"column":62}},"2":{"start":{"line":3,"column":0},"end":{"line":3,"column":68}},"3":{"start":{"line":19,"column":15},"end":{"line":19,"column":34}},"4":{"start":{"line":20,"column":4},"end":{"line":20,"column":25}},"5":{"start":{"line":21,"column":4},"end":{"line":21,"column":31}},"6":{"start":{"line":22,"column":4},"end":{"line":22,"column":14}},"7":{"start":{"line":26,"column":19},"end":{"line":26,"column":38}},"8":{"start":{"line":27,"column":4},"end":{"line":29,"column":null}},"9":{"start":{"line":28,"column":6},"end":{"line":28,"column":20}},"10":{"start":{"line":31,"column":4},"end":{"line":31,"column":16}},"11":{"start":{"line":6,"column":2},"end":{"line":10,"column":null}},"12":{"start":{"line":12,"column":2},"end":{"line":16,"column":null}},"13":{"start":{"line":5,"column":0},"end":{"line":5,"column":13}}},"fnMap":{"0":{"name":"(anonymous_2)","decl":{"start":{"line":18,"column":2},"end":{"line":18,"column":8}},"loc":{"start":{"line":18,"column":32},"end":{"line":23,"column":3}}},"1":{"name":"(anonymous_3)","decl":{"start":{"line":25,"column":2},"end":{"line":25,"column":8}},"loc":{"start":{"line":25,"column":42},"end":{"line":32,"column":3}}}},"branchMap":{"0":{"loc":{"start":{"line":27,"column":4},"end":{"line":29,"column":null}},"type":"if","locations":[{"start":{"line":27,"column":4},"end":{"line":29,"column":null}}]},"1":{"loc":{"start":{"line":27,"column":8},"end":{"line":27,"column":22}},"type":"cond-expr","locations":[{"start":{"line":27,"column":14},"end":{"line":27,"column":16}},{"start":{"line":27,"column":8},"end":{"line":27,"column":22}}]},"2":{"loc":{"start":{"line":27,"column":8},"end":{"line":27,"column":16}},"type":"binary-expr","locations":[{"start":{"line":27,"column":8},"end":{"line":27,"column":16}},{"start":{"line":27,"column":8},"end":{"line":27,"column":16}}]}},"s":{"0":0,"1":0,"2":0,"3":0,"4":0,"5":0,"6":0,"7":0,"8":0,"9":0,"10":0,"11":0,"12":0,"13":0},"f":{"0":0,"1":0},"b":{"0":[0],"1":[0,0],"2":[0,0]}}
,"B:\\Work\\interexy-shop\\server\\src\\app\\auth\\dtos\\user-sign-up.dto.ts": {"path":"B:\\Work\\interexy-shop\\server\\src\\app\\auth\\dtos\\user-sign-up.dto.ts","statementMap":{"0":{"start":{"line":1,"column":0},"end":{"line":1,"column":null}},"1":{"start":{"line":14,"column":0},"end":{"line":14,"column":46}},"2":{"start":{"line":17,"column":2},"end":{"line":23,"column":null}},"3":{"start":{"line":25,"column":2},"end":{"line":31,"column":null}},"4":{"start":{"line":33,"column":2},"end":{"line":39,"column":null}},"5":{"start":{"line":16,"column":0},"end":{"line":16,"column":13}}},"fnMap":{},"branchMap":{},"s":{"0":0,"1":0,"2":0,"3":0,"4":0,"5":0},"f":{},"b":{}}
,"B:\\Work\\interexy-shop\\server\\src\\app\\cart\\cart.controller.ts": {"path":"B:\\Work\\interexy-shop\\server\\src\\app\\cart\\cart.controller.ts","statementMap":{"0":{"start":{"line":1,"column":0},"end":{"line":1,"column":null}},"1":{"start":{"line":13,"column":0},"end":{"line":13,"column":69}},"2":{"start":{"line":16,"column":0},"end":{"line":16,"column":51}},"3":{"start":{"line":17,"column":0},"end":{"line":17,"column":52}},"4":{"start":{"line":20,"column":0},"end":{"line":20,"column":64}},"5":{"start":{"line":21,"column":0},"end":{"line":21,"column":57}},"6":{"start":{"line":24,"column":0},"end":{"line":24,"column":58}},"7":{"start":{"line":27,"column":0},"end":{"line":27,"column":73}},"8":{"start":{"line":30,"column":0},"end":{"line":30,"column":45}},"9":{"start":{"line":33,"column":0},"end":{"line":33,"column":95}},"10":{"start":{"line":37,"column":7},"end":{"line":129,"column":null}},"11":{"start":{"line":38,"column":31},"end":{"line":38,"column":44}},"12":{"start":{"line":51,"column":17},"end":{"line":51,"column":57}},"13":{"start":{"line":53,"column":4},"end":{"line":53,"column":43}},"14":{"start":{"line":70,"column":17},"end":{"line":70,"column":70}},"15":{"start":{"line":72,"column":4},"end":{"line":72,"column":43}},"16":{"start":{"line":89,"column":17},"end":{"line":89,"column":73}},"17":{"start":{"line":91,"column":8},"end":{"line":91,"column":47}},"18":{"start":{"line":106,"column":21},"end":{"line":106,"column":59}},"19":{"start":{"line":108,"column":8},"end":{"line":108,"column":47}},"20":{"start":{"line":125,"column":17},"end":{"line":125,"column":71}},"21":{"start":{"line":127,"column":4},"end":{"line":127,"column":43}},"22":{"start":{"line":50,"column":8},"end":{"line":54,"column":null}},"23":{"start":{"line":66,"column":8},"end":{"line":73,"column":null}},"24":{"start":{"line":85,"column":8},"end":{"line":92,"column":null}},"25":{"start":{"line":105,"column":10},"end":{"line":109,"column":null}},"26":{"start":{"line":121,"column":8},"end":{"line":128,"column":null}},"27":{"start":{"line":37,"column":13},"end":{"line":129,"column":null}},"28":{"start":{"line":37,"column":13},"end":{"line":37,"column":27}}},"fnMap":{"0":{"name":"(anonymous_4)","decl":{"start":{"line":38,"column":2},"end":{"line":38,"column":31}},"loc":{"start":{"line":38,"column":55},"end":{"line":38,"column":59}}},"1":{"name":"(anonymous_5)","decl":{"start":{"line":50,"column":2},"end":{"line":50,"column":7}},"loc":{"start":{"line":50,"column":44},"end":{"line":54,"column":3}}},"2":{"name":"(anonymous_6)","decl":{"start":{"line":66,"column":2},"end":{"line":66,"column":7}},"loc":{"start":{"line":68,"column":36},"end":{"line":73,"column":3}}},"3":{"name":"(anonymous_7)","decl":{"start":{"line":85,"column":2},"end":{"line":85,"column":7}},"loc":{"start":{"line":87,"column":36},"end":{"line":92,"column":5}}},"4":{"name":"(anonymous_8)","decl":{"start":{"line":105,"column":4},"end":{"line":105,"column":9}},"loc":{"start":{"line":105,"column":48},"end":{"line":109,"column":5}}},"5":{"name":"(anonymous_9)","decl":{"start":{"line":121,"column":2},"end":{"line":121,"column":7}},"loc":{"start":{"line":123,"column":41},"end":{"line":128,"column":3}}}},"branchMap":{},"s":{"0":0,"1":0,"2":0,"3":0,"4":0,"5":0,"6":0,"7":0,"8":0,"9":0,"10":0,"11":0,"12":0,"13":0,"14":0,"15":0,"16":0,"17":0,"18":0,"19":0,"20":0,"21":0,"22":0,"23":0,"24":0,"25":0,"26":0,"27":0,"28":0},"f":{"0":0,"1":0,"2":0,"3":0,"4":0,"5":0},"b":{}}
,"B:\\Work\\interexy-shop\\server\\src\\app\\cart\\cart.module.ts": {"path":"B:\\Work\\interexy-shop\\server\\src\\app\\cart\\cart.module.ts","statementMap":{"0":{"start":{"line":1,"column":0},"end":{"line":1,"column":40}},"1":{"start":{"line":2,"column":0},"end":{"line":2,"column":48}},"2":{"start":{"line":5,"column":0},"end":{"line":5,"column":68}},"3":{"start":{"line":8,"column":0},"end":{"line":8,"column":51}},"4":{"start":{"line":9,"column":0},"end":{"line":9,"column":45}},"5":{"start":{"line":12,"column":0},"end":{"line":12,"column":61}},"6":{"start":{"line":13,"column":0},"end":{"line":13,"column":52}},"7":{"start":{"line":14,"column":0},"end":{"line":14,"column":59}},"8":{"start":{"line":15,"column":0},"end":{"line":15,"column":68}},"9":{"start":{"line":16,"column":0},"end":{"line":16,"column":68}},"10":{"start":{"line":19,"column":0},"end":{"line":19,"column":57}},"11":{"start":{"line":20,"column":0},"end":{"line":20,"column":66}},"12":{"start":{"line":21,"column":0},"end":{"line":21,"column":64}},"13":{"start":{"line":22,"column":0},"end":{"line":22,"column":75}},"14":{"start":{"line":23,"column":0},"end":{"line":23,"column":73}},"15":{"start":{"line":47,"column":7},"end":{"line":47,"column":null}},"16":{"start":{"line":47,"column":13},"end":{"line":47,"column":null}},"17":{"start":{"line":47,"column":13},"end":{"line":47,"column":23}}},"fnMap":{},"branchMap":{},"s":{"0":0,"1":0,"2":0,"3":0,"4":0,"5":0,"6":0,"7":0,"8":0,"9":0,"10":0,"11":0,"12":0,"13":0,"14":0,"15":0,"16":0,"17":0},"f":{},"b":{}}
,"B:\\Work\\interexy-shop\\server\\src\\app\\cart\\cart.service.ts": {"path":"B:\\Work\\interexy-shop\\server\\src\\app\\cart\\cart.service.ts","statementMap":{"0":{"start":{"line":1,"column":0},"end":{"line":1,"column":71}},"1":{"start":{"line":5,"column":0},"end":{"line":5,"column":61}},"2":{"start":{"line":8,"column":0},"end":{"line":8,"column":57}},"3":{"start":{"line":9,"column":0},"end":{"line":9,"column":64}},"4":{"start":{"line":10,"column":0},"end":{"line":10,"column":75}},"5":{"start":{"line":11,"column":0},"end":{"line":11,"column":66}},"6":{"start":{"line":18,"column":7},"end":{"line":161,"column":null}},"7":{"start":{"line":20,"column":25},"end":{"line":20,"column":41}},"8":{"start":{"line":21,"column":25},"end":{"line":21,"column":45}},"9":{"start":{"line":22,"column":25},"end":{"line":22,"column":41}},"10":{"start":{"line":23,"column":25},"end":{"line":23,"column":45}},"11":{"start":{"line":30,"column":21},"end":{"line":30,"column":49}},"12":{"start":{"line":31,"column":21},"end":{"line":31,"column":65}},"13":{"start":{"line":33,"column":32},"end":{"line":34,"column":null}},"14":{"start":{"line":34,"column":22},"end":{"line":34,"column":63}},"15":{"start":{"line":37,"column":8},"end":{"line":42,"column":null}},"16":{"start":{"line":38,"column":12},"end":{"line":41,"column":14}},"17":{"start":{"line":43,"column":8},"end":{"line":43,"column":43}},"18":{"start":{"line":45,"column":8},"end":{"line":45,"column":56}},"19":{"start":{"line":52,"column":21},"end":{"line":52,"column":49}},"20":{"start":{"line":54,"column":21},"end":{"line":55,"column":null}},"21":{"start":{"line":55,"column":22},"end":{"line":55,"column":63}},"22":{"start":{"line":58,"column":8},"end":{"line":63,"column":null}},"23":{"start":{"line":59,"column":12},"end":{"line":62,"column":14}},"24":{"start":{"line":65,"column":8},"end":{"line":65,"column":45}},"25":{"start":{"line":67,"column":8},"end":{"line":67,"column":57}},"26":{"start":{"line":68,"column":8},"end":{"line":68,"column":56}},"27":{"start":{"line":75,"column":21},"end":{"line":75,"column":49}},"28":{"start":{"line":77,"column":28},"end":{"line":79,"column":10}},"29":{"start":{"line":78,"column":12},"end":{"line":78,"column":49}},"30":{"start":{"line":80,"column":8},"end":{"line":85,"column":null}},"31":{"start":{"line":81,"column":12},"end":{"line":84,"column":14}},"32":{"start":{"line":87,"column":22},"end":{"line":88,"column":null}},"33":{"start":{"line":88,"column":22},"end":{"line":88,"column":51}},"34":{"start":{"line":91,"column":8},"end":{"line":91,"column":69}},"35":{"start":{"line":93,"column":8},"end":{"line":93,"column":27}},"36":{"start":{"line":95,"column":8},"end":{"line":95,"column":56}},"37":{"start":{"line":99,"column":21},"end":{"line":99,"column":49}},"38":{"start":{"line":101,"column":24},"end":{"line":101,"column":57}},"39":{"start":{"line":101,"column":49},"end":{"line":101,"column":56}},"40":{"start":{"line":102,"column":8},"end":{"line":102,"column":63}},"41":{"start":{"line":104,"column":8},"end":{"line":104,"column":24}},"42":{"start":{"line":106,"column":8},"end":{"line":106,"column":56}},"43":{"start":{"line":110,"column":27},"end":{"line":110,"column":69}},"44":{"start":{"line":112,"column":8},"end":{"line":117,"column":null}},"45":{"start":{"line":113,"column":12},"end":{"line":116,"column":14}},"46":{"start":{"line":119,"column":8},"end":{"line":123,"column":null}},"47":{"start":{"line":120,"column":25},"end":{"line":120,"column":73}},"48":{"start":{"line":121,"column":12},"end":{"line":121,"column":35}},"49":{"start":{"line":122,"column":12},"end":{"line":122,"column":55}},"50":{"start":{"line":125,"column":8},"end":{"line":127,"column":10}},"51":{"start":{"line":134,"column":24},"end":{"line":135,"column":null}},"52":{"start":{"line":138,"column":8},"end":{"line":143,"column":null}},"53":{"start":{"line":139,"column":12},"end":{"line":142,"column":14}},"54":{"start":{"line":145,"column":8},"end":{"line":150,"column":null}},"55":{"start":{"line":146,"column":12},"end":{"line":149,"column":14}},"56":{"start":{"line":152,"column":21},"end":{"line":152,"column":41}},"57":{"start":{"line":153,"column":8},"end":{"line":153,"column":34}},"58":{"start":{"line":154,"column":8},"end":{"line":154,"column":45}},"59":{"start":{"line":155,"column":8},"end":{"line":155,"column":25}},"60":{"start":{"line":156,"column":8},"end":{"line":156,"column":45}},"61":{"start":{"line":157,"column":8},"end":{"line":157,"column":37}},"62":{"start":{"line":159,"column":8},"end":{"line":159,"column":64}},"63":{"start":{"line":18,"column":13},"end":{"line":161,"column":null}},"64":{"start":{"line":18,"column":13},"end":{"line":18,"column":24}}},"fnMap":{"0":{"name":"(anonymous_2)","decl":{"start":{"line":19,"column":4},"end":{"line":19,"column":null}},"loc":{"start":{"line":23,"column":63},"end":{"line":24,"column":8}}},"1":{"name":"(anonymous_3)","decl":{"start":{"line":26,"column":4},"end":{"line":26,"column":9}},"loc":{"start":{"line":28,"column":32},"end":{"line":46,"column":5}}},"2":{"name":"(anonymous_4)","decl":{"start":{"line":34,"column":12},"end":{"line":34,"column":13}},"loc":{"start":{"line":34,"column":22},"end":{"line":34,"column":63}}},"3":{"name":"(anonymous_5)","decl":{"start":{"line":48,"column":4},"end":{"line":48,"column":9}},"loc":{"start":{"line":50,"column":32},"end":{"line":69,"column":5}}},"4":{"name":"(anonymous_6)","decl":{"start":{"line":55,"column":12},"end":{"line":55,"column":13}},"loc":{"start":{"line":55,"column":22},"end":{"line":55,"column":63}}},"5":{"name":"(anonymous_7)","decl":{"start":{"line":71,"column":4},"end":{"line":71,"column":9}},"loc":{"start":{"line":73,"column":25},"end":{"line":96,"column":5}}},"6":{"name":"(anonymous_8)","decl":{"start":{"line":77,"column":44},"end":{"line":77,"column":45}},"loc":{"start":{"line":77,"column":53},"end":{"line":79,"column":9}}},"7":{"name":"(anonymous_9)","decl":{"start":{"line":88,"column":12},"end":{"line":88,"column":13}},"loc":{"start":{"line":88,"column":22},"end":{"line":88,"column":51}}},"8":{"name":"(anonymous_10)","decl":{"start":{"line":98,"column":4},"end":{"line":98,"column":9}},"loc":{"start":{"line":98,"column":40},"end":{"line":107,"column":5}}},"9":{"name":"(anonymous_11)","decl":{"start":{"line":101,"column":39},"end":{"line":101,"column":40}},"loc":{"start":{"line":101,"column":49},"end":{"line":101,"column":56}}},"10":{"name":"(anonymous_12)","decl":{"start":{"line":109,"column":4},"end":{"line":109,"column":9}},"loc":{"start":{"line":109,"column":42},"end":{"line":128,"column":5}}},"11":{"name":"(anonymous_13)","decl":{"start":{"line":130,"column":4},"end":{"line":130,"column":9}},"loc":{"start":{"line":132,"column":32},"end":{"line":160,"column":5}}}},"branchMap":{"0":{"loc":{"start":{"line":37,"column":8},"end":{"line":42,"column":null}},"type":"if","locations":[{"start":{"line":37,"column":8},"end":{"line":42,"column":null}}]},"1":{"loc":{"start":{"line":58,"column":8},"end":{"line":63,"column":null}},"type":"if","locations":[{"start":{"line":58,"column":8},"end":{"line":63,"column":null}}]},"2":{"loc":{"start":{"line":80,"column":8},"end":{"line":85,"column":null}},"type":"if","locations":[{"start":{"line":80,"column":8},"end":{"line":85,"column":null}}]},"3":{"loc":{"start":{"line":112,"column":8},"end":{"line":117,"column":null}},"type":"if","locations":[{"start":{"line":112,"column":8},"end":{"line":117,"column":null}}]},"4":{"loc":{"start":{"line":119,"column":8},"end":{"line":123,"column":null}},"type":"if","locations":[{"start":{"line":119,"column":8},"end":{"line":123,"column":null}}]},"5":{"loc":{"start":{"line":138,"column":8},"end":{"line":143,"column":null}},"type":"if","locations":[{"start":{"line":138,"column":8},"end":{"line":143,"column":null}}]},"6":{"loc":{"start":{"line":145,"column":8},"end":{"line":150,"column":null}},"type":"if","locations":[{"start":{"line":145,"column":8},"end":{"line":150,"column":null}}]}},"s":{"0":0,"1":0,"2":0,"3":0,"4":0,"5":0,"6":0,"7":0,"8":0,"9":0,"10":0,"11":0,"12":0,"13":0,"14":0,"15":0,"16":0,"17":0,"18":0,"19":0,"20":0,"21":0,"22":0,"23":0,"24":0,"25":0,"26":0,"27":0,"28":0,"29":0,"30":0,"31":0,"32":0,"33":0,"34":0,"35":0,"36":0,"37":0,"38":0,"39":0,"40":0,"41":0,"42":0,"43":0,"44":0,"45":0,"46":0,"47":0,"48":0,"49":0,"50":0,"51":0,"52":0,"53":0,"54":0,"55":0,"56":0,"57":0,"58":0,"59":0,"60":0,"61":0,"62":0,"63":0,"64":0},"f":{"0":0,"1":0,"2":0,"3":0,"4":0,"5":0,"6":0,"7":0,"8":0,"9":0,"10":0,"11":0},"b":{"0":[0],"1":[0],"2":[0],"3":[0],"4":[0],"5":[0],"6":[0]}}
,"B:\\Work\\interexy-shop\\server\\src\\app\\cart\\dtos\\cart-item.dto.ts": {"path":"B:\\Work\\interexy-shop\\server\\src\\app\\cart\\dtos\\cart-item.dto.ts","statementMap":{"0":{"start":{"line":1,"column":0},"end":{"line":1,"column":null}},"1":{"start":{"line":8,"column":0},"end":{"line":8,"column":46}},"2":{"start":{"line":11,"column":4},"end":{"line":17,"column":null}},"3":{"start":{"line":19,"column":4},"end":{"line":27,"column":null}},"4":{"start":{"line":10,"column":0},"end":{"line":10,"column":13}}},"fnMap":{},"branchMap":{},"s":{"0":1,"1":1,"2":1,"3":1,"4":1},"f":{},"b":{}}
,"B:\\Work\\interexy-shop\\server\\src\\app\\cart\\dtos\\cart-session.dto.ts": {"path":"B:\\Work\\interexy-shop\\server\\src\\app\\cart\\dtos\\cart-session.dto.ts","statementMap":{"0":{"start":{"line":1,"column":0},"end":{"line":1,"column":46}},"1":{"start":{"line":2,"column":0},"end":{"line":2,"column":41}},"2":{"start":{"line":3,"column":0},"end":{"line":3,"column":70}},"3":{"start":{"line":6,"column":0},"end":{"line":6,"column":56}},"4":{"start":{"line":7,"column":0},"end":{"line":7,"column":46}},"5":{"start":{"line":25,"column":20},"end":{"line":25,"column":40}},"6":{"start":{"line":27,"column":8},"end":{"line":27,"column":25}},"7":{"start":{"line":28,"column":8},"end":{"line":28,"column":45}},"8":{"start":{"line":29,"column":8},"end":{"line":29,"column":45}},"9":{"start":{"line":30,"column":8},"end":{"line":33,"column":12}},"10":{"start":{"line":30,"column":46},"end":{"line":33,"column":10}},"11":{"start":{"line":35,"column":8},"end":{"line":35,"column":19}},"12":{"start":{"line":13,"column":4},"end":{"line":22,"column":null}},"13":{"start":{"line":21,"column":16},"end":{"line":21,"column":27}},"14":{"start":{"line":12,"column":0},"end":{"line":12,"column":13}}},"fnMap":{"0":{"name":"(anonymous_2)","decl":{"start":{"line":24,"column":11},"end":{"line":24,"column":17}},"loc":{"start":{"line":24,"column":45},"end":{"line":36,"column":5}}},"1":{"name":"(anonymous_3)","decl":{"start":{"line":30,"column":35},"end":{"line":30,"column":36}},"loc":{"start":{"line":30,"column":46},"end":{"line":33,"column":10}}},"2":{"name":"(anonymous_4)","decl":{"start":{"line":21,"column":10},"end":{"line":21,"column":13}},"loc":{"start":{"line":21,"column":16},"end":{"line":21,"column":27}}}},"branchMap":{},"s":{"0":1,"1":1,"2":1,"3":1,"4":1,"5":0,"6":0,"7":0,"8":0,"9":0,"10":0,"11":0,"12":1,"13":0,"14":1},"f":{"0":0,"1":0,"2":0},"b":{}}
,"B:\\Work\\interexy-shop\\server\\src\\app\\cart\\entities\\cart-item.entity.ts": {"path":"B:\\Work\\interexy-shop\\server\\src\\app\\cart\\entities\\cart-item.entity.ts","statementMap":{"0":{"start":{"line":1,"column":0},"end":{"line":1,"column":71}},"1":{"start":{"line":4,"column":0},"end":{"line":4,"column":66}},"2":{"start":{"line":5,"column":0},"end":{"line":5,"column":43}},"3":{"start":{"line":8,"column":7},"end":{"line":22,"column":null}},"4":{"start":{"line":9,"column":4},"end":{"line":11,"column":null}},"5":{"start":{"line":13,"column":4},"end":{"line":14,"column":null}},"6":{"start":{"line":16,"column":4},"end":{"line":17,"column":null}},"7":{"start":{"line":19,"column":4},"end":{"line":21,"column":null}},"8":{"start":{"line":19,"column":21},"end":{"line":19,"column":31}},"9":{"start":{"line":19,"column":43},"end":{"line":19,"column":53}},"10":{"start":{"line":8,"column":13},"end":{"line":22,"column":null}},"11":{"start":{"line":8,"column":13},"end":{"line":8,"column":27}}},"fnMap":{"0":{"name":"(anonymous_2)","decl":{"start":{"line":19,"column":15},"end":{"line":19,"column":18}},"loc":{"start":{"line":19,"column":21},"end":{"line":19,"column":31}}},"1":{"name":"(anonymous_3)","decl":{"start":{"line":19,"column":33},"end":{"line":19,"column":34}},"loc":{"start":{"line":19,"column":43},"end":{"line":19,"column":53}}}},"branchMap":{},"s":{"0":6,"1":6,"2":6,"3":6,"4":6,"5":6,"6":6,"7":6,"8":0,"9":0,"10":6,"11":6},"f":{"0":0,"1":0},"b":{}}
,"B:\\Work\\interexy-shop\\server\\src\\app\\cart\\entities\\cart.entity.ts": {"path":"B:\\Work\\interexy-shop\\server\\src\\app\\cart\\entities\\cart.entity.ts","statementMap":{"0":{"start":{"line":1,"column":0},"end":{"line":1,"column":null}},"1":{"start":{"line":11,"column":0},"end":{"line":11,"column":66}},"2":{"start":{"line":12,"column":0},"end":{"line":12,"column":69}},"3":{"start":{"line":13,"column":0},"end":{"line":13,"column":52}},"4":{"start":{"line":16,"column":7},"end":{"line":27,"column":null}},"5":{"start":{"line":17,"column":4},"end":{"line":19,"column":null}},"6":{"start":{"line":21,"column":4},"end":{"line":23,"column":null}},"7":{"start":{"line":21,"column":20},"end":{"line":21,"column":30}},"8":{"start":{"line":21,"column":42},"end":{"line":21,"column":51}},"9":{"start":{"line":25,"column":4},"end":{"line":26,"column":null}},"10":{"start":{"line":25,"column":21},"end":{"line":25,"column":35}},"11":{"start":{"line":25,"column":47},"end":{"line":25,"column":56}},"12":{"start":{"line":16,"column":13},"end":{"line":27,"column":null}},"13":{"start":{"line":16,"column":13},"end":{"line":16,"column":23}}},"fnMap":{"0":{"name":"(anonymous_2)","decl":{"start":{"line":21,"column":14},"end":{"line":21,"column":17}},"loc":{"start":{"line":21,"column":20},"end":{"line":21,"column":30}}},"1":{"name":"(anonymous_3)","decl":{"start":{"line":21,"column":32},"end":{"line":21,"column":33}},"loc":{"start":{"line":21,"column":42},"end":{"line":21,"column":51}}},"2":{"name":"(anonymous_4)","decl":{"start":{"line":25,"column":15},"end":{"line":25,"column":18}},"loc":{"start":{"line":25,"column":21},"end":{"line":25,"column":35}}},"3":{"name":"(anonymous_5)","decl":{"start":{"line":25,"column":37},"end":{"line":25,"column":38}},"loc":{"start":{"line":25,"column":47},"end":{"line":25,"column":56}}}},"branchMap":{},"s":{"0":6,"1":6,"2":6,"3":6,"4":6,"5":6,"6":6,"7":0,"8":0,"9":6,"10":0,"11":0,"12":6,"13":6},"f":{"0":0,"1":0,"2":0,"3":0},"b":{}}
,"B:\\Work\\interexy-shop\\server\\src\\app\\cart\\repos\\cart-item.repository.ts": {"path":"B:\\Work\\interexy-shop\\server\\src\\app\\cart\\repos\\cart-item.repository.ts","statementMap":{"0":{"start":{"line":1,"column":0},"end":{"line":1,"column":44}},"1":{"start":{"line":2,"column":0},"end":{"line":2,"column":51}},"2":{"start":{"line":3,"column":0},"end":{"line":3,"column":37}},"3":{"start":{"line":6,"column":0},"end":{"line":6,"column":62}},"4":{"start":{"line":9,"column":7},"end":{"line":28,"column":null}},"5":{"start":{"line":12,"column":25},"end":{"line":12,"column":45}},"6":{"start":{"line":16,"column":8},"end":{"line":16,"column":38}},"7":{"start":{"line":18,"column":8},"end":{"line":18,"column":60}},"8":{"start":{"line":22,"column":8},"end":{"line":22,"column":56}},"9":{"start":{"line":26,"column":8},"end":{"line":26,"column":57}},"10":{"start":{"line":9,"column":13},"end":{"line":28,"column":null}},"11":{"start":{"line":9,"column":13},"end":{"line":9,"column":31}}},"fnMap":{"0":{"name":"(anonymous_4)","decl":{"start":{"line":10,"column":4},"end":{"line":10,"column":null}},"loc":{"start":{"line":12,"column":71},"end":{"line":13,"column":8}}},"1":{"name":"(anonymous_5)","decl":{"start":{"line":15,"column":4},"end":{"line":15,"column":9}},"loc":{"start":{"line":15,"column":47},"end":{"line":19,"column":5}}},"2":{"name":"(anonymous_6)","decl":{"start":{"line":21,"column":4},"end":{"line":21,"column":9}},"loc":{"start":{"line":21,"column":35},"end":{"line":23,"column":5}}},"3":{"name":"(anonymous_7)","decl":{"start":{"line":25,"column":4},"end":{"line":25,"column":9}},"loc":{"start":{"line":25,"column":39},"end":{"line":27,"column":5}}}},"branchMap":{},"s":{"0":0,"1":0,"2":0,"3":0,"4":0,"5":0,"6":0,"7":0,"8":0,"9":0,"10":0,"11":0},"f":{"0":0,"1":0,"2":0,"3":0},"b":{}}
,"B:\\Work\\interexy-shop\\server\\src\\app\\cart\\repos\\cart.repository.ts": {"path":"B:\\Work\\interexy-shop\\server\\src\\app\\cart\\repos\\cart.repository.ts","statementMap":{"0":{"start":{"line":1,"column":0},"end":{"line":1,"column":44}},"1":{"start":{"line":2,"column":0},"end":{"line":2,"column":51}},"2":{"start":{"line":3,"column":0},"end":{"line":3,"column":37}},"3":{"start":{"line":6,"column":0},"end":{"line":6,"column":53}},"4":{"start":{"line":10,"column":7},"end":{"line":57,"column":null}},"5":{"start":{"line":13,"column":25},"end":{"line":13,"column":41}},"6":{"start":{"line":17,"column":8},"end":{"line":17,"column":34}},"7":{"start":{"line":18,"column":8},"end":{"line":18,"column":52}},"8":{"start":{"line":22,"column":24},"end":{"line":22,"column":40}},"9":{"start":{"line":23,"column":8},"end":{"line":23,"column":37}},"10":{"start":{"line":24,"column":8},"end":{"line":24,"column":28}},"11":{"start":{"line":25,"column":8},"end":{"line":25,"column":27}},"12":{"start":{"line":26,"column":8},"end":{"line":26,"column":44}},"13":{"start":{"line":30,"column":8},"end":{"line":30,"column":72}},"14":{"start":{"line":34,"column":8},"end":{"line":37,"column":11}},"15":{"start":{"line":41,"column":22},"end":{"line":53,"column":22}},"16":{"start":{"line":55,"column":8},"end":{"line":55,"column":21}},"17":{"start":{"line":10,"column":13},"end":{"line":57,"column":null}},"18":{"start":{"line":10,"column":13},"end":{"line":10,"column":27}}},"fnMap":{"0":{"name":"(anonymous_4)","decl":{"start":{"line":11,"column":4},"end":{"line":11,"column":null}},"loc":{"start":{"line":13,"column":63},"end":{"line":14,"column":8}}},"1":{"name":"(anonymous_5)","decl":{"start":{"line":16,"column":4},"end":{"line":16,"column":9}},"loc":{"start":{"line":16,"column":35},"end":{"line":19,"column":5}}},"2":{"name":"(anonymous_6)","decl":{"start":{"line":21,"column":4},"end":{"line":21,"column":9}},"loc":{"start":{"line":21,"column":37},"end":{"line":27,"column":5}}},"3":{"name":"(anonymous_7)","decl":{"start":{"line":29,"column":4},"end":{"line":29,"column":9}},"loc":{"start":{"line":29,"column":40},"end":{"line":31,"column":5}}},"4":{"name":"(anonymous_8)","decl":{"start":{"line":33,"column":4},"end":{"line":33,"column":9}},"loc":{"start":{"line":33,"column":41},"end":{"line":38,"column":5}}},"5":{"name":"(anonymous_9)","decl":{"start":{"line":40,"column":4},"end":{"line":40,"column":9}},"loc":{"start":{"line":40,"column":51},"end":{"line":56,"column":5}}}},"branchMap":{},"s":{"0":0,"1":0,"2":0,"3":0,"4":0,"5":0,"6":0,"7":0,"8":0,"9":0,"10":0,"11":0,"12":0,"13":0,"14":0,"15":0,"16":0,"17":0,"18":0},"f":{"0":0,"1":0,"2":0,"3":0,"4":0,"5":0},"b":{}}
,"B:\\Work\\interexy-shop\\server\\src\\app\\orders\\order.controller.ts": {"path":"B:\\Work\\interexy-shop\\server\\src\\app\\orders\\order.controller.ts","statementMap":{"0":{"start":{"line":1,"column":0},"end":{"line":1,"column":106}},"1":{"start":{"line":2,"column":0},"end":{"line":2,"column":69}},"2":{"start":{"line":4,"column":0},"end":{"line":4,"column":95}},"3":{"start":{"line":5,"column":0},"end":{"line":5,"column":58}},"4":{"start":{"line":6,"column":0},"end":{"line":6,"column":75}},"5":{"start":{"line":9,"column":0},"end":{"line":9,"column":64}},"6":{"start":{"line":10,"column":0},"end":{"line":10,"column":54}},"7":{"start":{"line":11,"column":0},"end":{"line":11,"column":63}},"8":{"start":{"line":15,"column":0},"end":{"line":15,"column":47}},"9":{"start":{"line":19,"column":7},"end":{"line":87,"column":null}},"10":{"start":{"line":21,"column":25},"end":{"line":21,"column":39}},"11":{"start":{"line":38,"column":8},"end":{"line":38,"column":66}},"12":{"start":{"line":54,"column":8},"end":{"line":54,"column":null}},"13":{"start":{"line":68,"column":8},"end":{"line":68,"column":54}},"14":{"start":{"line":85,"column":8},"end":{"line":85,"column":null}},"15":{"start":{"line":34,"column":10},"end":{"line":39,"column":null}},"16":{"start":{"line":51,"column":10},"end":{"line":55,"column":null}},"17":{"start":{"line":67,"column":10},"end":{"line":69,"column":null}},"18":{"start":{"line":82,"column":10},"end":{"line":86,"column":null}},"19":{"start":{"line":19,"column":13},"end":{"line":87,"column":null}},"20":{"start":{"line":19,"column":13},"end":{"line":19,"column":28}}},"fnMap":{"0":{"name":"(anonymous_4)","decl":{"start":{"line":20,"column":4},"end":{"line":20,"column":null}},"loc":{"start":{"line":21,"column":51},"end":{"line":22,"column":9}}},"1":{"name":"(anonymous_5)","decl":{"start":{"line":34,"column":4},"end":{"line":34,"column":9}},"loc":{"start":{"line":36,"column":36},"end":{"line":39,"column":5}}},"2":{"name":"(anonymous_6)","decl":{"start":{"line":51,"column":4},"end":{"line":51,"column":9}},"loc":{"start":{"line":52,"column":36},"end":{"line":55,"column":5}}},"3":{"name":"(anonymous_7)","decl":{"start":{"line":67,"column":4},"end":{"line":67,"column":9}},"loc":{"start":{"line":67,"column":22},"end":{"line":69,"column":5}}},"4":{"name":"(anonymous_8)","decl":{"start":{"line":82,"column":4},"end":{"line":82,"column":9}},"loc":{"start":{"line":83,"column":39},"end":{"line":86,"column":5}}}},"branchMap":{},"s":{"0":1,"1":1,"2":1,"3":1,"4":1,"5":1,"6":1,"7":1,"8":1,"9":1,"10":5,"11":1,"12":1,"13":1,"14":1,"15":1,"16":1,"17":1,"18":1,"19":1,"20":1},"f":{"0":5,"1":1,"2":1,"3":1,"4":1},"b":{}}
,"B:\\Work\\interexy-shop\\server\\src\\app\\orders\\order.module.ts": {"path":"B:\\Work\\interexy-shop\\server\\src\\app\\orders\\order.module.ts","statementMap":{"0":{"start":{"line":1,"column":0},"end":{"line":1,"column":40}},"1":{"start":{"line":2,"column":0},"end":{"line":2,"column":48}},"2":{"start":{"line":5,"column":0},"end":{"line":5,"column":59}},"3":{"start":{"line":6,"column":0},"end":{"line":6,"column":74}},"4":{"start":{"line":7,"column":0},"end":{"line":7,"column":68}},"5":{"start":{"line":8,"column":0},"end":{"line":8,"column":59}},"6":{"start":{"line":9,"column":0},"end":{"line":9,"column":54}},"7":{"start":{"line":10,"column":0},"end":{"line":10,"column":68}},"8":{"start":{"line":11,"column":0},"end":{"line":11,"column":90}},"9":{"start":{"line":12,"column":0},"end":{"line":12,"column":63}},"10":{"start":{"line":15,"column":0},"end":{"line":15,"column":64}},"11":{"start":{"line":16,"column":0},"end":{"line":16,"column":59}},"12":{"start":{"line":17,"column":0},"end":{"line":17,"column":75}},"13":{"start":{"line":20,"column":0},"end":{"line":20,"column":47}},"14":{"start":{"line":21,"column":0},"end":{"line":21,"column":53}},"15":{"start":{"line":24,"column":0},"end":{"line":24,"column":61}},"16":{"start":{"line":25,"column":0},"end":{"line":25,"column":68}},"17":{"start":{"line":55,"column":7},"end":{"line":55,"column":null}},"18":{"start":{"line":55,"column":13},"end":{"line":55,"column":null}},"19":{"start":{"line":55,"column":13},"end":{"line":55,"column":24}}},"fnMap":{},"branchMap":{},"s":{"0":0,"1":0,"2":0,"3":0,"4":0,"5":0,"6":0,"7":0,"8":0,"9":0,"10":0,"11":0,"12":0,"13":0,"14":0,"15":0,"16":0,"17":0,"18":0,"19":0},"f":{},"b":{}}
,"B:\\Work\\interexy-shop\\server\\src\\app\\orders\\order.service.ts": {"path":"B:\\Work\\interexy-shop\\server\\src\\app\\orders\\order.service.ts","statementMap":{"0":{"start":{"line":1,"column":0},"end":{"line":1,"column":71}},"1":{"start":{"line":4,"column":0},"end":{"line":4,"column":44}},"2":{"start":{"line":6,"column":0},"end":{"line":6,"column":63}},"3":{"start":{"line":11,"column":0},"end":{"line":11,"column":59}},"4":{"start":{"line":12,"column":0},"end":{"line":12,"column":75}},"5":{"start":{"line":13,"column":0},"end":{"line":13,"column":64}},"6":{"start":{"line":14,"column":0},"end":{"line":14,"column":68}},"7":{"start":{"line":17,"column":7},"end":{"line":103,"column":null}},"8":{"start":{"line":19,"column":21},"end":{"line":19,"column":38}},"9":{"start":{"line":20,"column":21},"end":{"line":20,"column":40}},"10":{"start":{"line":21,"column":21},"end":{"line":21,"column":37}},"11":{"start":{"line":22,"column":21},"end":{"line":22,"column":42}},"12":{"start":{"line":26,"column":4},"end":{"line":26,"column":53}},"13":{"start":{"line":30,"column":17},"end":{"line":30,"column":54}},"14":{"start":{"line":31,"column":4},"end":{"line":33,"column":null}},"15":{"start":{"line":32,"column":6},"end":{"line":32,"column":76}},"16":{"start":{"line":34,"column":4},"end":{"line":34,"column":60}},"17":{"start":{"line":38,"column":4},"end":{"line":40,"column":null}},"18":{"start":{"line":39,"column":6},"end":{"line":39,"column":72}},"19":{"start":{"line":41,"column":23},"end":{"line":41,"column":63}},"20":{"start":{"line":41,"column":48},"end":{"line":41,"column":62}},"21":{"start":{"line":42,"column":25},"end":{"line":43,"column":null}},"22":{"start":{"line":46,"column":4},"end":{"line":55,"column":7}},"23":{"start":{"line":47,"column":18},"end":{"line":47,"column":59}},"24":{"start":{"line":49,"column":6},"end":{"line":54,"column":null}},"25":{"start":{"line":50,"column":8},"end":{"line":53,"column":10}},"26":{"start":{"line":57,"column":17},"end":{"line":57,"column":58}},"27":{"start":{"line":59,"column":4},"end":{"line":61,"column":null}},"28":{"start":{"line":60,"column":6},"end":{"line":60,"column":80}},"29":{"start":{"line":63,"column":18},"end":{"line":63,"column":62}},"30":{"start":{"line":65,"column":23},"end":{"line":72,"column":null}},"31":{"start":{"line":67,"column":8},"end":{"line":71,"column":10}},"32":{"start":{"line":75,"column":4},"end":{"line":75,"column":29}},"33":{"start":{"line":76,"column":4},"end":{"line":80,"column":6}},"34":{"start":{"line":78,"column":8},"end":{"line":78,"column":65}},"35":{"start":{"line":82,"column":21},"end":{"line":82,"column":64}},"36":{"start":{"line":83,"column":4},"end":{"line":83,"column":null}},"37":{"start":{"line":84,"column":4},"end":{"line":84,"column":47}},"38":{"start":{"line":92,"column":17},"end":{"line":92,"column":38}},"39":{"start":{"line":93,"column":4},"end":{"line":93,"column":30}},"40":{"start":{"line":94,"column":4},"end":{"line":94,"column":30}},"41":{"start":{"line":95,"column":4},"end":{"line":95,"column":37}},"42":{"start":{"line":96,"column":4},"end":{"line":96,"column":23}},"43":{"start":{"line":97,"column":4},"end":{"line":97,"column":27}},"44":{"start":{"line":98,"column":4},"end":{"line":98,"column":37}},"45":{"start":{"line":99,"column":4},"end":{"line":99,"column":39}},"46":{"start":{"line":101,"column":4},"end":{"line":101,"column":64}},"47":{"start":{"line":17,"column":13},"end":{"line":103,"column":null}},"48":{"start":{"line":17,"column":13},"end":{"line":17,"column":25}}},"fnMap":{"0":{"name":"(anonymous_2)","decl":{"start":{"line":18,"column":2},"end":{"line":18,"column":null}},"loc":{"start":{"line":22,"column":61},"end":{"line":23,"column":6}}},"1":{"name":"(anonymous_3)","decl":{"start":{"line":25,"column":2},"end":{"line":25,"column":7}},"loc":{"start":{"line":25,"column":20},"end":{"line":27,"column":3}}},"2":{"name":"(anonymous_4)","decl":{"start":{"line":29,"column":2},"end":{"line":29,"column":7}},"loc":{"start":{"line":29,"column":36},"end":{"line":35,"column":3}}},"3":{"name":"(anonymous_5)","decl":{"start":{"line":37,"column":2},"end":{"line":37,"column":7}},"loc":{"start":{"line":37,"column":56},"end":{"line":85,"column":3}}},"4":{"name":"(anonymous_6)","decl":{"start":{"line":41,"column":38},"end":{"line":41,"column":39}},"loc":{"start":{"line":41,"column":48},"end":{"line":41,"column":62}}},"5":{"name":"(anonymous_7)","decl":{"start":{"line":46,"column":21},"end":{"line":46,"column":22}},"loc":{"start":{"line":46,"column":36},"end":{"line":55,"column":5}}},"6":{"name":"(anonymous_8)","decl":{"start":{"line":66,"column":23},"end":{"line":66,"column":28}},"loc":{"start":{"line":66,"column":44},"end":{"line":72,"column":7}}},"7":{"name":"(anonymous_9)","decl":{"start":{"line":77,"column":6},"end":{"line":77,"column":7}},"loc":{"start":{"line":78,"column":8},"end":{"line":78,"column":65}}},"8":{"name":"(anonymous_10)","decl":{"start":{"line":87,"column":2},"end":{"line":87,"column":7}},"loc":{"start":{"line":90,"column":20},"end":{"line":102,"column":3}}}},"branchMap":{"0":{"loc":{"start":{"line":31,"column":4},"end":{"line":33,"column":null}},"type":"if","locations":[{"start":{"line":31,"column":4},"end":{"line":33,"column":null}}]},"1":{"loc":{"start":{"line":38,"column":4},"end":{"line":40,"column":null}},"type":"if","locations":[{"start":{"line":38,"column":4},"end":{"line":40,"column":null}}]},"2":{"loc":{"start":{"line":49,"column":6},"end":{"line":54,"column":null}},"type":"if","locations":[{"start":{"line":49,"column":6},"end":{"line":54,"column":null}}]},"3":{"loc":{"start":{"line":59,"column":4},"end":{"line":61,"column":null}},"type":"if","locations":[{"start":{"line":59,"column":4},"end":{"line":61,"column":null}}]}},"s":{"0":2,"1":2,"2":2,"3":2,"4":2,"5":2,"6":2,"7":2,"8":8,"9":8,"10":8,"11":8,"12":1,"13":2,"14":2,"15":1,"16":1,"17":3,"18":1,"19":2,"20":4,"21":2,"22":2,"23":2,"24":2,"25":0,"26":2,"27":2,"28":1,"29":1,"30":1,"31":1,"32":1,"33":1,"34":1,"35":1,"36":1,"37":1,"38":2,"39":2,"40":2,"41":2,"42":2,"43":2,"44":2,"45":2,"46":2,"47":2,"48":2},"f":{"0":8,"1":1,"2":2,"3":3,"4":4,"5":2,"6":1,"7":1,"8":2},"b":{"0":[1],"1":[1],"2":[0],"3":[1]}}
,"B:\\Work\\interexy-shop\\server\\src\\app\\orders\\dtos\\create-order-item.dto.ts": {"path":"B:\\Work\\interexy-shop\\server\\src\\app\\orders\\dtos\\create-order-item.dto.ts","statementMap":{"0":{"start":{"line":2,"column":0},"end":{"line":2,"column":13}}},"fnMap":{},"branchMap":{},"s":{"0":0},"f":{},"b":{}}
,"B:\\Work\\interexy-shop\\server\\src\\app\\orders\\dtos\\create-order.dto.ts": {"path":"B:\\Work\\interexy-shop\\server\\src\\app\\orders\\dtos\\create-order.dto.ts","statementMap":{"0":{"start":{"line":1,"column":0},"end":{"line":1,"column":13}}},"fnMap":{},"branchMap":{},"s":{"0":0},"f":{},"b":{}}
,"B:\\Work\\interexy-shop\\server\\src\\app\\orders\\dtos\\order.dto.ts": {"path":"B:\\Work\\interexy-shop\\server\\src\\app\\orders\\dtos\\order.dto.ts","statementMap":{"0":{"start":{"line":1,"column":0},"end":{"line":1,"column":56}},"1":{"start":{"line":9,"column":16},"end":{"line":9,"column":30}},"2":{"start":{"line":10,"column":4},"end":{"line":10,"column":22}},"3":{"start":{"line":11,"column":4},"end":{"line":11,"column":42}},"4":{"start":{"line":12,"column":4},"end":{"line":12,"column":42}},"5":{"start":{"line":13,"column":4},"end":{"line":13,"column":28}},"6":{"start":{"line":14,"column":4},"end":{"line":14,"column":32}},"7":{"start":{"line":16,"column":4},"end":{"line":16,"column":15}},"8":{"start":{"line":4,"column":0},"end":{"line":4,"column":13}}},"fnMap":{"0":{"name":"(anonymous_0)","decl":{"start":{"line":8,"column":2},"end":{"line":8,"column":8}},"loc":{"start":{"line":8,"column":38},"end":{"line":17,"column":3}}}},"branchMap":{},"s":{"0":2,"1":1,"2":1,"3":1,"4":1,"5":1,"6":1,"7":1,"8":2},"f":{"0":1},"b":{}}
,"B:\\Work\\interexy-shop\\server\\src\\app\\orders\\entities\\order-item.entity.ts": {"path":"B:\\Work\\interexy-shop\\server\\src\\app\\orders\\entities\\order-item.entity.ts","statementMap":{"0":{"start":{"line":1,"column":0},"end":{"line":1,"column":74}},"1":{"start":{"line":4,"column":0},"end":{"line":4,"column":66}},"2":{"start":{"line":5,"column":0},"end":{"line":5,"column":71}},"3":{"start":{"line":6,"column":0},"end":{"line":6,"column":45}},"4":{"start":{"line":9,"column":7},"end":{"line":34,"column":null}},"5":{"start":{"line":11,"column":4},"end":{"line":12,"column":null}},"6":{"start":{"line":14,"column":4},"end":{"line":15,"column":null}},"7":{"start":{"line":17,"column":4},"end":{"line":18,"column":null}},"8":{"start":{"line":20,"column":4},"end":{"line":21,"column":null}},"9":{"start":{"line":23,"column":4},"end":{"line":25,"column":null}},"10":{"start":{"line":23,"column":20},"end":{"line":23,"column":33}},"11":{"start":{"line":27,"column":4},"end":{"line":28,"column":null}},"12":{"start":{"line":30,"column":4},"end":{"line":32,"column":null}},"13":{"start":{"line":30,"column":21},"end":{"line":30,"column":32}},"14":{"start":{"line":30,"column":44},"end":{"line":30,"column":54}},"15":{"start":{"line":9,"column":13},"end":{"line":34,"column":null}},"16":{"start":{"line":9,"column":13},"end":{"line":9,"column":28}}},"fnMap":{"0":{"name":"(anonymous_2)","decl":{"start":{"line":23,"column":14},"end":{"line":23,"column":17}},"loc":{"start":{"line":23,"column":20},"end":{"line":23,"column":33}}},"1":{"name":"(anonymous_3)","decl":{"start":{"line":30,"column":15},"end":{"line":30,"column":18}},"loc":{"start":{"line":30,"column":21},"end":{"line":30,"column":32}}},"2":{"name":"(anonymous_4)","decl":{"start":{"line":30,"column":34},"end":{"line":30,"column":35}},"loc":{"start":{"line":30,"column":44},"end":{"line":30,"column":54}}}},"branchMap":{},"s":{"0":6,"1":6,"2":6,"3":6,"4":6,"5":6,"6":6,"7":6,"8":6,"9":6,"10":0,"11":6,"12":6,"13":0,"14":0,"15":6,"16":6},"f":{"0":0,"1":0,"2":0},"b":{}}
,"B:\\Work\\interexy-shop\\server\\src\\app\\orders\\entities\\order.entity.ts": {"path":"B:\\Work\\interexy-shop\\server\\src\\app\\orders\\entities\\order.entity.ts","statementMap":{"0":{"start":{"line":1,"column":0},"end":{"line":1,"column":46}},"1":{"start":{"line":2,"column":0},"end":{"line":2,"column":75}},"2":{"start":{"line":5,"column":0},"end":{"line":5,"column":62}},"3":{"start":{"line":6,"column":0},"end":{"line":6,"column":66}},"4":{"start":{"line":7,"column":0},"end":{"line":7,"column":54}},"5":{"start":{"line":10,"column":7},"end":{"line":25,"column":null}},"6":{"start":{"line":12,"column":4},"end":{"line":14,"column":null}},"7":{"start":{"line":16,"column":4},"end":{"line":17,"column":null}},"8":{"start":{"line":19,"column":4},"end":{"line":21,"column":null}},"9":{"start":{"line":19,"column":21},"end":{"line":19,"column":31}},"10":{"start":{"line":19,"column":43},"end":{"line":19,"column":53}},"11":{"start":{"line":23,"column":4},"end":{"line":24,"column":null}},"12":{"start":{"line":23,"column":21},"end":{"line":23,"column":36}},"13":{"start":{"line":23,"column":48},"end":{"line":23,"column":58}},"14":{"start":{"line":10,"column":13},"end":{"line":25,"column":null}},"15":{"start":{"line":10,"column":13},"end":{"line":10,"column":24}}},"fnMap":{"0":{"name":"(anonymous_2)","decl":{"start":{"line":19,"column":15},"end":{"line":19,"column":18}},"loc":{"start":{"line":19,"column":21},"end":{"line":19,"column":31}}},"1":{"name":"(anonymous_3)","decl":{"start":{"line":19,"column":33},"end":{"line":19,"column":34}},"loc":{"start":{"line":19,"column":43},"end":{"line":19,"column":53}}},"2":{"name":"(anonymous_4)","decl":{"start":{"line":23,"column":15},"end":{"line":23,"column":18}},"loc":{"start":{"line":23,"column":21},"end":{"line":23,"column":36}}},"3":{"name":"(anonymous_5)","decl":{"start":{"line":23,"column":38},"end":{"line":23,"column":39}},"loc":{"start":{"line":23,"column":48},"end":{"line":23,"column":58}}}},"branchMap":{},"s":{"0":6,"1":6,"2":6,"3":6,"4":6,"5":6,"6":6,"7":6,"8":6,"9":0,"10":0,"11":6,"12":0,"13":0,"14":6,"15":6},"f":{"0":0,"1":0,"2":0,"3":0},"b":{}}
,"B:\\Work\\interexy-shop\\server\\src\\app\\orders\\repos\\order-item.repository.ts": {"path":"B:\\Work\\interexy-shop\\server\\src\\app\\orders\\repos\\order-item.repository.ts","statementMap":{"0":{"start":{"line":1,"column":0},"end":{"line":1,"column":44}},"1":{"start":{"line":2,"column":0},"end":{"line":2,"column":51}},"2":{"start":{"line":3,"column":0},"end":{"line":3,"column":37}},"3":{"start":{"line":4,"column":0},"end":{"line":4,"column":64}},"4":{"start":{"line":7,"column":7},"end":{"line":17,"column":null}},"5":{"start":{"line":11,"column":8},"end":{"line":11,"column":104}},"6":{"start":{"line":15,"column":8},"end":{"line":15,"column":42}},"7":{"start":{"line":7,"column":13},"end":{"line":17,"column":null}},"8":{"start":{"line":7,"column":13},"end":{"line":7,"column":32}}},"fnMap":{"0":{"name":"(anonymous_4)","decl":{"start":{"line":8,"column":4},"end":{"line":8,"column":null}},"loc":{"start":{"line":9,"column":91},"end":{"line":12,"column":5}}},"1":{"name":"(anonymous_5)","decl":{"start":{"line":14,"column":4},"end":{"line":14,"column":9}},"loc":{"start":{"line":14,"column":52},"end":{"line":16,"column":5}}}},"branchMap":{},"s":{"0":2,"1":2,"2":2,"3":2,"4":2,"5":0,"6":0,"7":2,"8":2},"f":{"0":0,"1":0},"b":{}}
,"B:\\Work\\interexy-shop\\server\\src\\app\\orders\\repos\\order.repository.ts": {"path":"B:\\Work\\interexy-shop\\server\\src\\app\\orders\\repos\\order.repository.ts","statementMap":{"0":{"start":{"line":1,"column":0},"end":{"line":1,"column":44}},"1":{"start":{"line":2,"column":0},"end":{"line":2,"column":51}},"2":{"start":{"line":3,"column":0},"end":{"line":3,"column":37}},"3":{"start":{"line":6,"column":0},"end":{"line":6,"column":55}},"4":{"start":{"line":10,"column":7},"end":{"line":46,"column":null}},"5":{"start":{"line":14,"column":8},"end":{"line":14,"column":92}},"6":{"start":{"line":18,"column":8},"end":{"line":18,"column":51}},"7":{"start":{"line":22,"column":25},"end":{"line":22,"column":42}},"8":{"start":{"line":23,"column":8},"end":{"line":23,"column":38}},"9":{"start":{"line":24,"column":8},"end":{"line":24,"column":38}},"10":{"start":{"line":25,"column":8},"end":{"line":25,"column":27}},"11":{"start":{"line":26,"column":8},"end":{"line":26,"column":29}},"12":{"start":{"line":27,"column":8},"end":{"line":27,"column":28}},"13":{"start":{"line":28,"column":8},"end":{"line":28,"column":41}},"14":{"start":{"line":32,"column":8},"end":{"line":32,"column":null}},"15":{"start":{"line":36,"column":8},"end":{"line":36,"column":33}},"16":{"start":{"line":40,"column":8},"end":{"line":44,"column":11}},"17":{"start":{"line":10,"column":13},"end":{"line":46,"column":null}},"18":{"start":{"line":10,"column":13},"end":{"line":10,"column":28}}},"fnMap":{"0":{"name":"(anonymous_4)","decl":{"start":{"line":11,"column":4},"end":{"line":11,"column":null}},"loc":{"start":{"line":12,"column":79},"end":{"line":15,"column":5}}},"1":{"name":"(anonymous_5)","decl":{"start":{"line":17,"column":4},"end":{"line":17,"column":9}},"loc":{"start":{"line":17,"column":36},"end":{"line":19,"column":5}}},"2":{"name":"(anonymous_6)","decl":{"start":{"line":21,"column":4},"end":{"line":21,"column":9}},"loc":{"start":{"line":21,"column":38},"end":{"line":29,"column":5}}},"3":{"name":"(anonymous_7)","decl":{"start":{"line":31,"column":4},"end":{"line":31,"column":9}},"loc":{"start":{"line":31,"column":38},"end":{"line":33,"column":5}}},"4":{"name":"(anonymous_8)","decl":{"start":{"line":35,"column":4},"end":{"line":35,"column":9}},"loc":{"start":{"line":35,"column":22},"end":{"line":37,"column":5}}},"5":{"name":"(anonymous_9)","decl":{"start":{"line":39,"column":4},"end":{"line":39,"column":9}},"loc":{"start":{"line":39,"column":38},"end":{"line":45,"column":5}}}},"branchMap":{},"s":{"0":2,"1":2,"2":2,"3":2,"4":2,"5":0,"6":0,"7":0,"8":0,"9":0,"10":0,"11":0,"12":0,"13":0,"14":0,"15":0,"16":0,"17":2,"18":2},"f":{"0":0,"1":0,"2":0,"3":0,"4":0,"5":0},"b":{}}
,"B:\\Work\\interexy-shop\\server\\src\\app\\orders\\test\\mocks\\data.mock.ts": {"path":"B:\\Work\\interexy-shop\\server\\src\\app\\orders\\test\\mocks\\data.mock.ts","statementMap":{"0":{"start":{"line":1,"column":0},"end":{"line":1,"column":82}},"1":{"start":{"line":2,"column":0},"end":{"line":2,"column":81}},"2":{"start":{"line":3,"column":0},"end":{"line":3,"column":69}},"3":{"start":{"line":5,"column":13},"end":{"line":5,"column":23}},"4":{"start":{"line":7,"column":13},"end":{"line":17,"column":2}},"5":{"start":{"line":19,"column":13},"end":{"line":26,"column":2}},"6":{"start":{"line":28,"column":13},"end":{"line":35,"column":2}},"7":{"start":{"line":37,"column":13},"end":{"line":39,"column":null}},"8":{"start":{"line":42,"column":13},"end":{"line":44,"column":null}},"9":{"start":{"line":47,"column":13},"end":{"line":61,"column":2}},"10":{"start":{"line":63,"column":13},"end":{"line":71,"column":2}},"11":{"start":{"line":73,"column":13},"end":{"line":86,"column":2}},"12":{"start":{"line":88,"column":13},"end":{"line":98,"column":2}},"13":{"start":{"line":100,"column":13},"end":{"line":108,"column":2}},"14":{"start":{"line":110,"column":13},"end":{"line":116,"column":2}},"15":{"start":{"line":118,"column":13},"end":{"line":132,"column":2}},"16":{"start":{"line":134,"column":13},"end":{"line":182,"column":2}},"17":{"start":{"line":184,"column":13},"end":{"line":189,"column":2}},"18":{"start":{"line":191,"column":13},"end":{"line":197,"column":2}},"19":{"start":{"line":199,"column":13},"end":{"line":209,"column":2}},"20":{"start":{"line":211,"column":13},"end":{"line":220,"column":2}},"21":{"start":{"line":222,"column":13},"end":{"line":224,"column":2}}},"fnMap":{},"branchMap":{},"s":{"0":2,"1":2,"2":2,"3":2,"4":2,"5":2,"6":2,"7":2,"8":2,"9":2,"10":2,"11":2,"12":2,"13":2,"14":2,"15":2,"16":2,"17":2,"18":2,"19":2,"20":2,"21":2},"f":{},"b":{}}
,"B:\\Work\\interexy-shop\\server\\src\\app\\products\\products.controller.ts": {"path":"B:\\Work\\interexy-shop\\server\\src\\app\\products\\products.controller.ts","statementMap":{"0":{"start":{"line":1,"column":0},"end":{"line":1,"column":null}},"1":{"start":{"line":14,"column":0},"end":{"line":14,"column":69}},"2":{"start":{"line":17,"column":0},"end":{"line":17,"column":48}},"3":{"start":{"line":18,"column":0},"end":{"line":18,"column":72}},"4":{"start":{"line":19,"column":0},"end":{"line":19,"column":63}},"5":{"start":{"line":20,"column":0},"end":{"line":20,"column":61}},"6":{"start":{"line":21,"column":0},"end":{"line":21,"column":66}},"7":{"start":{"line":22,"column":0},"end":{"line":22,"column":63}},"8":{"start":{"line":25,"column":0},"end":{"line":25,"column":75}},"9":{"start":{"line":28,"column":0},"end":{"line":28,"column":53}},"10":{"start":{"line":31,"column":0},"end":{"line":31,"column":95}},"11":{"start":{"line":35,"column":7},"end":{"line":143,"column":null}},"12":{"start":{"line":36,"column":33},"end":{"line":36,"column":50}},"13":{"start":{"line":51,"column":31},"end":{"line":52,"column":null}},"14":{"start":{"line":55,"column":8},"end":{"line":55,"column":59}},"15":{"start":{"line":70,"column":25},"end":{"line":70,"column":76}},"16":{"start":{"line":72,"column":8},"end":{"line":72,"column":73}},"17":{"start":{"line":72,"column":41},"end":{"line":72,"column":71}},"18":{"start":{"line":80,"column":25},"end":{"line":80,"column":78}},"19":{"start":{"line":82,"column":8},"end":{"line":82,"column":73}},"20":{"start":{"line":82,"column":41},"end":{"line":82,"column":71}},"21":{"start":{"line":97,"column":31},"end":{"line":98,"column":null}},"22":{"start":{"line":101,"column":8},"end":{"line":101,"column":60}},"23":{"start":{"line":118,"column":8},"end":{"line":121,"column":10}},"24":{"start":{"line":137,"column":31},"end":{"line":138,"column":null}},"25":{"start":{"line":141,"column":8},"end":{"line":141,"column":53}},"26":{"start":{"line":48,"column":10},"end":{"line":56,"column":null}},"27":{"start":{"line":67,"column":10},"end":{"line":73,"column":null}},"28":{"start":{"line":77,"column":10},"end":{"line":83,"column":null}},"29":{"start":{"line":94,"column":10},"end":{"line":102,"column":null}},"30":{"start":{"line":114,"column":10},"end":{"line":122,"column":null}},"31":{"start":{"line":134,"column":10},"end":{"line":142,"column":null}},"32":{"start":{"line":35,"column":13},"end":{"line":143,"column":null}},"33":{"start":{"line":35,"column":13},"end":{"line":35,"column":31}}},"fnMap":{"0":{"name":"(anonymous_4)","decl":{"start":{"line":36,"column":4},"end":{"line":36,"column":33}},"loc":{"start":{"line":36,"column":65},"end":{"line":36,"column":69}}},"1":{"name":"(anonymous_5)","decl":{"start":{"line":48,"column":4},"end":{"line":48,"column":9}},"loc":{"start":{"line":49,"column":55},"end":{"line":56,"column":5}}},"2":{"name":"(anonymous_6)","decl":{"start":{"line":67,"column":4},"end":{"line":67,"column":9}},"loc":{"start":{"line":68,"column":40},"end":{"line":73,"column":5}}},"3":{"name":"(anonymous_7)","decl":{"start":{"line":72,"column":28},"end":{"line":72,"column":29}},"loc":{"start":{"line":72,"column":41},"end":{"line":72,"column":71}}},"4":{"name":"(anonymous_8)","decl":{"start":{"line":77,"column":4},"end":{"line":77,"column":9}},"loc":{"start":{"line":78,"column":41},"end":{"line":83,"column":5}}},"5":{"name":"(anonymous_9)","decl":{"start":{"line":82,"column":28},"end":{"line":82,"column":29}},"loc":{"start":{"line":82,"column":41},"end":{"line":82,"column":71}}},"6":{"name":"(anonymous_10)","decl":{"start":{"line":94,"column":4},"end":{"line":94,"column":9}},"loc":{"start":{"line":95,"column":45},"end":{"line":102,"column":5}}},"7":{"name":"(anonymous_11)","decl":{"start":{"line":114,"column":4},"end":{"line":114,"column":9}},"loc":{"start":{"line":116,"column":45},"end":{"line":122,"column":5}}},"8":{"name":"(anonymous_12)","decl":{"start":{"line":134,"column":4},"end":{"line":134,"column":9}},"loc":{"start":{"line":135,"column":45},"end":{"line":142,"column":5}}}},"branchMap":{},"s":{"0":0,"1":0,"2":0,"3":0,"4":0,"5":0,"6":0,"7":0,"8":0,"9":0,"10":0,"11":0,"12":0,"13":0,"14":0,"15":0,"16":0,"17":0,"18":0,"19":0,"20":0,"21":0,"22":0,"23":0,"24":0,"25":0,"26":0,"27":0,"28":0,"29":0,"30":0,"31":0,"32":0,"33":0},"f":{"0":0,"1":0,"2":0,"3":0,"4":0,"5":0,"6":0,"7":0,"8":0},"b":{}}
,"B:\\Work\\interexy-shop\\server\\src\\app\\products\\products.module.ts": {"path":"B:\\Work\\interexy-shop\\server\\src\\app\\products\\products.module.ts","statementMap":{"0":{"start":{"line":1,"column":0},"end":{"line":1,"column":40}},"1":{"start":{"line":2,"column":0},"end":{"line":2,"column":48}},"2":{"start":{"line":5,"column":0},"end":{"line":5,"column":68}},"3":{"start":{"line":8,"column":0},"end":{"line":8,"column":59}},"4":{"start":{"line":9,"column":0},"end":{"line":9,"column":53}},"5":{"start":{"line":12,"column":0},"end":{"line":12,"column":58}},"6":{"start":{"line":13,"column":0},"end":{"line":13,"column":80}},"7":{"start":{"line":14,"column":0},"end":{"line":14,"column":73}},"8":{"start":{"line":17,"column":0},"end":{"line":17,"column":65}},"9":{"start":{"line":18,"column":0},"end":{"line":18,"column":87}},"10":{"start":{"line":19,"column":0},"end":{"line":19,"column":79}},"11":{"start":{"line":39,"column":7},"end":{"line":39,"column":null}},"12":{"start":{"line":39,"column":13},"end":{"line":39,"column":null}},"13":{"start":{"line":39,"column":13},"end":{"line":39,"column":27}}},"fnMap":{},"branchMap":{},"s":{"0":0,"1":0,"2":0,"3":0,"4":0,"5":0,"6":0,"7":0,"8":0,"9":0,"10":0,"11":0,"12":0,"13":0},"f":{},"b":{}}
,"B:\\Work\\interexy-shop\\server\\src\\app\\products\\products.service.ts": {"path":"B:\\Work\\interexy-shop\\server\\src\\app\\products\\products.service.ts","statementMap":{"0":{"start":{"line":1,"column":0},"end":{"line":1,"column":71}},"1":{"start":{"line":2,"column":0},"end":{"line":2,"column":52}},"2":{"start":{"line":10,"column":0},"end":{"line":10,"column":65}},"3":{"start":{"line":11,"column":0},"end":{"line":11,"column":87}},"4":{"start":{"line":12,"column":0},"end":{"line":12,"column":79}},"5":{"start":{"line":15,"column":0},"end":{"line":15,"column":72}},"6":{"start":{"line":17,"column":0},"end":{"line":17,"column":63}},"7":{"start":{"line":19,"column":0},"end":{"line":19,"column":63}},"8":{"start":{"line":20,"column":0},"end":{"line":20,"column":48}},"9":{"start":{"line":23,"column":7},"end":{"line":199,"column":null}},"10":{"start":{"line":25,"column":25},"end":{"line":25,"column":45}},"11":{"start":{"line":26,"column":25},"end":{"line":26,"column":55}},"12":{"start":{"line":27,"column":25},"end":{"line":27,"column":52}},"13":{"start":{"line":33,"column":30},"end":{"line":34,"column":null}},"14":{"start":{"line":37,"column":8},"end":{"line":42,"column":null}},"15":{"start":{"line":38,"column":12},"end":{"line":41,"column":14}},"16":{"start":{"line":44,"column":8},"end":{"line":46,"column":null}},"17":{"start":{"line":45,"column":12},"end":{"line":45,"column":45}},"18":{"start":{"line":49,"column":12},"end":{"line":50,"column":null}},"19":{"start":{"line":53,"column":8},"end":{"line":56,"column":10}},"20":{"start":{"line":62,"column":8},"end":{"line":66,"column":null}},"21":{"start":{"line":63,"column":12},"end":{"line":65,"column":14}},"22":{"start":{"line":68,"column":8},"end":{"line":68,"column":72}},"23":{"start":{"line":72,"column":24},"end":{"line":73,"column":null}},"24":{"start":{"line":76,"column":8},"end":{"line":78,"column":10}},"25":{"start":{"line":84,"column":30},"end":{"line":85,"column":null}},"26":{"start":{"line":88,"column":8},"end":{"line":93,"column":14}},"27":{"start":{"line":95,"column":8},"end":{"line":100,"column":14}},"28":{"start":{"line":102,"column":8},"end":{"line":106,"column":null}},"29":{"start":{"line":103,"column":12},"end":{"line":105,"column":14}},"30":{"start":{"line":108,"column":8},"end":{"line":110,"column":10}},"31":{"start":{"line":117,"column":30},"end":{"line":118,"column":null}},"32":{"start":{"line":121,"column":31},"end":{"line":122,"column":null}},"33":{"start":{"line":125,"column":8},"end":{"line":133,"column":null}},"34":{"start":{"line":129,"column":12},"end":{"line":132,"column":14}},"35":{"start":{"line":136,"column":12},"end":{"line":137,"column":null}},"36":{"start":{"line":140,"column":8},"end":{"line":143,"column":10}},"37":{"start":{"line":144,"column":8},"end":{"line":146,"column":10}},"38":{"start":{"line":149,"column":12},"end":{"line":150,"column":null}},"39":{"start":{"line":153,"column":8},"end":{"line":153,"column":75}},"40":{"start":{"line":155,"column":8},"end":{"line":155,"column":67}},"41":{"start":{"line":157,"column":31},"end":{"line":158,"column":null}},"42":{"start":{"line":161,"column":27},"end":{"line":164,"column":10}},"43":{"start":{"line":166,"column":8},"end":{"line":166,"column":26}},"44":{"start":{"line":170,"column":30},"end":{"line":171,"column":null}},"45":{"start":{"line":174,"column":8},"end":{"line":179,"column":null}},"46":{"start":{"line":175,"column":12},"end":{"line":178,"column":14}},"47":{"start":{"line":181,"column":8},"end":{"line":181,"column":39}},"48":{"start":{"line":182,"column":8},"end":{"line":182,"column":74}},"49":{"start":{"line":186,"column":20},"end":{"line":186,"column":50}},"50":{"start":{"line":188,"column":26},"end":{"line":194,"column":null}},"51":{"start":{"line":190,"column":36},"end":{"line":190,"column":61}},"52":{"start":{"line":191,"column":33},"end":{"line":194,"column":18}},"53":{"start":{"line":197,"column":8},"end":{"line":197,"column":25}},"54":{"start":{"line":23,"column":13},"end":{"line":199,"column":null}},"55":{"start":{"line":23,"column":13},"end":{"line":23,"column":28}}},"fnMap":{"0":{"name":"(anonymous_2)","decl":{"start":{"line":24,"column":4},"end":{"line":24,"column":null}},"loc":{"start":{"line":27,"column":77},"end":{"line":28,"column":9}}},"1":{"name":"(anonymous_3)","decl":{"start":{"line":30,"column":4},"end":{"line":30,"column":9}},"loc":{"start":{"line":31,"column":47},"end":{"line":57,"column":5}}},"2":{"name":"(anonymous_4)","decl":{"start":{"line":59,"column":4},"end":{"line":59,"column":9}},"loc":{"start":{"line":60,"column":38},"end":{"line":69,"column":5}}},"3":{"name":"(anonymous_5)","decl":{"start":{"line":71,"column":4},"end":{"line":71,"column":9}},"loc":{"start":{"line":71,"column":45},"end":{"line":79,"column":5}}},"4":{"name":"(anonymous_6)","decl":{"start":{"line":81,"column":4},"end":{"line":81,"column":9}},"loc":{"start":{"line":82,"column":33},"end":{"line":111,"column":5}}},"5":{"name":"(anonymous_7)","decl":{"start":{"line":113,"column":4},"end":{"line":113,"column":9}},"loc":{"start":{"line":115,"column":44},"end":{"line":167,"column":5}}},"6":{"name":"(anonymous_8)","decl":{"start":{"line":169,"column":4},"end":{"line":169,"column":9}},"loc":{"start":{"line":169,"column":41},"end":{"line":183,"column":5}}},"7":{"name":"(anonymous_9)","decl":{"start":{"line":185,"column":12},"end":{"line":185,"column":37}},"loc":{"start":{"line":185,"column":60},"end":{"line":198,"column":5}}},"8":{"name":"(anonymous_10)","decl":{"start":{"line":190,"column":24},"end":{"line":190,"column":25}},"loc":{"start":{"line":190,"column":36},"end":{"line":190,"column":61}}},"9":{"name":"(anonymous_11)","decl":{"start":{"line":191,"column":21},"end":{"line":191,"column":22}},"loc":{"start":{"line":191,"column":33},"end":{"line":194,"column":18}}}},"branchMap":{"0":{"loc":{"start":{"line":37,"column":8},"end":{"line":42,"column":null}},"type":"if","locations":[{"start":{"line":37,"column":8},"end":{"line":42,"column":null}}]},"1":{"loc":{"start":{"line":44,"column":8},"end":{"line":46,"column":null}},"type":"if","locations":[{"start":{"line":44,"column":8},"end":{"line":46,"column":null}}]},"2":{"loc":{"start":{"line":44,"column":43},"end":{"line":44,"column":60}},"type":"binary-expr","locations":[{"start":{"line":44,"column":43},"end":{"line":44,"column":47}},{"start":{"line":44,"column":51},"end":{"line":44,"column":60}}]},"3":{"loc":{"start":{"line":60,"column":8},"end":{"line":60,"column":38}},"type":"default-arg","locations":[{"start":{"line":60,"column":34},"end":{"line":60,"column":38}}]},"4":{"loc":{"start":{"line":62,"column":8},"end":{"line":66,"column":null}},"type":"if","locations":[{"start":{"line":62,"column":8},"end":{"line":66,"column":null}}]},"5":{"loc":{"start":{"line":89,"column":12},"end":{"line":92,"column":null}},"type":"binary-expr","locations":[{"start":{"line":89,"column":12},"end":{"line":89,"column":31}},{"start":{"line":90,"column":12},"end":{"line":92,"column":null}}]},"6":{"loc":{"start":{"line":91,"column":16},"end":{"line":91,"column":36}},"type":"cond-expr","locations":[{"start":{"line":91,"column":31},"end":{"line":91,"column":35}},{"start":{"line":91,"column":35},"end":{"line":91,"column":36}}]},"7":{"loc":{"start":{"line":91,"column":16},"end":{"line":91,"column":35}},"type":"binary-expr","locations":[{"start":{"line":91,"column":16},"end":{"line":91,"column":35}},{"start":{"line":91,"column":31},"end":{"line":91,"column":35}}]},"8":{"loc":{"start":{"line":92,"column":16},"end":{"line":92,"column":58}},"type":"cond-expr","locations":[{"start":{"line":92,"column":31},"end":{"line":92,"column":35}},{"start":{"line":92,"column":35},"end":{"line":92,"column":58}}]},"9":{"loc":{"start":{"line":92,"column":16},"end":{"line":92,"column":35}},"type":"binary-expr","locations":[{"start":{"line":92,"column":16},"end":{"line":92,"column":35}},{"start":{"line":92,"column":31},"end":{"line":92,"column":35}}]},"10":{"loc":{"start":{"line":96,"column":12},"end":{"line":99,"column":null}},"type":"binary-expr","locations":[{"start":{"line":96,"column":12},"end":{"line":96,"column":34}},{"start":{"line":97,"column":12},"end":{"line":99,"column":null}}]},"11":{"loc":{"start":{"line":98,"column":16},"end":{"line":98,"column":39}},"type":"cond-expr","locations":[{"start":{"line":98,"column":34},"end":{"line":98,"column":38}},{"start":{"line":98,"column":38},"end":{"line":98,"column":39}}]},"12":{"loc":{"start":{"line":98,"column":16},"end":{"line":98,"column":38}},"type":"binary-expr","locations":[{"start":{"line":98,"column":16},"end":{"line":98,"column":38}},{"start":{"line":98,"column":34},"end":{"line":98,"column":38}}]},"13":{"loc":{"start":{"line":99,"column":16},"end":{"line":99,"column":61}},"type":"cond-expr","locations":[{"start":{"line":99,"column":34},"end":{"line":99,"column":38}},{"start":{"line":99,"column":38},"end":{"line":99,"column":61}}]},"14":{"loc":{"start":{"line":99,"column":16},"end":{"line":99,"column":38}},"type":"binary-expr","locations":[{"start":{"line":99,"column":16},"end":{"line":99,"column":38}},{"start":{"line":99,"column":34},"end":{"line":99,"column":38}}]},"15":{"loc":{"start":{"line":102,"column":8},"end":{"line":106,"column":null}},"type":"if","locations":[{"start":{"line":102,"column":8},"end":{"line":106,"column":null}}]},"16":{"loc":{"start":{"line":125,"column":8},"end":{"line":133,"column":null}},"type":"if","locations":[{"start":{"line":125,"column":8},"end":{"line":133,"column":null}}]},"17":{"loc":{"start":{"line":126,"column":12},"end":{"line":127,"column":74}},"type":"binary-expr","locations":[{"start":{"line":126,"column":12},"end":{"line":126,"column":37}},{"start":{"line":127,"column":13},"end":{"line":127,"column":34}},{"start":{"line":127,"column":38},"end":{"line":127,"column":73}}]},"18":{"loc":{"start":{"line":127,"column":38},"end":{"line":127,"column":59}},"type":"cond-expr","locations":[{"start":{"line":127,"column":55},"end":{"line":127,"column":57}},{"start":{"line":127,"column":55},"end":{"line":127,"column":59}}]},"19":{"loc":{"start":{"line":127,"column":38},"end":{"line":127,"column":57}},"type":"binary-expr","locations":[{"start":{"line":127,"column":38},"end":{"line":127,"column":57}},{"start":{"line":127,"column":55},"end":{"line":127,"column":57}}]},"20":{"loc":{"start":{"line":174,"column":8},"end":{"line":179,"column":null}},"type":"if","locations":[{"start":{"line":174,"column":8},"end":{"line":179,"column":null}}]},"21":{"loc":{"start":{"line":190,"column":43},"end":{"line":190,"column":60}},"type":"binary-expr","locations":[{"start":{"line":190,"column":43},"end":{"line":190,"column":47}},{"start":{"line":190,"column":51},"end":{"line":190,"column":60}}]},"22":{"loc":{"start":{"line":193,"column":20},"end":{"line":193,"column":75}},"type":"cond-expr","locations":[{"start":{"line":193,"column":38},"end":{"line":193,"column":71}},{"start":{"line":193,"column":74},"end":{"line":193,"column":75}}]}},"s":{"0":0,"1":0,"2":0,"3":0,"4":0,"5":0,"6":0,"7":0,"8":0,"9":0,"10":0,"11":0,"12":0,"13":0,"14":0,"15":0,"16":0,"17":0,"18":0,"19":0,"20":0,"21":0,"22":0,"23":0,"24":0,"25":0,"26":0,"27":0,"28":0,"29":0,"30":0,"31":0,"32":0,"33":0,"34":0,"35":0,"36":0,"37":0,"38":0,"39":0,"40":0,"41":0,"42":0,"43":0,"44":0,"45":0,"46":0,"47":0,"48":0,"49":0,"50":0,"51":0,"52":0,"53":0,"54":0,"55":0},"f":{"0":0,"1":0,"2":0,"3":0,"4":0,"5":0,"6":0,"7":0,"8":0,"9":0},"b":{"0":[0],"1":[0],"2":[0,0],"3":[0],"4":[0],"5":[0,0],"6":[0,0],"7":[0,0],"8":[0,0],"9":[0,0],"10":[0,0],"11":[0,0],"12":[0,0],"13":[0,0],"14":[0,0],"15":[0],"16":[0],"17":[0,0,0],"18":[0,0],"19":[0,0],"20":[0],"21":[0,0],"22":[0,0]}}
,"B:\\Work\\interexy-shop\\server\\src\\app\\products\\dtos\\product-details.dto.ts": {"path":"B:\\Work\\interexy-shop\\server\\src\\app\\products\\dtos\\product-details.dto.ts","statementMap":{"0":{"start":{"line":1,"column":0},"end":{"line":1,"column":55}},"1":{"start":{"line":2,"column":0},"end":{"line":2,"column":46}},"2":{"start":{"line":5,"column":0},"end":{"line":5,"column":56}},"3":{"start":{"line":40,"column":20},"end":{"line":40,"column":43}},"4":{"start":{"line":41,"column":8},"end":{"line":41,"column":27}},"5":{"start":{"line":42,"column":8},"end":{"line":42,"column":33}},"6":{"start":{"line":43,"column":8},"end":{"line":43,"column":39}},"7":{"start":{"line":44,"column":8},"end":{"line":44,"column":31}},"8":{"start":{"line":45,"column":8},"end":{"line":45,"column":45}},"9":{"start":{"line":47,"column":8},"end":{"line":47,"column":19}},"10":{"start":{"line":53,"column":20},"end":{"line":53,"column":43}},"11":{"start":{"line":54,"column":8},"end":{"line":54,"column":38}},"12":{"start":{"line":55,"column":8},"end":{"line":55,"column":44}},"13":{"start":{"line":56,"column":8},"end":{"line":56,"column":36}},"14":{"start":{"line":57,"column":8},"end":{"line":57,"column":50}},"15":{"start":{"line":59,"column":8},"end":{"line":59,"column":19}},"16":{"start":{"line":11,"column":4},"end":{"line":16,"column":null}},"17":{"start":{"line":18,"column":4},"end":{"line":23,"column":null}},"18":{"start":{"line":25,"column":4},"end":{"line":30,"column":null}},"19":{"start":{"line":32,"column":4},"end":{"line":37,"column":null}},"20":{"start":{"line":10,"column":0},"end":{"line":10,"column":13}}},"fnMap":{"0":{"name":"(anonymous_2)","decl":{"start":{"line":39,"column":11},"end":{"line":39,"column":17}},"loc":{"start":{"line":39,"column":57},"end":{"line":48,"column":5}}},"1":{"name":"(anonymous_3)","decl":{"start":{"line":50,"column":11},"end":{"line":50,"column":17}},"loc":{"start":{"line":51,"column":63},"end":{"line":60,"column":5}}}},"branchMap":{},"s":{"0":0,"1":0,"2":0,"3":0,"4":0,"5":0,"6":0,"7":0,"8":0,"9":0,"10":0,"11":0,"12":0,"13":0,"14":0,"15":0,"16":0,"17":0,"18":0,"19":0,"20":0},"f":{"0":0,"1":0},"b":{}}
[...]
,"B:\\Work\\interexy-shop\\server\\src\\app\\users\\repos\\user-details.repository.ts": {"path":"B:\\Work\\interexy-shop\\server\\src\\app\\users\\repos\\user-details.repository.ts","statementMap":{"0":{"start":{"line":1,"column":0},"end":{"line":1,"column":44}},"1":{"start":{"line":2,"column":0},"end":{"line":2,"column":51}},"2":{"start":{"line":3,"column":0},"end":{"line":3,"column":37}},"3":{"start":{"line":6,"column":0},"end":{"line":6,"column":68}},"4":{"start":{"line":10,"column":7},"end":{"line":39,"column":null}},"5":{"start":{"line":14,"column":8},"end":{"line":14,"column":110}},"6":{"start":{"line":18,"column":27},"end":{"line":24,"column":10}},"7":{"start":{"line":25,"column":8},"end":{"line":25,"column":43}},"8":{"start":{"line":29,"column":8},"end":{"line":29,"column":null}},"9":{"start":{"line":33,"column":8},"end":{"line":33,"column":null}},"10":{"start":{"line":37,"column":8},"end":{"line":37,"column":40}},"11":{"start":{"line":10,"column":13},"end":{"line":39,"column":null}},"12":{"start":{"line":10,"column":13},"end":{"line":10,"column":34}}},"fnMap":{"0":{"name":"(anonymous_4)","decl":{"start":{"line":11,"column":4},"end":{"line":11,"column":null}},"loc":{"start":{"line":12,"column":97},"end":{"line":15,"column":5}}},"1":{"name":"(anonymous_5)","decl":{"start":{"line":17,"column":4},"end":{"line":17,"column":9}},"loc":{"start":{"line":17,"column":55},"end":{"line":26,"column":5}}},"2":{"name":"(anonymous_6)","decl":{"start":{"line":28,"column":4},"end":{"line":28,"column":9}},"loc":{"start":{"line":28,"column":41},"end":{"line":30,"column":5}}},"3":{"name":"(anonymous_7)","decl":{"start":{"line":32,"column":4},"end":{"line":32,"column":9}},"loc":{"start":{"line":32,"column":42},"end":{"line":34,"column":5}}},"4":{"name":"(anonymous_8)","decl":{"start":{"line":36,"column":4},"end":{"line":36,"column":9}},"loc":{"start":{"line":36,"column":44},"end":{"line":38,"column":5}}}},"branchMap":{},"s":{"0":2,"1":2,"2":2,"3":2,"4":2,"5":0,"6":0,"7":0,"8":0,"9":0,"10":0,"11":2,"12":2},"f":{"0":0,"1":0,"2":0,"3":0,"4":0},"b":{}}
,"B:\\Work\\interexy-shop\\server\\src\\app\\users\\repos\\user-view.repository.ts": {"path":"B:\\Work\\interexy-shop\\server\\src\\app\\users\\repos\\user-view.repository.ts","statementMap":{"0":{"start":{"line":1,"column":0},"end":{"line":1,"column":44}},"1":{"start":{"line":2,"column":0},"end":{"line":2,"column":51}},"2":{"start":{"line":3,"column":0},"end":{"line":3,"column":37}},"3":{"start":{"line":6,"column":0},"end":{"line":6,"column":62}},"4":{"start":{"line":9,"column":7},"end":{"line":32,"column":null}},"5":{"start":{"line":14,"column":8},"end":{"line":18,"column":10}},"6":{"start":{"line":22,"column":8},"end":{"line":22,"column":33}},"7":{"start":{"line":26,"column":8},"end":{"line":30,"column":11}},"8":{"start":{"line":9,"column":13},"end":{"line":32,"column":null}},"9":{"start":{"line":9,"column":13},"end":{"line":9,"column":31}}},"fnMap":{"0":{"name":"(anonymous_4)","decl":{"start":{"line":10,"column":4},"end":{"line":10,"column":null}},"loc":{"start":{"line":12,"column":54},"end":{"line":19,"column":5}}},"1":{"name":"(anonymous_5)","decl":{"start":{"line":21,"column":4},"end":{"line":21,"column":9}},"loc":{"start":{"line":21,"column":21},"end":{"line":23,"column":5}}},"2":{"name":"(anonymous_6)","decl":{"start":{"line":25,"column":4},"end":{"line":25,"column":9}},"loc":{"start":{"line":25,"column":32},"end":{"line":31,"column":5}}}},"branchMap":{},"s":{"0":2,"1":2,"2":2,"3":2,"4":2,"5":0,"6":0,"7":0,"8":2,"9":2},"f":{"0":0,"1":0,"2":0},"b":{}}
,"B:\\Work\\interexy-shop\\server\\src\\app\\users\\repos\\user.repository.ts": {"path":"B:\\Work\\interexy-shop\\server\\src\\app\\users\\repos\\user.repository.ts","statementMap":{"0":{"start":{"line":1,"column":0},"end":{"line":1,"column":44}},"1":{"start":{"line":2,"column":0},"end":{"line":2,"column":51}},"2":{"start":{"line":3,"column":0},"end":{"line":3,"column":37}},"3":{"start":{"line":6,"column":0},"end":{"line":6,"column":53}},"4":{"start":{"line":10,"column":7},"end":{"line":75,"column":null}},"5":{"start":{"line":14,"column":4},"end":{"line":18,"column":6}},"6":{"start":{"line":22,"column":17},"end":{"line":22,"column":33}},"7":{"start":{"line":23,"column":4},"end":{"line":23,"column":29}},"8":{"start":{"line":25,"column":20},"end":{"line":35,"column":6}},"9":{"start":{"line":36,"column":4},"end":{"line":36,"column":36}},"10":{"start":{"line":40,"column":4},"end":{"line":44,"column":7}},"11":{"start":{"line":48,"column":4},"end":{"line":52,"column":7}},"12":{"start":{"line":56,"column":4},"end":{"line":56,"column":33}},"13":{"start":{"line":60,"column":4},"end":{"line":60,"column":33}},"14":{"start":{"line":64,"column":17},"end":{"line":64,"column":53}},"15":{"start":{"line":65,"column":4},"end":{"line":68,"column":7}},"16":{"start":{"line":72,"column":4},"end":{"line":72,"column":50}},"17":{"start":{"line":10,"column":13},"end":{"line":75,"column":null}},"18":{"start":{"line":10,"column":13},"end":{"line":10,"column":27}}},"fnMap":{"0":{"name":"(anonymous_4)","decl":{"start":{"line":11,"column":2},"end":{"line":11,"column":null}},"loc":{"start":{"line":12,"column":72},"end":{"line":19,"column":3}}},"1":{"name":"(anonymous_5)","decl":{"start":{"line":21,"column":2},"end":{"line":21,"column":7}},"loc":{"start":{"line":21,"column":37},"end":{"line":37,"column":3}}},"2":{"name":"(anonymous_6)","decl":{"start":{"line":39,"column":2},"end":{"line":39,"column":7}},"loc":{"start":{"line":39,"column":35},"end":{"line":45,"column":3}}},"3":{"name":"(anonymous_7)","decl":{"start":{"line":47,"column":2},"end":{"line":47,"column":7}},"loc":{"start":{"line":47,"column":30},"end":{"line":53,"column":3}}},"4":{"name":"(anonymous_8)","decl":{"start":{"line":55,"column":2},"end":{"line":55,"column":7}},"loc":{"start":{"line":55,"column":39},"end":{"line":57,"column":3}}},"5":{"name":"(anonymous_9)","decl":{"start":{"line":59,"column":2},"end":{"line":59,"column":7}},"loc":{"start":{"line":59,"column":42},"end":{"line":61,"column":3}}},"6":{"name":"(anonymous_10)","decl":{"start":{"line":63,"column":2},"end":{"line":63,"column":7}},"loc":{"start":{"line":63,"column":37},"end":{"line":69,"column":3}}},"7":{"name":"(anonymous_11)","decl":{"start":{"line":71,"column":2},"end":{"line":71,"column":7}},"loc":{"start":{"line":71,"column":36},"end":{"line":73,"column":3}}}},"branchMap":{},"s":{"0":5,"1":5,"2":5,"3":5,"4":5,"5":0,"6":0,"7":0,"8":0,"9":0,"10":0,"11":0,"12":0,"13":0,"14":0,"15":0,"16":0,"17":5,"18":5},"f":{"0":0,"1":0,"2":0,"3":0,"4":0,"5":0,"6":0,"7":0},"b":{}}
,"B:\\Work\\interexy-shop\\server\\src\\app\\users\\tests\\mocks\\data.mock.ts": {"path":"B:\\Work\\interexy-shop\\server\\src\\app\\users\\tests\\mocks\\data.mock.ts","statementMap":{"0":{"start":{"line":1,"column":0},"end":{"line":1,"column":81}},"1":{"start":{"line":2,"column":0},"end":{"line":2,"column":69}},"2":{"start":{"line":4,"column":13},"end":{"line":15,"column":2}},"3":{"start":{"line":17,"column":13},"end":{"line":29,"column":null}},"4":{"start":{"line":31,"column":13},"end":{"line":42,"column":2}},"5":{"start":{"line":44,"column":13},"end":{"line":51,"column":2}},"6":{"start":{"line":53,"column":13},"end":{"line":70,"column":2}},"7":{"start":{"line":72,"column":13},"end":{"line":74,"column":null}},"8":{"start":{"line":77,"column":13},"end":{"line":79,"column":null}},"9":{"start":{"line":82,"column":13},"end":{"line":88,"column":2}},"10":{"start":{"line":90,"column":13},"end":{"line":99,"column":2}},"11":{"start":{"line":101,"column":13},"end":{"line":109,"column":2}},"12":{"start":{"line":111,"column":13},"end":{"line":114,"column":2}},"13":{"start":{"line":116,"column":13},"end":{"line":121,"column":2}}},"fnMap":{},"branchMap":{},"s":{"0":2,"1":2,"2":2,"3":2,"4":2,"5":2,"6":2,"7":2,"8":2,"9":2,"10":2,"11":2,"12":2,"13":2},"f":{},"b":{}}
,"B:\\Work\\interexy-shop\\server\\src\\config\\data-source.ts": {"path":"B:\\Work\\interexy-shop\\server\\src\\config\\data-source.ts","statementMap":{"0":{"start":{"line":1,"column":0},"end":{"line":1,"column":37}},"1":{"start":{"line":2,"column":0},"end":{"line":2,"column":47}},"2":{"start":{"line":4,"column":0},"end":{"line":4,"column":46}}},"fnMap":{},"branchMap":{},"s":{"0":0,"1":0,"2":0},"f":{},"b":{}}
,"B:\\Work\\interexy-shop\\server\\src\\config\\database.config.ts": {"path":"B:\\Work\\interexy-shop\\server\\src\\config\\database.config.ts","statementMap":{"0":{"start":{"line":1,"column":0},"end":{"line":1,"column":23}},"1":{"start":{"line":5,"column":0},"end":{"line":5,"column":63}},"2":{"start":{"line":6,"column":0},"end":{"line":6,"column":72}},"3":{"start":{"line":7,"column":0},"end":{"line":7,"column":63}},"4":{"start":{"line":8,"column":0},"end":{"line":8,"column":72}},"5":{"start":{"line":9,"column":0},"end":{"line":9,"column":87}},"6":{"start":{"line":10,"column":0},"end":{"line":10,"column":94}},"7":{"start":{"line":11,"column":0},"end":{"line":11,"column":62}},"8":{"start":{"line":12,"column":0},"end":{"line":12,"column":71}},"9":{"start":{"line":13,"column":0},"end":{"line":13,"column":78}},"10":{"start":{"line":14,"column":0},"end":{"line":14,"column":66}},"11":{"start":{"line":15,"column":0},"end":{"line":15,"column":75}},"12":{"start":{"line":18,"column":0},"end":{"line":18,"column":94}},"13":{"start":{"line":19,"column":0},"end":{"line":19,"column":94}},"14":{"start":{"line":20,"column":0},"end":{"line":20,"column":94}},"15":{"start":{"line":21,"column":0},"end":{"line":21,"column":94}},"16":{"start":{"line":22,"column":0},"end":{"line":22,"column":94}},"17":{"start":{"line":23,"column":0},"end":{"line":23,"column":94}},"18":{"start":{"line":24,"column":0},"end":{"line":24,"column":94}},"19":{"start":{"line":25,"column":0},"end":{"line":25,"column":94}},"20":{"start":{"line":26,"column":0},"end":{"line":26,"column":94}},"21":{"start":{"line":27,"column":0},"end":{"line":27,"column":94}},"22":{"start":{"line":28,"column":0},"end":{"line":28,"column":94}},"23":{"start":{"line":29,"column":0},"end":{"line":29,"column":94}},"24":{"start":{"line":30,"column":0},"end":{"line":30,"column":94}},"25":{"start":{"line":31,"column":0},"end":{"line":31,"column":94}},"26":{"start":{"line":32,"column":0},"end":{"line":32,"column":94}},"27":{"start":{"line":33,"column":0},"end":{"line":33,"column":94}},"28":{"start":{"line":34,"column":0},"end":{"line":34,"column":94}},"29":{"start":{"line":35,"column":0},"end":{"line":35,"column":94}},"30":{"start":{"line":36,"column":0},"end":{"line":36,"column":94}},"31":{"start":{"line":37,"column":0},"end":{"line":37,"column":94}},"32":{"start":{"line":38,"column":0},"end":{"line":38,"column":94}},"33":{"start":{"line":40,"column":50},"end":{"line":95,"column":2}},"34":{"start":{"line":97,"column":0},"end":{"line":97,"column":30}}},"fnMap":{},"branchMap":{},"s":{"0":0,"1":0,"2":0,"3":0,"4":0,"5":0,"6":0,"7":0,"8":0,"9":0,"10":0,"11":0,"12":0,"13":0,"14":0,"15":0,"16":0,"17":0,"18":0,"19":0,"20":0,"21":0,"22":0,"23":0,"24":0,"25":0,"26":0,"27":0,"28":0,"29":0,"30":0,"31":0,"32":0,"33":0,"34":0},"f":{},"b":{}}
,"B:\\Work\\interexy-shop\\server\\src\\shared\\dtos\\uuid.dto.ts": {"path":"B:\\Work\\interexy-shop\\server\\src\\shared\\dtos\\uuid.dto.ts","statementMap":{"0":{"start":{"line":1,"column":0},"end":{"line":1,"column":46}},"1":{"start":{"line":4,"column":2},"end":{"line":7,"column":null}},"2":{"start":{"line":9,"column":2},"end":{"line":12,"column":null}},"3":{"start":{"line":14,"column":2},"end":{"line":17,"column":null}},"4":{"start":{"line":3,"column":0},"end":{"line":3,"column":22}}},"fnMap":{},"branchMap":{},"s":{"0":4,"1":4,"2":4,"3":4,"4":4},"f":{},"b":{}}
,"B:\\Work\\interexy-shop\\server\\src\\shared\\entities\\id.entity.ts": {"path":"B:\\Work\\interexy-shop\\server\\src\\shared\\entities\\id.entity.ts","statementMap":{"0":{"start":{"line":1,"column":0},"end":{"line":1,"column":75}},"1":{"start":{"line":4,"column":4},"end":{"line":5,"column":null}},"2":{"start":{"line":7,"column":4},"end":{"line":12,"column":null}},"3":{"start":{"line":10,"column":23},"end":{"line":10,"column":45}},"4":{"start":{"line":14,"column":4},"end":{"line":19,"column":null}},"5":{"start":{"line":16,"column":23},"end":{"line":16,"column":45}},"6":{"start":{"line":3,"column":0},"end":{"line":3,"column":22}}},"fnMap":{"0":{"name":"(anonymous_2)","decl":{"start":{"line":10,"column":17},"end":{"line":10,"column":20}},"loc":{"start":{"line":10,"column":23},"end":{"line":10,"column":45}}},"1":{"name":"(anonymous_3)","decl":{"start":{"line":16,"column":17},"end":{"line":16,"column":20}},"loc":{"start":{"line":16,"column":23},"end":{"line":16,"column":45}}}},"branchMap":{},"s":{"0":6,"1":6,"2":6,"3":0,"4":6,"5":0,"6":6},"f":{"0":0,"1":0},"b":{}}
,"B:\\Work\\interexy-shop\\server\\src\\shared\\entities\\uuid.entity.ts": {"path":"B:\\Work\\interexy-shop\\server\\src\\shared\\entities\\uuid.entity.ts","statementMap":{"0":{"start":{"line":1,"column":0},"end":{"line":1,"column":57}},"1":{"start":{"line":4,"column":4},"end":{"line":5,"column":null}},"2":{"start":{"line":7,"column":4},"end":{"line":12,"column":null}},"3":{"start":{"line":10,"column":23},"end":{"line":10,"column":45}},"4":{"start":{"line":14,"column":4},"end":{"line":19,"column":null}},"5":{"start":{"line":16,"column":23},"end":{"line":16,"column":45}},"6":{"start":{"line":3,"column":0},"end":{"line":3,"column":22}}},"fnMap":{"0":{"name":"(anonymous_2)","decl":{"start":{"line":10,"column":17},"end":{"line":10,"column":20}},"loc":{"start":{"line":10,"column":23},"end":{"line":10,"column":45}}},"1":{"name":"(anonymous_3)","decl":{"start":{"line":16,"column":17},"end":{"line":16,"column":20}},"loc":{"start":{"line":16,"column":23},"end":{"line":16,"column":45}}}},"branchMap":{},"s":{"0":6,"1":6,"2":6,"3":0,"4":6,"5":0,"6":6},"f":{"0":0,"1":0},"b":{}}
,"B:\\Work\\interexy-shop\\server\\src\\shared\\types\\error-codes.enum.ts": {"path":"B:\\Work\\interexy-shop\\server\\src\\shared\\types\\error-codes.enum.ts","statementMap":{"0":{"start":{"line":1,"column":0},"end":{"line":1,"column":null}},"1":{"start":{"line":2,"column":4},"end":{"line":2,"column":null}},"2":{"start":{"line":3,"column":4},"end":{"line":3,"column":null}},"3":{"start":{"line":4,"column":4},"end":{"line":4,"column":null}},"4":{"start":{"line":5,"column":4},"end":{"line":5,"column":null}},"5":{"start":{"line":7,"column":4},"end":{"line":7,"column":null}}},"fnMap":{"0":{"name":"(anonymous_0)","decl":{"start":{"line":1,"column":0},"end":{"line":1,"column":12}},"loc":{"start":{"line":1,"column":22},"end":{"line":8,"column":3}}}},"branchMap":{"0":{"loc":{"start":{"line":1,"column":12},"end":{"line":1,"column":null}},"type":"binary-expr","locations":[{"start":{"line":1,"column":12},"end":{"line":1,"column":22}},{"start":{"line":1,"column":12},"end":{"line":1,"column":null}}]}},"s":{"0":0,"1":0,"2":0,"3":0,"4":0,"5":0},"f":{"0":0},"b":{"0":[0,0]}}
,"B:\\Work\\interexy-shop\\server\\src\\shared\\types\\user-permissions.enum.ts": {"path":"B:\\Work\\interexy-shop\\server\\src\\shared\\types\\user-permissions.enum.ts","statementMap":{"0":{"start":{"line":1,"column":0},"end":{"line":1,"column":null}},"1":{"start":{"line":2,"column":2},"end":{"line":2,"column":null}},"2":{"start":{"line":5,"column":2},"end":{"line":5,"column":null}},"3":{"start":{"line":6,"column":2},"end":{"line":6,"column":null}},"4":{"start":{"line":7,"column":2},"end":{"line":7,"column":null}},"5":{"start":{"line":10,"column":2},"end":{"line":10,"column":null}},"6":{"start":{"line":11,"column":2},"end":{"line":11,"column":null}},"7":{"start":{"line":12,"column":2},"end":{"line":12,"column":null}},"8":{"start":{"line":13,"column":2},"end":{"line":13,"column":null}},"9":{"start":{"line":14,"column":2},"end":{"line":14,"column":null}},"10":{"start":{"line":15,"column":2},"end":{"line":15,"column":null}},"11":{"start":{"line":16,"column":2},"end":{"line":16,"column":null}},"12":{"start":{"line":19,"column":2},"end":{"line":19,"column":null}},"13":{"start":{"line":20,"column":2},"end":{"line":20,"column":null}},"14":{"start":{"line":21,"column":2},"end":{"line":21,"column":null}},"15":{"start":{"line":22,"column":2},"end":{"line":22,"column":null}},"16":{"start":{"line":23,"column":2},"end":{"line":23,"column":null}},"17":{"start":{"line":26,"column":2},"end":{"line":26,"column":null}},"18":{"start":{"line":27,"column":2},"end":{"line":27,"column":null}},"19":{"start":{"line":28,"column":2},"end":{"line":28,"column":null}},"20":{"start":{"line":29,"column":2},"end":{"line":29,"column":null}},"21":{"start":{"line":30,"column":2},"end":{"line":30,"column":null}},"22":{"start":{"line":33,"column":2},"end":{"line":33,"column":null}},"23":{"start":{"line":34,"column":2},"end":{"line":34,"column":null}},"24":{"start":{"line":35,"column":2},"end":{"line":35,"column":null}},"25":{"start":{"line":36,"column":2},"end":{"line":36,"column":null}}},"fnMap":{"0":{"name":"(anonymous_0)","decl":{"start":{"line":1,"column":0},"end":{"line":1,"column":12}},"loc":{"start":{"line":1,"column":27},"end":{"line":37,"column":1}}}},"branchMap":{"0":{"loc":{"start":{"line":1,"column":12},"end":{"line":1,"column":null}},"type":"binary-expr","locations":[{"start":{"line":1,"column":12},"end":{"line":1,"column":27}},{"start":{"line":1,"column":12},"end":{"line":1,"column":null}}]}},"s":{"0":6,"1":6,"2":6,"3":6,"4":6,"5":6,"6":6,"7":6,"8":6,"9":6,"10":6,"11":6,"12":6,"13":6,"14":6,"15":6,"16":6,"17":6,"18":6,"19":6,"20":6,"21":6,"22":6,"23":6,"24":6,"25":6},"f":{"0":6},"b":{"0":[6,6]}}
,"B:\\Work\\interexy-shop\\server\\src\\shared\\types\\user-roles.enum.ts": {"path":"B:\\Work\\interexy-shop\\server\\src\\shared\\types\\user-roles.enum.ts","statementMap":{"0":{"start":{"line":1,"column":0},"end":{"line":1,"column":null}},"1":{"start":{"line":2,"column":4},"end":{"line":2,"column":null}},"2":{"start":{"line":3,"column":4},"end":{"line":3,"column":null}},"3":{"start":{"line":4,"column":4},"end":{"line":4,"column":null}}},"fnMap":{"0":{"name":"(anonymous_0)","decl":{"start":{"line":1,"column":0},"end":{"line":1,"column":12}},"loc":{"start":{"line":1,"column":21},"end":{"line":5,"column":1}}}},"branchMap":{"0":{"loc":{"start":{"line":1,"column":12},"end":{"line":1,"column":null}},"type":"binary-expr","locations":[{"start":{"line":1,"column":12},"end":{"line":1,"column":21}},{"start":{"line":1,"column":12},"end":{"line":1,"column":null}}]}},"s":{"0":6,"1":6,"2":6,"3":6},"f":{"0":6},"b":{"0":[6,6]}}
}
