TN:
SF:src\app.module.ts
FNF:0
FNH:0
DA:1,0
DA:2,0
DA:3,0
DA:4,0
DA:7,0
DA:8,0
DA:9,0
DA:10,0
DA:11,0
DA:12,0
DA:13,0
DA:14,0
DA:15,0
DA:39,0
LF:14
LH:0
BRF:0
BRH:0
end_of_record
TN:
SF:src\main.ts
FN:5,(anonymous_0)
FN:18,(anonymous_1)
FNF:2
FNH:0
FNDA:0,(anonymous_0)
FNDA:0,(anonymous_1)
DA:1,0
DA:2,0
DA:3,0
DA:5,0
DA:6,0
DA:7,0
DA:9,0
DA:16,0
DA:17,0
DA:18,0
DA:21,0
LF:11
LH:0
BRDA:7,0,0,0
BRDA:7,0,1,0
BRF:2
BRH:0
end_of_record
TN:
SF:src\app\auth\auth.controller.ts
FN:23,(anonymous_4)
FN:33,(anonymous_5)
FN:48,(anonymous_6)
FNF:3
FNH:0
FNDA:0,(anonymous_4)
FNDA:0,(anonymous_5)
FNDA:0,(anonymous_6)
DA:2,0
DA:10,0
DA:13,0
DA:14,0
DA:15,0
DA:18,0
DA:22,0
DA:23,0
DA:33,0
DA:37,0
DA:48,0
DA:52,0
LF:12
LH:0
BRF:0
BRH:0
end_of_record
TN:
SF:src\app\auth\auth.module.ts
FNF:0
FNH:0
DA:2,0
DA:3,0
DA:6,0
DA:7,0
DA:8,0
DA:11,0
DA:12,0
DA:13,0
DA:16,0
DA:17,0
DA:20,0
DA:21,0
DA:22,0
DA:42,0
LF:14
LH:0
BRF:0
BRH:0
end_of_record
TN:
SF:src\app\auth\auth.service.ts
FN:26,(anonymous_2)
FN:34,(anonymous_3)
FN:63,(anonymous_4)
FNF:3
FNH:0
FNDA:0,(anonymous_2)
FNDA:0,(anonymous_3)
FNDA:0,(anonymous_4)
DA:2,0
DA:5,0
DA:13,0
DA:14,0
DA:15,0
DA:18,0
DA:21,0
DA:22,0
DA:25,0
DA:27,0
DA:28,0
DA:29,0
DA:30,0
DA:31,0
DA:35,0
DA:37,0
DA:38,0
DA:40,0
DA:41,0
DA:45,0
DA:46,0
DA:53,0
DA:55,0
DA:56,0
DA:58,0
DA:59,0
DA:60,0
DA:64,0
DA:66,0
DA:67,0
DA:70,0
DA:71,0
DA:73,0
DA:75,0
DA:76,0
DA:80,0
DA:81,0
LF:37
LH:0
BRDA:37,0,0,0
BRDA:66,1,0,0
BRDA:75,2,0,0
BRF:3
BRH:0
end_of_record
TN:
SF:src\app\auth\dtos\user-sign-in.dto.ts
FN:18,(anonymous_2)
FN:25,(anonymous_3)
FNF:2
FNH:0
FNDA:0,(anonymous_2)
FNDA:0,(anonymous_3)
DA:1,0
DA:2,0
DA:3,0
DA:5,0
DA:6,0
DA:12,0
DA:19,0
DA:20,0
DA:21,0
DA:22,0
DA:26,0
DA:27,0
DA:28,0
DA:31,0
LF:14
LH:0
BRDA:27,0,0,0
BRDA:27,1,0,0
BRDA:27,1,1,0
BRDA:27,2,0,0
BRDA:27,2,1,0
BRF:5
BRH:0
end_of_record
TN:
SF:src\app\auth\dtos\user-sign-up.dto.ts
FNF:0
FNH:0
DA:1,0
DA:14,0
DA:16,0
DA:17,0
DA:25,0
DA:33,0
LF:6
LH:0
BRF:0
BRH:0
end_of_record
TN:
SF:src\app\cart\cart.controller.ts
FN:38,(anonymous_4)
FN:50,(anonymous_5)
FN:66,(anonymous_6)
FN:85,(anonymous_7)
FN:105,(anonymous_8)
FN:121,(anonymous_9)
FNF:6
FNH:0
FNDA:0,(anonymous_4)
FNDA:0,(anonymous_5)
FNDA:0,(anonymous_6)
FNDA:0,(anonymous_7)
FNDA:0,(anonymous_8)
FNDA:0,(anonymous_9)
DA:1,0
DA:13,0
DA:16,0
DA:17,0
DA:20,0
DA:21,0
DA:24,0
DA:27,0
DA:30,0
DA:33,0
DA:37,0
DA:38,0
DA:50,0
DA:51,0
DA:53,0
DA:66,0
DA:70,0
DA:72,0
DA:85,0
DA:89,0
DA:91,0
DA:105,0
DA:106,0
DA:108,0
DA:121,0
DA:125,0
DA:127,0
LF:27
LH:0
BRF:0
BRH:0
end_of_record
TN:
SF:src\app\cart\cart.module.ts
FNF:0
FNH:0
DA:1,0
DA:2,0
DA:5,0
DA:8,0
DA:9,0
DA:12,0
DA:13,0
DA:14,0
DA:15,0
DA:16,0
DA:19,0
DA:20,0
DA:21,0
DA:22,0
DA:23,0
DA:47,0
LF:16
LH:0
BRF:0
BRH:0
end_of_record
TN:
SF:src\app\cart\cart.service.ts
FN:19,(anonymous_2)
FN:26,(anonymous_3)
FN:34,(anonymous_4)
FN:48,(anonymous_5)
FN:55,(anonymous_6)
FN:71,(anonymous_7)
FN:77,(anonymous_8)
FN:88,(anonymous_9)
FN:98,(anonymous_10)
FN:101,(anonymous_11)
FN:109,(anonymous_12)
FN:130,(anonymous_13)
FNF:12
FNH:0
FNDA:0,(anonymous_2)
FNDA:0,(anonymous_3)
FNDA:0,(anonymous_4)
FNDA:0,(anonymous_5)
FNDA:0,(anonymous_6)
FNDA:0,(anonymous_7)
FNDA:0,(anonymous_8)
FNDA:0,(anonymous_9)
FNDA:0,(anonymous_10)
FNDA:0,(anonymous_11)
FNDA:0,(anonymous_12)
FNDA:0,(anonymous_13)
DA:1,0
DA:5,0
DA:8,0
DA:9,0
DA:10,0
DA:11,0
DA:18,0
DA:20,0
DA:21,0
DA:22,0
DA:23,0
DA:30,0
DA:31,0
DA:33,0
DA:34,0
DA:37,0
DA:38,0
DA:43,0
DA:45,0
DA:52,0
DA:54,0
DA:55,0
DA:58,0
DA:59,0
DA:65,0
DA:67,0
DA:68,0
DA:75,0
DA:77,0
DA:78,0
DA:80,0
DA:81,0
DA:87,0
DA:88,0
DA:91,0
DA:93,0
DA:95,0
DA:99,0
DA:101,0
DA:102,0
DA:104,0
DA:106,0
DA:110,0
DA:112,0
DA:113,0
DA:119,0
DA:120,0
DA:121,0
DA:122,0
DA:125,0
DA:134,0
DA:138,0
DA:139,0
DA:145,0
DA:146,0
DA:152,0
DA:153,0
DA:154,0
DA:155,0
DA:156,0
DA:157,0
DA:159,0
LF:62
LH:0
BRDA:37,0,0,0
BRDA:58,1,0,0
BRDA:80,2,0,0
BRDA:112,3,0,0
BRDA:119,4,0,0
BRDA:138,5,0,0
BRDA:145,6,0,0
BRF:7
BRH:0
end_of_record
TN:
SF:src\app\cart\dtos\cart-item.dto.ts
FNF:0
FNH:0
DA:1,1
DA:8,1
DA:10,1
DA:11,1
DA:19,1
LF:5
LH:5
BRF:0
BRH:0
end_of_record
TN:
SF:src\app\cart\dtos\cart-session.dto.ts
FN:24,(anonymous_2)
FN:30,(anonymous_3)
FN:21,(anonymous_4)
FNF:3
FNH:0
FNDA:0,(anonymous_2)
FNDA:0,(anonymous_3)
FNDA:0,(anonymous_4)
DA:1,1
DA:2,1
DA:3,1
DA:6,1
DA:7,1
DA:12,1
DA:13,1
DA:21,0
DA:25,0
DA:27,0
DA:28,0
DA:29,0
DA:30,0
DA:35,0
LF:14
LH:7
BRF:0
BRH:0
end_of_record
TN:
SF:src\app\cart\entities\cart-item.entity.ts
FN:19,(anonymous_2)
FN:19,(anonymous_3)
FNF:2
FNH:0
FNDA:0,(anonymous_2)
FNDA:0,(anonymous_3)
DA:1,3
DA:4,3
DA:5,3
DA:8,3
DA:9,3
DA:13,3
DA:16,3
DA:19,3
LF:8
LH:8
BRF:0
BRH:0
end_of_record
TN:
SF:src\app\cart\entities\cart.entity.ts
FN:21,(anonymous_2)
FN:21,(anonymous_3)
FN:25,(anonymous_4)
FN:25,(anonymous_5)
FNF:4
FNH:0
FNDA:0,(anonymous_2)
FNDA:0,(anonymous_3)
FNDA:0,(anonymous_4)
FNDA:0,(anonymous_5)
DA:1,3
DA:11,3
DA:12,3
DA:13,3
DA:16,3
DA:17,3
DA:21,3
DA:25,3
LF:8
LH:8
BRF:0
BRH:0
end_of_record
TN:
SF:src\app\cart\repos\cart-item.repository.ts
FN:10,(anonymous_4)
FN:15,(anonymous_5)
FN:21,(anonymous_6)
FN:25,(anonymous_7)
FNF:4
FNH:0
FNDA:0,(anonymous_4)
FNDA:0,(anonymous_5)
FNDA:0,(anonymous_6)
FNDA:0,(anonymous_7)
DA:1,0
DA:2,0
DA:3,0
DA:6,0
DA:9,0
DA:12,0
DA:16,0
DA:18,0
DA:22,0
DA:26,0
LF:10
LH:0
BRF:0
BRH:0
end_of_record
TN:
SF:src\app\cart\repos\cart.repository.ts
FN:11,(anonymous_4)
FN:16,(anonymous_5)
FN:21,(anonymous_6)
FN:29,(anonymous_7)
FN:33,(anonymous_8)
FN:40,(anonymous_9)
FNF:6
FNH:0
FNDA:0,(anonymous_4)
FNDA:0,(anonymous_5)
FNDA:0,(anonymous_6)
FNDA:0,(anonymous_7)
FNDA:0,(anonymous_8)
FNDA:0,(anonymous_9)
DA:1,0
DA:2,0
DA:3,0
DA:6,0
DA:10,0
DA:13,0
DA:17,0
DA:18,0
DA:22,0
DA:23,0
DA:24,0
DA:25,0
DA:26,0
DA:30,0
DA:34,0
DA:41,0
DA:55,0
LF:17
LH:0
BRF:0
BRH:0
end_of_record
TN:
SF:src\app\orders\order.controller.ts
FN:20,(anonymous_4)
FN:34,(anonymous_5)
FN:51,(anonymous_6)
FN:67,(anonymous_7)
FN:82,(anonymous_8)
FNF:5
FNH:3
FNDA:4,(anonymous_4)
FNDA:0,(anonymous_5)
FNDA:0,(anonymous_6)
FNDA:1,(anonymous_7)
FNDA:2,(anonymous_8)
DA:1,1
DA:2,1
DA:4,1
DA:7,1
DA:8,1
DA:11,1
DA:12,1
DA:13,1
DA:14,1
DA:19,1
DA:21,4
DA:34,1
DA:38,0
DA:51,1
DA:54,0
DA:67,1
DA:68,1
DA:82,1
DA:85,2
LF:19
LH:17
BRF:0
BRH:0
end_of_record
TN:
SF:src\app\orders\order.module.ts
FNF:0
FNH:0
DA:1,0
DA:2,0
DA:5,0
DA:6,0
DA:7,0
DA:8,0
DA:9,0
DA:10,0
DA:11,0
DA:12,0
DA:18,0
DA:19,0
DA:21,0
DA:26,0
DA:27,0
DA:31,0
DA:32,0
DA:61,0
LF:18
LH:0
BRF:0
BRH:0
end_of_record
TN:
SF:src\app\orders\order.service.ts
FN:25,(anonymous_2)
FN:32,(anonymous_3)
FN:36,(anonymous_4)
FN:40,(anonymous_5)
FN:44,(anonymous_6)
FN:49,(anonymous_7)
FN:65,(anonymous_8)
FN:76,(anonymous_9)
FN:84,(anonymous_10)
FNF:9
FNH:0
FNDA:0,(anonymous_2)
FNDA:0,(anonymous_3)
FNDA:0,(anonymous_4)
FNDA:0,(anonymous_5)
FNDA:0,(anonymous_6)
FNDA:0,(anonymous_7)
FNDA:0,(anonymous_8)
FNDA:0,(anonymous_9)
FNDA:0,(anonymous_10)
DA:1,1
DA:7,1
DA:12,1
DA:15,1
DA:18,1
DA:20,1
DA:21,1
DA:24,1
DA:26,0
DA:27,0
DA:28,0
DA:29,0
DA:33,0
DA:37,0
DA:41,0
DA:42,0
DA:44,0
DA:45,0
DA:49,0
DA:50,0
DA:52,0
DA:53,0
DA:60,0
DA:62,0
DA:64,0
DA:66,0
DA:74,0
DA:75,0
DA:77,0
DA:80,0
DA:81,0
DA:89,0
DA:90,0
DA:91,0
DA:92,0
DA:93,0
DA:94,0
DA:95,0
DA:96,0
DA:98,0
LF:40
LH:8
BRDA:41,0,0,0
BRDA:52,1,0,0
BRF:2
BRH:0
end_of_record
TN:
SF:src\app\orders\dtos\create-order-item.dto.ts
FNF:0
FNH:0
DA:2,0
LF:1
LH:0
BRF:0
BRH:0
end_of_record
TN:
SF:src\app\orders\dtos\create-order.dto.ts
FNF:0
FNH:0
DA:1,0
LF:1
LH:0
BRF:0
BRH:0
end_of_record
TN:
SF:src\app\orders\dtos\order.dto.ts
FN:8,(anonymous_0)
FNF:1
FNH:0
FNDA:0,(anonymous_0)
DA:1,1
DA:4,1
DA:9,0
DA:10,0
DA:11,0
DA:12,0
DA:13,0
DA:14,0
DA:16,0
LF:9
LH:2
BRF:0
BRH:0
end_of_record
TN:
SF:src\app\orders\entities\order-item.entity.ts
FN:23,(anonymous_2)
FN:30,(anonymous_3)
FN:30,(anonymous_4)
FNF:3
FNH:0
FNDA:0,(anonymous_2)
FNDA:0,(anonymous_3)
FNDA:0,(anonymous_4)
DA:1,3
DA:4,3
DA:5,3
DA:6,3
DA:9,3
DA:11,3
DA:14,3
DA:17,3
DA:20,3
DA:23,3
DA:27,3
DA:30,3
LF:12
LH:12
BRF:0
BRH:0
end_of_record
TN:
SF:src\app\orders\entities\order.entity.ts
FN:19,(anonymous_2)
FN:19,(anonymous_3)
FN:23,(anonymous_4)
FN:23,(anonymous_5)
FNF:4
FNH:0
FNDA:0,(anonymous_2)
FNDA:0,(anonymous_3)
FNDA:0,(anonymous_4)
FNDA:0,(anonymous_5)
DA:1,3
DA:2,3
DA:5,3
DA:6,3
DA:7,3
DA:10,3
DA:12,3
DA:16,3
DA:19,3
DA:23,3
LF:10
LH:10
BRF:0
BRH:0
end_of_record
TN:
SF:src\app\orders\repos\order-item.repository.ts
FN:8,(anonymous_4)
FN:14,(anonymous_5)
FNF:2
FNH:0
FNDA:0,(anonymous_4)
FNDA:0,(anonymous_5)
DA:1,1
DA:2,1
DA:3,1
DA:4,1
DA:7,1
DA:11,0
DA:15,0
LF:7
LH:5
BRF:0
BRH:0
end_of_record
TN:
SF:src\app\orders\repos\order.repository.ts
FN:13,(anonymous_4)
FN:19,(anonymous_5)
FN:23,(anonymous_6)
FN:33,(anonymous_7)
FN:37,(anonymous_8)
FNF:5
FNH:0
FNDA:0,(anonymous_4)
FNDA:0,(anonymous_5)
FNDA:0,(anonymous_6)
FNDA:0,(anonymous_7)
FNDA:0,(anonymous_8)
DA:1,1
DA:2,1
DA:3,1
DA:6,1
DA:12,1
DA:16,0
DA:20,0
DA:24,0
DA:25,0
DA:26,0
DA:27,0
DA:28,0
DA:29,0
DA:30,0
DA:34,0
DA:38,0
LF:16
LH:5
BRF:0
BRH:0
end_of_record
TN:
SF:src\app\products\products.controller.ts
FN:36,(anonymous_4)
FN:48,(anonymous_5)
FN:67,(anonymous_6)
FN:72,(anonymous_7)
FN:77,(anonymous_8)
FN:82,(anonymous_9)
FN:94,(anonymous_10)
FN:114,(anonymous_11)
FN:134,(anonymous_12)
FNF:9
FNH:0
FNDA:0,(anonymous_4)
FNDA:0,(anonymous_5)
FNDA:0,(anonymous_6)
FNDA:0,(anonymous_7)
FNDA:0,(anonymous_8)
FNDA:0,(anonymous_9)
FNDA:0,(anonymous_10)
FNDA:0,(anonymous_11)
FNDA:0,(anonymous_12)
DA:1,0
DA:14,0
DA:17,0
DA:18,0
DA:19,0
DA:20,0
DA:21,0
DA:22,0
DA:25,0
DA:28,0
DA:31,0
DA:35,0
DA:36,0
DA:48,0
DA:51,0
DA:55,0
DA:67,0
DA:70,0
DA:72,0
DA:77,0
DA:80,0
DA:82,0
DA:94,0
DA:97,0
DA:101,0
DA:114,0
DA:118,0
DA:134,0
DA:137,0
DA:141,0
LF:30
LH:0
BRF:0
BRH:0
end_of_record
TN:
SF:src\app\products\products.module.ts
FNF:0
FNH:0
DA:1,0
DA:2,0
DA:5,0
DA:8,0
DA:9,0
DA:12,0
DA:13,0
DA:14,0
DA:17,0
DA:18,0
DA:19,0
DA:39,0
LF:12
LH:0
BRF:0
BRH:0
end_of_record
TN:
SF:src\app\products\products.service.ts
FN:24,(anonymous_2)
FN:30,(anonymous_3)
FN:59,(anonymous_4)
FN:71,(anonymous_5)
FN:81,(anonymous_6)
FN:113,(anonymous_7)
FN:169,(anonymous_8)
FN:185,(anonymous_9)
FN:190,(anonymous_10)
FN:191,(anonymous_11)
FNF:10
FNH:0
FNDA:0,(anonymous_2)
FNDA:0,(anonymous_3)
FNDA:0,(anonymous_4)
FNDA:0,(anonymous_5)
FNDA:0,(anonymous_6)
FNDA:0,(anonymous_7)
FNDA:0,(anonymous_8)
FNDA:0,(anonymous_9)
FNDA:0,(anonymous_10)
FNDA:0,(anonymous_11)
DA:1,0
DA:2,0
DA:10,0
DA:11,0
DA:12,0
DA:15,0
DA:17,0
DA:19,0
DA:20,0
DA:23,0
DA:25,0
DA:26,0
DA:27,0
DA:33,0
DA:37,0
DA:38,0
DA:44,0
DA:45,0
DA:49,0
DA:53,0
DA:62,0
DA:63,0
DA:68,0
DA:72,0
DA:76,0
DA:84,0
DA:88,0
DA:95,0
DA:102,0
DA:103,0
DA:108,0
DA:117,0
DA:121,0
DA:125,0
DA:129,0
DA:136,0
DA:140,0
DA:144,0
DA:149,0
DA:153,0
DA:155,0
DA:157,0
DA:161,0
DA:166,0
DA:170,0
DA:174,0
DA:175,0
DA:181,0
DA:182,0
DA:186,0
DA:188,0
DA:190,0
DA:191,0
DA:197,0
LF:54
LH:0
BRDA:37,0,0,0
BRDA:44,1,0,0
BRDA:44,2,0,0
BRDA:44,2,1,0
BRDA:60,3,0,0
BRDA:62,4,0,0
BRDA:89,5,0,0
BRDA:89,5,1,0
BRDA:91,6,0,0
BRDA:91,6,1,0
BRDA:91,7,0,0
BRDA:91,7,1,0
BRDA:92,8,0,0
BRDA:92,8,1,0
BRDA:92,9,0,0
BRDA:92,9,1,0
BRDA:96,10,0,0
BRDA:96,10,1,0
BRDA:98,11,0,0
BRDA:98,11,1,0
BRDA:98,12,0,0
BRDA:98,12,1,0
BRDA:99,13,0,0
BRDA:99,13,1,0
BRDA:99,14,0,0
BRDA:99,14,1,0
BRDA:102,15,0,0
BRDA:125,16,0,0
BRDA:126,17,0,0
BRDA:126,17,1,0
BRDA:126,17,2,0
BRDA:127,18,0,0
BRDA:127,18,1,0
BRDA:127,19,0,0
BRDA:127,19,1,0
BRDA:174,20,0,0
BRDA:190,21,0,0
BRDA:190,21,1,0
BRDA:193,22,0,0
BRDA:193,22,1,0
BRF:40
BRH:0
end_of_record
TN:
SF:src\app\products\dtos\product-details.dto.ts
FN:39,(anonymous_2)
FN:50,(anonymous_3)
FNF:2
FNH:0
FNDA:0,(anonymous_2)
FNDA:0,(anonymous_3)
DA:1,0
DA:2,0
DA:5,0
DA:10,0
DA:11,0
DA:18,0
DA:25,0
DA:32,0
DA:40,0
DA:41,0
DA:42,0
DA:43,0
DA:44,0
DA:45,0
DA:47,0
DA:53,0
DA:54,0
DA:55,0
DA:56,0
DA:57,0
DA:59,0
LF:21
LH:0
BRF:0
BRH:0
end_of_record
TN:
SF:src\app\products\dtos\product-with-details.dto.ts
FN:14,(anonymous_0)
FNF:1
FNH:0
FNDA:0,(anonymous_0)
DA:6,0
DA:7,0
DA:8,0
DA:10,0
DA:21,0
DA:23,0
DA:24,0
DA:25,0
DA:26,0
DA:27,0
DA:28,0
DA:29,0
DA:30,0
DA:31,0
DA:32,0
DA:33,0
DA:34,0
DA:35,0
DA:36,0
DA:38,0
LF:20
LH:0
BRF:0
BRH:0
end_of_record
TN:
SF:src\app\products\dtos\product.dto.ts
FN:80,(anonymous_2)
FN:98,(anonymous_3)
FNF:2
FNH:0
FNDA:0,(anonymous_2)
FNDA:0,(anonymous_3)
DA:1,0
DA:11,0
DA:14,0
DA:17,0
DA:25,0
DA:26,0
DA:35,0
DA:42,0
DA:49,0
DA:57,0
DA:65,0
DA:72,0
DA:83,0
DA:84,0
DA:85,0
DA:86,0
DA:87,0
DA:88,0
DA:89,0
DA:90,0
DA:91,0
DA:92,0
DA:93,0
DA:95,0
DA:101,0
DA:102,0
DA:103,0
DA:104,0
DA:105,0
DA:106,0
DA:107,0
DA:108,0
DA:110,0
LF:33
LH:0
BRF:0
BRH:0
end_of_record
TN:
SF:src\app\products\dtos\products-filter.dto.ts
FN:94,(anonymous_2)
FNF:1
FNH:0
FNDA:0,(anonymous_2)
DA:1,0
DA:10,0
DA:13,0
DA:15,0
DA:16,0
DA:25,0
DA:32,0
DA:39,0
DA:47,0
DA:54,0
DA:62,0
DA:70,0
DA:78,0
DA:86,0
DA:95,0
DA:96,0
DA:97,0
DA:98,0
DA:99,0
DA:102,0
DA:105,0
DA:107,0
LF:22
LH:0
BRF:0
BRH:0
end_of_record
TN:
SF:src\app\products\dtos\products-optional.dto.ts
FNF:0
FNH:0
DA:1,0
DA:10,0
DA:13,0
DA:15,0
DA:16,0
DA:25,0
DA:32,0
DA:39,0
DA:47,0
DA:55,0
DA:62,0
DA:70,0
DA:77,0
DA:84,0
DA:91,0
LF:15
LH:0
BRF:0
BRH:0
end_of_record
TN:
SF:src\app\products\dtos\products-query.dto.ts
FNF:0
FNH:0
DA:1,0
DA:2,0
DA:5,0
DA:7,0
DA:8,0
LF:5
LH:0
BRF:0
BRH:0
end_of_record
TN:
SF:src\app\products\entities\product-active-view.entity.ts
FNF:0
FNH:0
DA:1,0
DA:4,0
DA:14,0
LF:3
LH:0
BRF:0
BRH:0
end_of_record
TN:
SF:src\app\products\entities\product-details.entity.ts
FNF:0
FNH:0
DA:1,3
DA:4,3
DA:9,3
DA:10,3
DA:13,3
DA:16,3
DA:19,3
LF:7
LH:7
BRF:0
BRH:0
end_of_record
TN:
SF:src\app\products\entities\product.entity.ts
FN:37,(anonymous_2)
FNF:1
FNH:0
FNDA:0,(anonymous_2)
DA:1,3
DA:4,3
DA:5,3
DA:8,3
DA:11,3
DA:12,3
DA:16,3
DA:19,3
DA:22,3
DA:25,3
DA:28,3
DA:31,3
DA:34,3
DA:37,3
LF:14
LH:14
BRF:0
BRH:0
end_of_record
TN:
SF:src\app\products\enums\products-category.enum.ts
FN:1,(anonymous_0)
FNF:1
FNH:1
FNDA:3,(anonymous_0)
DA:1,3
DA:2,3
DA:3,3
DA:4,3
LF:4
LH:4
BRDA:1,0,0,3
BRDA:1,0,1,3
BRF:2
BRH:2
end_of_record
TN:
SF:src\app\products\repos\product-details.repository.ts
FN:11,(anonymous_4)
FN:16,(anonymous_5)
FN:28,(anonymous_6)
FN:36,(anonymous_7)
FNF:4
FNH:0
FNDA:0,(anonymous_4)
FNDA:0,(anonymous_5)
FNDA:0,(anonymous_6)
FNDA:0,(anonymous_7)
DA:1,0
DA:2,0
DA:3,0
DA:6,0
DA:10,0
DA:13,0
DA:19,0
DA:21,0
DA:22,0
DA:23,0
DA:25,0
DA:31,0
DA:39,0
DA:40,0
LF:14
LH:0
BRF:0
BRH:0
end_of_record
TN:
SF:src\app\products\repos\products-active-view.repository.ts
FN:13,(anonymous_4)
FN:18,(anonymous_5)
FN:24,(anonymous_6)
FN:28,(anonymous_7)
FN:36,(anonymous_8)
FN:42,(anonymous_9)
FNF:6
FNH:0
FNDA:0,(anonymous_4)
FNDA:0,(anonymous_5)
FNDA:0,(anonymous_6)
FNDA:0,(anonymous_7)
FNDA:0,(anonymous_8)
FNDA:0,(anonymous_9)
DA:1,0
DA:2,0
DA:3,0
DA:6,0
DA:12,0
DA:15,0
DA:19,0
DA:25,0
DA:31,0
DA:37,0
DA:45,0
LF:11
LH:0
BRF:0
BRH:0
end_of_record
TN:
SF:src\app\products\repos\products.repository.ts
FN:12,(anonymous_4)
FN:17,(anonymous_5)
FN:23,(anonymous_6)
FN:37,(anonymous_7)
FN:41,(anonymous_8)
FN:47,(anonymous_9)
FN:55,(anonymous_10)
FN:59,(anonymous_11)
FN:64,(anonymous_12)
FN:72,(anonymous_13)
FNF:10
FNH:0
FNDA:0,(anonymous_4)
FNDA:0,(anonymous_5)
FNDA:0,(anonymous_6)
FNDA:0,(anonymous_7)
FNDA:0,(anonymous_8)
FNDA:0,(anonymous_9)
FNDA:0,(anonymous_10)
FNDA:0,(anonymous_11)
FNDA:0,(anonymous_12)
FNDA:0,(anonymous_13)
DA:1,1
DA:2,1
DA:3,1
DA:6,1
DA:11,1
DA:14,0
DA:18,0
DA:27,0
DA:29,0
DA:30,0
DA:31,0
DA:32,0
DA:34,0
DA:38,0
DA:42,0
DA:50,0
DA:56,0
DA:60,0
DA:61,0
DA:65,0
DA:75,0
LF:21
LH:5
BRF:0
BRH:0
end_of_record
TN:
SF:src\app\roles\role.controller.ts
FN:29,(anonymous_4)
FN:41,(anonymous_5)
FN:57,(anonymous_6)
FN:71,(anonymous_7)
FN:87,(anonymous_8)
FN:103,(anonymous_9)
FNF:6
FNH:0
FNDA:0,(anonymous_4)
FNDA:0,(anonymous_5)
FNDA:0,(anonymous_6)
FNDA:0,(anonymous_7)
FNDA:0,(anonymous_8)
FNDA:0,(anonymous_9)
DA:1,0
DA:15,0
DA:18,0
DA:19,0
DA:20,0
DA:22,0
DA:23,0
DA:28,0
DA:29,0
DA:41,0
DA:44,0
DA:57,0
DA:58,0
DA:71,0
DA:74,0
DA:87,0
DA:90,0
DA:103,0
DA:107,0
LF:19
LH:0
BRF:0
BRH:0
end_of_record
TN:
SF:src\app\roles\role.module.ts
FNF:0
FNH:0
DA:1,0
DA:2,0
DA:5,0
DA:8,0
DA:9,0
DA:10,0
DA:13,0
DA:18,0
DA:19,0
DA:20,0
DA:41,0
LF:11
LH:0
BRF:0
BRH:0
end_of_record
TN:
SF:src\app\roles\role.service.ts
FN:14,(anonymous_2)
FN:16,(anonymous_3)
FN:27,(anonymous_4)
FN:31,(anonymous_5)
FN:35,(anonymous_6)
FN:39,(anonymous_7)
FN:43,(anonymous_8)
FNF:7
FNH:0
FNDA:0,(anonymous_2)
FNDA:0,(anonymous_3)
FNDA:0,(anonymous_4)
FNDA:0,(anonymous_5)
FNDA:0,(anonymous_6)
FNDA:0,(anonymous_7)
FNDA:0,(anonymous_8)
DA:1,0
DA:3,0
DA:13,0
DA:14,0
DA:17,0
DA:18,0
DA:19,0
DA:24,0
DA:28,0
DA:32,0
DA:36,0
DA:40,0
DA:44,0
DA:45,0
DA:46,0
LF:15
LH:0
BRDA:18,0,0,0
BRF:1
BRH:0
end_of_record
TN:
SF:src\app\roles\dtos\create-role.dto.ts
FNF:0
FNH:0
DA:1,0
DA:4,0
DA:5,0
DA:6,0
DA:8,0
DA:10,0
DA:14,0
DA:19,0
LF:8
LH:0
BRF:0
BRH:0
end_of_record
TN:
SF:src\app\roles\entities\role.entity.ts
FN:28,(anonymous_2)
FN:28,(anonymous_3)
FNF:2
FNH:0
FNDA:0,(anonymous_2)
FNDA:0,(anonymous_3)
DA:1,3
DA:4,3
DA:5,3
DA:8,3
DA:10,3
DA:14,3
DA:16,3
DA:20,3
DA:24,3
DA:28,3
LF:10
LH:10
BRF:0
BRH:0
end_of_record
TN:
SF:src\app\roles\repos\role.repository.ts
FN:14,(anonymous_4)
FN:24,(anonymous_5)
FN:35,(anonymous_6)
FN:41,(anonymous_7)
FN:45,(anonymous_8)
FN:49,(anonymous_9)
FN:53,(anonymous_10)
FN:57,(anonymous_11)
FNF:8
FNH:0
FNDA:0,(anonymous_4)
FNDA:0,(anonymous_5)
FNDA:0,(anonymous_6)
FNDA:0,(anonymous_7)
FNDA:0,(anonymous_8)
FNDA:0,(anonymous_9)
FNDA:0,(anonymous_10)
FNDA:0,(anonymous_11)
DA:1,3
DA:2,3
DA:3,3
DA:9,3
DA:13,3
DA:17,0
DA:25,0
DA:32,0
DA:36,0
DA:42,0
DA:46,0
DA:50,0
DA:54,0
DA:58,0
LF:14
LH:5
BRF:0
BRH:0
end_of_record
TN:
SF:src\app\security\jwt.strategy.ts
FN:16,(anonymous_2)
FN:24,(anonymous_3)
FNF:2
FNH:0
FNDA:0,(anonymous_2)
FNDA:0,(anonymous_3)
DA:1,0
DA:2,0
DA:5,0
DA:8,0
DA:9,0
DA:12,0
DA:15,0
DA:17,0
DA:25,0
LF:9
LH:0
BRF:0
BRH:0
end_of_record
TN:
SF:src\app\security\security.module.ts
FNF:0
FNH:0
DA:1,0
DA:2,0
DA:5,0
DA:6,0
DA:9,0
DA:10,0
DA:11,0
DA:14,0
DA:17,0
DA:18,0
DA:21,0
DA:22,0
DA:37,0
LF:13
LH:0
BRF:0
BRH:0
end_of_record
TN:
SF:src\app\security\security.service.ts
FN:15,(anonymous_2)
FN:21,(anonymous_3)
FN:27,(anonymous_4)
FNF:3
FNH:0
FNDA:0,(anonymous_2)
FNDA:0,(anonymous_3)
FNDA:0,(anonymous_4)
DA:1,2
DA:2,2
DA:5,2
DA:9,2
DA:11,2
DA:14,2
DA:16,0
DA:17,0
DA:18,0
DA:22,0
DA:23,0
DA:24,0
DA:28,0
DA:29,0
DA:30,0
LF:15
LH:6
BRF:0
BRH:0
end_of_record
TN:
SF:src\app\security\decorators\auth-permissions-guard.decorator.ts
FN:10,AuthPermissionsGuard
FNF:1
FNH:1
FNDA:10,AuthPermissionsGuard
DA:1,2
DA:7,2
DA:8,2
DA:10,2
DA:11,10
LF:5
LH:5
BRF:0
BRH:0
end_of_record
TN:
SF:src\app\security\dtos\token.dto.ts
FNF:0
FNH:0
DA:1,0
LF:1
LH:0
BRF:0
BRH:0
end_of_record
TN:
SF:src\app\security\guards\jwt-auth.guard.ts
FNF:0
FNH:0
DA:1,2
DA:2,2
DA:5,2
LF:3
LH:3
BRF:0
BRH:0
end_of_record
TN:
SF:src\app\security\guards\roles.guard.ts
FN:19,(anonymous_2)
FN:23,(anonymous_3)
FNF:2
FNH:0
FNDA:0,(anonymous_2)
FNDA:0,(anonymous_3)
DA:1,2
DA:8,2
DA:11,2
DA:14,2
DA:18,2
DA:20,0
DA:21,0
DA:24,0
DA:29,0
DA:31,0
DA:33,0
DA:35,0
DA:36,0
DA:39,0
DA:41,0
DA:43,0
DA:44,0
DA:47,0
DA:49,0
DA:51,0
LF:20
LH:5
BRDA:29,0,0,0
BRDA:35,1,0,0
BRDA:39,2,0,0
BRDA:43,3,0,0
BRDA:47,4,0,0
BRDA:49,5,0,0
BRF:6
BRH:0
end_of_record
TN:
SF:src\app\tasks\tasks.module.ts
FNF:0
FNH:0
DA:1,0
DA:2,0
DA:3,0
DA:5,0
DA:6,0
DA:7,0
DA:8,0
DA:14,0
LF:8
LH:0
BRF:0
BRH:0
end_of_record
TN:
SF:src\app\tasks\tasks.service.ts
FN:9,(anonymous_2)
FN:12,(anonymous_3)
FN:18,(anonymous_4)
FNF:3
FNH:0
FNDA:0,(anonymous_2)
FNDA:0,(anonymous_3)
FNDA:0,(anonymous_4)
DA:1,0
DA:2,0
DA:5,0
DA:8,0
DA:9,0
DA:12,0
DA:13,0
DA:14,0
DA:16,0
DA:18,0
DA:19,0
LF:11
LH:0
BRDA:16,0,0,0
BRF:1
BRH:0
end_of_record
TN:
SF:src\app\users\user.controller.ts
FN:35,(anonymous_4)
FN:48,(anonymous_5)
FN:65,(anonymous_6)
FN:82,(anonymous_7)
FN:100,(anonymous_8)
FN:117,(anonymous_9)
FN:135,(anonymous_10)
FN:150,(anonymous_11)
FNF:8
FNH:6
FNDA:11,(anonymous_4)
FNDA:1,(anonymous_5)
FNDA:0,(anonymous_6)
FNDA:0,(anonymous_7)
FNDA:2,(anonymous_8)
FNDA:2,(anonymous_9)
FNDA:2,(anonymous_10)
FNDA:3,(anonymous_11)
DA:1,1
DA:14,1
DA:15,1
DA:16,1
DA:19,1
DA:20,1
DA:21,1
DA:22,1
DA:23,1
DA:27,1
DA:30,1
DA:34,1
DA:35,11
DA:48,1
DA:51,1
DA:65,1
DA:68,0
DA:82,1
DA:86,0
DA:100,1
DA:103,2
DA:117,1
DA:121,2
DA:135,1
DA:136,2
DA:150,1
DA:154,3
LF:27
LH:25
BRF:0
BRH:0
end_of_record
TN:
SF:src\app\users\user.module.ts
FNF:0
FNH:0
DA:1,0
DA:2,0
DA:5,0
DA:6,0
DA:7,0
DA:8,0
DA:11,0
DA:12,0
DA:13,0
DA:14,0
DA:18,0
DA:19,0
DA:22,0
DA:23,0
DA:46,0
LF:15
LH:0
BRF:0
BRH:0
end_of_record
TN:
SF:src\app\users\user.service.ts
FN:22,(anonymous_2)
FN:29,(anonymous_3)
FN:36,(anonymous_4)
FN:41,(anonymous_5)
FN:45,(anonymous_6)
FN:57,(anonymous_7)
FN:61,(anonymous_8)
FN:82,(anonymous_9)
FN:85,(anonymous_10)
FNF:9
FNH:0
FNDA:0,(anonymous_2)
FNDA:0,(anonymous_3)
FNDA:0,(anonymous_4)
FNDA:0,(anonymous_5)
FNDA:0,(anonymous_6)
FNDA:0,(anonymous_7)
FNDA:0,(anonymous_8)
FNDA:0,(anonymous_9)
FNDA:0,(anonymous_10)
DA:1,2
DA:9,2
DA:10,2
DA:11,2
DA:18,2
DA:21,2
DA:23,0
DA:24,0
DA:25,0
DA:26,0
DA:30,0
DA:31,0
DA:33,0
DA:37,0
DA:38,0
DA:42,0
DA:46,0
DA:47,0
DA:50,0
DA:51,0
DA:52,0
DA:53,0
DA:54,0
DA:58,0
DA:62,0
DA:63,0
DA:66,0
DA:70,0
DA:71,0
DA:73,0
DA:74,0
DA:76,0
DA:83,0
DA:86,0
LF:34
LH:6
BRDA:30,0,0,0
BRF:1
BRH:0
end_of_record
TN:
SF:src\app\users\decorators\user.decorator.ts
FN:8,(anonymous_0)
FNF:1
FNH:0
FNDA:0,(anonymous_0)
DA:1,2
DA:5,2
DA:7,2
DA:9,0
DA:10,0
DA:11,0
LF:6
LH:3
BRDA:10,0,0,0
BRF:1
BRH:0
end_of_record
TN:
SF:src\app\users\dtos\assign-role-user.dto.ts
FNF:0
FNH:0
DA:1,1
DA:2,1
DA:4,1
DA:6,1
LF:4
LH:4
BRF:0
BRH:0
end_of_record
TN:
SF:src\app\users\dtos\create-user.dto.ts
FNF:0
FNH:0
DA:1,0
DA:8,0
DA:10,0
DA:12,0
DA:16,0
DA:20,0
LF:6
LH:0
BRF:0
BRH:0
end_of_record
TN:
SF:src\app\users\dtos\update-user.dto.ts
FNF:0
FNH:0
DA:1,1
DA:8,1
DA:10,1
DA:12,1
DA:16,1
DA:19,1
LF:6
LH:6
BRF:0
BRH:0
end_of_record
TN:
SF:src\app\users\dtos\user-details.dto.ts
FNF:0
FNH:0
DA:1,0
DA:2,0
DA:4,0
DA:6,0
DA:11,0
DA:16,0
LF:6
LH:0
BRF:0
BRH:0
end_of_record
TN:
SF:src\app\users\dtos\user-session.dto.ts
FN:61,(anonymous_2)
FN:74,(anonymous_3)
FNF:2
FNH:0
FNDA:0,(anonymous_2)
FNDA:0,(anonymous_3)
DA:1,2
DA:11,2
DA:12,2
DA:16,2
DA:17,2
DA:19,2
DA:21,2
DA:29,2
DA:36,2
DA:43,2
DA:52,2
DA:62,0
DA:75,0
DA:76,0
DA:78,0
DA:79,0
DA:80,0
DA:81,0
DA:82,0
DA:83,0
DA:84,0
LF:21
LH:11
BRDA:75,0,0,0
BRF:1
BRH:0
end_of_record
TN:
SF:src\app\users\entities\user-details.entity.ts
FNF:0
FNH:0
DA:1,3
DA:2,3
DA:3,3
DA:6,3
DA:8,3
DA:12,3
DA:16,3
LF:7
LH:7
BRF:0
BRH:0
end_of_record
TN:
SF:src\app\users\entities\user-view.entity.ts
FNF:0
FNH:0
DA:1,2
DA:8,2
DA:11,2
DA:16,2
DA:19,2
DA:20,2
DA:25,2
DA:38,2
DA:51,2
DA:65,2
DA:70,2
DA:75,2
LF:12
LH:12
BRF:0
BRH:0
end_of_record
TN:
SF:src\app\users\entities\user.entity.ts
FN:75,(anonymous_2)
FN:79,(anonymous_3)
FN:79,(anonymous_4)
FN:83,(anonymous_5)
FN:83,(anonymous_6)
FN:86,(anonymous_7)
FN:86,(anonymous_8)
FNF:7
FNH:0
FNDA:0,(anonymous_2)
FNDA:0,(anonymous_3)
FNDA:0,(anonymous_4)
FNDA:0,(anonymous_5)
FNDA:0,(anonymous_6)
FNDA:0,(anonymous_7)
FNDA:0,(anonymous_8)
DA:1,3
DA:11,3
DA:12,3
DA:13,3
DA:14,3
DA:17,3
DA:18,3
DA:19,3
DA:22,3
DA:23,3
DA:27,3
DA:35,3
DA:43,3
DA:51,3
DA:55,3
DA:59,3
DA:67,3
DA:75,3
DA:79,3
DA:83,3
DA:86,3
LF:21
LH:21
BRF:0
BRH:0
end_of_record
TN:
SF:src\app\users\repos\user-details.repository.ts
FN:11,(anonymous_4)
FN:17,(anonymous_5)
FN:28,(anonymous_6)
FN:32,(anonymous_7)
FN:36,(anonymous_8)
FNF:5
FNH:0
FNDA:0,(anonymous_4)
FNDA:0,(anonymous_5)
FNDA:0,(anonymous_6)
FNDA:0,(anonymous_7)
FNDA:0,(anonymous_8)
DA:1,2
DA:2,2
DA:3,2
DA:6,2
DA:10,2
DA:14,0
DA:18,0
DA:25,0
DA:29,0
DA:33,0
DA:37,0
LF:11
LH:5
BRF:0
BRH:0
end_of_record
TN:
SF:src\app\users\repos\user-view.repository.ts
FN:10,(anonymous_4)
FN:21,(anonymous_5)
FN:25,(anonymous_6)
FNF:3
FNH:0
FNDA:0,(anonymous_4)
FNDA:0,(anonymous_5)
FNDA:0,(anonymous_6)
DA:1,2
DA:2,2
DA:3,2
DA:6,2
DA:9,2
DA:14,0
DA:22,0
DA:26,0
LF:8
LH:5
BRF:0
BRH:0
end_of_record
TN:
SF:src\app\users\repos\user.repository.ts
FN:11,(anonymous_4)
FN:21,(anonymous_5)
FN:39,(anonymous_6)
FN:47,(anonymous_7)
FN:55,(anonymous_8)
FN:59,(anonymous_9)
FN:63,(anonymous_10)
FN:71,(anonymous_11)
FN:75,(anonymous_12)
FNF:9
FNH:0
FNDA:0,(anonymous_4)
FNDA:0,(anonymous_5)
FNDA:0,(anonymous_6)
FNDA:0,(anonymous_7)
FNDA:0,(anonymous_8)
FNDA:0,(anonymous_9)
FNDA:0,(anonymous_10)
FNDA:0,(anonymous_11)
FNDA:0,(anonymous_12)
DA:1,3
DA:2,3
DA:3,3
DA:6,3
DA:10,3
DA:14,0
DA:22,0
DA:23,0
DA:25,0
DA:36,0
DA:40,0
DA:48,0
DA:56,0
DA:60,0
DA:64,0
DA:65,0
DA:72,0
DA:76,0
LF:18
LH:5
BRF:0
BRH:0
end_of_record
TN:
SF:src\config\data-source.ts
FNF:0
FNH:0
DA:1,0
DA:2,0
DA:4,0
LF:3
LH:0
BRF:0
BRH:0
end_of_record
TN:
SF:src\config\database.config.ts
FNF:0
FNH:0
DA:1,0
DA:5,0
DA:6,0
DA:7,0
DA:8,0
DA:9,0
DA:10,0
DA:11,0
DA:12,0
DA:13,0
DA:14,0
DA:15,0
DA:18,0
DA:19,0
DA:20,0
DA:21,0
DA:22,0
DA:23,0
DA:24,0
DA:25,0
DA:26,0
DA:27,0
DA:28,0
DA:29,0
DA:30,0
DA:31,0
DA:32,0
DA:33,0
DA:34,0
DA:35,0
DA:36,0
DA:37,0
DA:38,0
DA:40,0
DA:97,0
LF:35
LH:0
BRF:0
BRH:0
end_of_record
TN:
SF:src\shared\dtos\uuid.dto.ts
FNF:0
FNH:0
DA:1,2
DA:3,2
DA:4,2
DA:9,2
DA:14,2
LF:5
LH:5
BRF:0
BRH:0
end_of_record
TN:
SF:src\shared\entities\id.entity.ts
FN:10,(anonymous_2)
FN:16,(anonymous_3)
FNF:2
FNH:0
FNDA:0,(anonymous_2)
FNDA:0,(anonymous_3)
DA:1,3
DA:3,3
DA:4,3
DA:7,3
DA:10,0
DA:14,3
DA:16,0
LF:7
LH:5
BRF:0
BRH:0
end_of_record
TN:
SF:src\shared\entities\uuid.entity.ts
FN:10,(anonymous_2)
FN:16,(anonymous_3)
FNF:2
FNH:0
FNDA:0,(anonymous_2)
FNDA:0,(anonymous_3)
DA:1,3
DA:3,3
DA:4,3
DA:7,3
DA:10,0
DA:14,3
DA:16,0
LF:7
LH:5
BRF:0
BRH:0
end_of_record
TN:
SF:src\shared\types\error-codes.enum.ts
FN:1,(anonymous_0)
FNF:1
FNH:0
FNDA:0,(anonymous_0)
DA:1,0
DA:2,0
DA:3,0
DA:4,0
DA:5,0
DA:7,0
LF:6
LH:0
BRDA:1,0,0,0
BRDA:1,0,1,0
BRF:2
BRH:0
end_of_record
TN:
SF:src\shared\types\user-permissions.enum.ts
FN:1,(anonymous_0)
FNF:1
FNH:1
FNDA:2,(anonymous_0)
DA:1,2
DA:2,2
DA:5,2
DA:6,2
DA:7,2
DA:10,2
DA:11,2
DA:12,2
DA:13,2
DA:14,2
DA:15,2
DA:16,2
DA:19,2
DA:20,2
DA:21,2
DA:22,2
DA:23,2
DA:26,2
DA:27,2
DA:28,2
DA:29,2
DA:30,2
DA:33,2
DA:34,2
DA:35,2
DA:36,2
LF:26
LH:26
BRDA:1,0,0,2
BRDA:1,0,1,2
BRF:2
BRH:2
end_of_record
TN:
SF:src\shared\types\user-roles.enum.ts
FN:1,(anonymous_0)
FNF:1
FNH:1
FNDA:3,(anonymous_0)
DA:1,3
DA:2,3
DA:3,3
DA:4,3
LF:4
LH:4
BRDA:1,0,0,3
BRDA:1,0,1,3
BRF:2
BRH:2
end_of_record
