TN:
SF:src\app.module.ts
FNF:0
FNH:0
DA:1,0
DA:2,0
DA:3,0
DA:4,0
DA:5,0
DA:6,0
DA:9,0
DA:10,0
DA:11,0
DA:12,0
DA:13,0
DA:14,0
DA:15,0
DA:16,0
DA:17,0
DA:46,0
LF:16
LH:0
BRF:0
BRH:0
end_of_record
TN:
SF:src\main.ts
FN:5,(anonymous_0)
FN:18,(anonymous_1)
FNF:2
FNH:0
FNDA:0,(anonymous_0)
FNDA:0,(anonymous_1)
DA:1,0
DA:2,0
DA:3,0
DA:5,0
DA:6,0
DA:7,0
DA:9,0
DA:16,0
DA:17,0
DA:18,0
DA:21,0
LF:11
LH:0
BRDA:7,0,0,0
BRDA:7,0,1,0
BRF:2
BRH:0
end_of_record
TN:
SF:src\app\auth\auth.controller.ts
FN:33,(anonymous_4)
FN:46,(anonymous_5)
FN:58,(anonymous_6)
FN:64,(anonymous_7)
FNF:4
FNH:3
FNDA:5,(anonymous_4)
FNDA:2,(anonymous_5)
FNDA:2,(anonymous_6)
FNDA:0,(anonymous_7)
DA:2,1
DA:11,1
DA:14,1
DA:15,1
DA:16,1
DA:17,1
DA:20,1
DA:21,1
DA:24,1
DA:25,1
DA:28,1
DA:32,1
DA:34,5
DA:35,5
DA:46,1
DA:47,2
DA:58,1
DA:59,2
DA:64,1
DA:65,0
DA:67,0
LF:21
LH:19
BRF:0
BRH:0
end_of_record
TN:
SF:src\app\auth\auth.module.ts
FNF:0
FNH:0
DA:2,0
DA:3,0
DA:6,0
DA:7,0
DA:8,0
DA:11,0
DA:12,0
DA:13,0
DA:16,0
DA:17,0
DA:20,0
DA:21,0
DA:22,0
DA:42,0
LF:14
LH:0
BRF:0
BRH:0
end_of_record
TN:
SF:src\app\auth\auth.service.ts
FN:26,(anonymous_2)
FN:34,(anonymous_3)
FN:62,(anonymous_4)
FNF:3
FNH:0
FNDA:0,(anonymous_2)
FNDA:0,(anonymous_3)
FNDA:0,(anonymous_4)
DA:2,2
DA:5,2
DA:13,2
DA:14,2
DA:15,2
DA:18,2
DA:21,2
DA:22,2
DA:25,2
DA:27,0
DA:28,0
DA:29,0
DA:30,0
DA:31,0
DA:35,0
DA:37,0
DA:38,0
DA:40,0
DA:41,0
DA:45,0
DA:46,0
DA:53,0
DA:55,0
DA:56,0
DA:58,0
DA:59,0
DA:63,0
DA:65,0
DA:66,0
DA:69,0
DA:70,0
DA:72,0
DA:74,0
DA:75,0
DA:79,0
DA:80,0
LF:36
LH:9
BRDA:37,0,0,0
BRDA:65,1,0,0
BRDA:74,2,0,0
BRF:3
BRH:0
end_of_record
TN:
SF:src\app\auth\dtos\user-sign-in.dto.ts
FN:18,(anonymous_2)
FN:25,(anonymous_3)
FNF:2
FNH:0
FNDA:0,(anonymous_2)
FNDA:0,(anonymous_3)
DA:1,1
DA:2,1
DA:3,1
DA:5,1
DA:6,1
DA:12,1
DA:19,0
DA:20,0
DA:21,0
DA:22,0
DA:26,0
DA:27,0
DA:28,0
DA:31,0
LF:14
LH:6
BRDA:27,0,0,0
BRDA:27,1,0,0
BRDA:27,1,1,0
BRDA:27,2,0,0
BRDA:27,2,1,0
BRF:5
BRH:0
end_of_record
TN:
SF:src\app\auth\dtos\user-sign-up.dto.ts
FNF:0
FNH:0
DA:1,0
DA:14,0
DA:16,0
DA:17,0
DA:25,0
DA:33,0
LF:6
LH:0
BRF:0
BRH:0
end_of_record
TN:
SF:src\app\cart\cart.controller.ts
FN:38,(anonymous_4)
FN:50,(anonymous_5)
FN:66,(anonymous_6)
FN:84,(anonymous_7)
FN:103,(anonymous_8)
FN:119,(anonymous_9)
FNF:6
FNH:6
FNDA:6,(anonymous_4)
FNDA:1,(anonymous_5)
FNDA:1,(anonymous_6)
FNDA:1,(anonymous_7)
FNDA:1,(anonymous_8)
FNDA:1,(anonymous_9)
DA:1,1
DA:13,1
DA:16,1
DA:17,1
DA:20,1
DA:21,1
DA:24,1
DA:27,1
DA:30,1
DA:33,1
DA:37,1
DA:38,6
DA:50,1
DA:51,1
DA:53,1
DA:66,1
DA:70,1
DA:71,1
DA:84,1
DA:88,1
DA:90,1
DA:103,1
DA:104,1
DA:106,1
DA:119,1
DA:123,1
DA:125,1
LF:27
LH:27
BRF:0
BRH:0
end_of_record
TN:
SF:src\app\cart\cart.module.ts
FNF:0
FNH:0
DA:1,0
DA:2,0
DA:5,0
DA:8,0
DA:9,0
DA:12,0
DA:13,0
DA:14,0
DA:15,0
DA:16,0
DA:19,0
DA:20,0
DA:21,0
DA:22,0
DA:23,0
DA:47,0
LF:16
LH:0
BRF:0
BRH:0
end_of_record
TN:
SF:src\app\cart\cart.service.ts
FN:20,(anonymous_2)
FN:27,(anonymous_3)
FN:35,(anonymous_4)
FN:49,(anonymous_5)
FN:56,(anonymous_6)
FN:74,(anonymous_7)
FN:80,(anonymous_8)
FN:91,(anonymous_9)
FN:101,(anonymous_10)
FN:104,(anonymous_11)
FN:112,(anonymous_12)
FN:133,(anonymous_13)
FNF:12
FNH:9
FNDA:12,(anonymous_2)
FNDA:2,(anonymous_3)
FNDA:2,(anonymous_4)
FNDA:0,(anonymous_5)
FNDA:0,(anonymous_6)
FNDA:2,(anonymous_7)
FNDA:1,(anonymous_8)
FNDA:2,(anonymous_9)
FNDA:1,(anonymous_10)
FNDA:0,(anonymous_11)
FNDA:8,(anonymous_12)
FNDA:5,(anonymous_13)
DA:1,2
DA:2,2
DA:6,2
DA:9,2
DA:10,2
DA:11,2
DA:12,2
DA:19,2
DA:21,12
DA:22,12
DA:23,12
DA:24,12
DA:31,2
DA:32,2
DA:34,2
DA:35,2
DA:38,2
DA:39,1
DA:44,1
DA:46,1
DA:53,0
DA:55,0
DA:56,0
DA:59,0
DA:60,0
DA:68,0
DA:70,0
DA:71,0
DA:78,2
DA:80,2
DA:81,1
DA:83,2
DA:84,1
DA:90,1
DA:91,2
DA:94,1
DA:96,1
DA:98,1
DA:102,1
DA:104,1
DA:105,1
DA:107,1
DA:109,1
DA:113,8
DA:115,8
DA:116,1
DA:122,7
DA:123,6
DA:124,6
DA:125,6
DA:128,7
DA:137,5
DA:141,5
DA:142,1
DA:148,4
DA:149,1
DA:157,3
DA:158,3
DA:159,3
DA:160,3
DA:161,3
DA:162,3
DA:164,3
LF:63
LH:55
BRDA:38,0,0,1
BRDA:59,1,0,0
BRDA:83,2,0,1
BRDA:115,3,0,1
BRDA:122,4,0,6
BRDA:141,5,0,1
BRDA:148,6,0,1
BRF:7
BRH:6
end_of_record
TN:
SF:src\app\cart\dtos\cart-item.dto.ts
FNF:0
FNH:0
DA:1,2
DA:8,2
DA:10,2
DA:11,2
DA:19,2
LF:5
LH:5
BRF:0
BRH:0
end_of_record
TN:
SF:src\app\cart\dtos\cart-session.dto.ts
FN:24,(anonymous_2)
FN:30,(anonymous_3)
FN:21,(anonymous_4)
FNF:3
FNH:2
FNDA:5,(anonymous_2)
FNDA:5,(anonymous_3)
FNDA:0,(anonymous_4)
DA:1,2
DA:2,2
DA:3,2
DA:6,2
DA:7,2
DA:12,2
DA:13,2
DA:21,0
DA:25,5
DA:27,5
DA:28,5
DA:29,5
DA:30,5
DA:35,5
LF:14
LH:13
BRF:0
BRH:0
end_of_record
TN:
SF:src\app\cart\entities\cart-item.entity.ts
FN:19,(anonymous_2)
FN:19,(anonymous_3)
FNF:2
FNH:0
FNDA:0,(anonymous_2)
FNDA:0,(anonymous_3)
DA:1,12
DA:4,12
DA:5,12
DA:8,12
DA:9,12
DA:13,12
DA:16,12
DA:19,12
LF:8
LH:8
BRF:0
BRH:0
end_of_record
TN:
SF:src\app\cart\entities\cart.entity.ts
FN:21,(anonymous_2)
FN:21,(anonymous_3)
FN:25,(anonymous_4)
FN:25,(anonymous_5)
FNF:4
FNH:0
FNDA:0,(anonymous_2)
FNDA:0,(anonymous_3)
FNDA:0,(anonymous_4)
FNDA:0,(anonymous_5)
DA:1,12
DA:11,12
DA:12,12
DA:13,12
DA:16,12
DA:17,12
DA:21,12
DA:25,12
LF:8
LH:8
BRF:0
BRH:0
end_of_record
TN:
SF:src\app\cart\repos\cart-item.repository.ts
FN:10,(anonymous_4)
FN:15,(anonymous_5)
FN:21,(anonymous_6)
FN:25,(anonymous_7)
FNF:4
FNH:0
FNDA:0,(anonymous_4)
FNDA:0,(anonymous_5)
FNDA:0,(anonymous_6)
FNDA:0,(anonymous_7)
DA:1,2
DA:2,2
DA:3,2
DA:6,2
DA:9,2
DA:12,0
DA:16,0
DA:18,0
DA:22,0
DA:26,0
LF:10
LH:5
BRF:0
BRH:0
end_of_record
TN:
SF:src\app\cart\repos\cart.repository.ts
FN:11,(anonymous_4)
FN:16,(anonymous_5)
FN:21,(anonymous_6)
FN:29,(anonymous_7)
FN:33,(anonymous_8)
FN:40,(anonymous_9)
FNF:6
FNH:0
FNDA:0,(anonymous_4)
FNDA:0,(anonymous_5)
FNDA:0,(anonymous_6)
FNDA:0,(anonymous_7)
FNDA:0,(anonymous_8)
FNDA:0,(anonymous_9)
DA:1,4
DA:2,4
DA:3,4
DA:6,4
DA:10,4
DA:13,0
DA:17,0
DA:18,0
DA:22,0
DA:23,0
DA:24,0
DA:25,0
DA:26,0
DA:30,0
DA:34,0
DA:41,0
DA:55,0
LF:17
LH:5
BRF:0
BRH:0
end_of_record
TN:
SF:src\app\cart\test\mocks\data.mocks.ts
FNF:0
FNH:0
DA:1,1
DA:2,1
DA:3,1
DA:6,1
DA:8,1
DA:24,1
DA:34,1
DA:44,1
DA:52,1
DA:60,1
DA:82,1
DA:83,1
DA:84,1
DA:86,1
DA:95,1
DA:104,1
LF:16
LH:16
BRF:0
BRH:0
end_of_record
TN:
SF:src\app\orders\order.controller.ts
FN:20,(anonymous_4)
FN:34,(anonymous_5)
FN:51,(anonymous_6)
FN:67,(anonymous_7)
FN:82,(anonymous_8)
FNF:5
FNH:5
FNDA:5,(anonymous_4)
FNDA:1,(anonymous_5)
FNDA:1,(anonymous_6)
FNDA:1,(anonymous_7)
FNDA:1,(anonymous_8)
DA:1,1
DA:2,1
DA:4,1
DA:5,1
DA:6,1
DA:9,1
DA:10,1
DA:11,1
DA:15,1
DA:19,1
DA:21,5
DA:34,1
DA:38,1
DA:51,1
DA:54,1
DA:67,1
DA:68,1
DA:82,1
DA:85,1
LF:19
LH:19
BRF:0
BRH:0
end_of_record
TN:
SF:src\app\orders\order.module.ts
FNF:0
FNH:0
DA:1,0
DA:2,0
DA:5,0
DA:6,0
DA:7,0
DA:8,0
DA:9,0
DA:10,0
DA:11,0
DA:12,0
DA:15,0
DA:16,0
DA:17,0
DA:20,0
DA:21,0
DA:24,0
DA:25,0
DA:55,0
LF:18
LH:0
BRF:0
BRH:0
end_of_record
TN:
SF:src\app\orders\order.service.ts
FN:19,(anonymous_2)
FN:26,(anonymous_3)
FN:30,(anonymous_4)
FN:41,(anonymous_5)
FN:48,(anonymous_6)
FN:53,(anonymous_7)
FN:78,(anonymous_8)
FN:89,(anonymous_9)
FN:98,(anonymous_10)
FNF:9
FNH:9
FNDA:8,(anonymous_2)
FNDA:1,(anonymous_3)
FNDA:2,(anonymous_4)
FNDA:3,(anonymous_5)
FNDA:4,(anonymous_6)
FNDA:2,(anonymous_7)
FNDA:1,(anonymous_8)
FNDA:1,(anonymous_9)
FNDA:2,(anonymous_10)
DA:1,2
DA:2,2
DA:5,2
DA:7,2
DA:12,2
DA:13,2
DA:14,2
DA:15,2
DA:18,2
DA:20,8
DA:21,8
DA:22,8
DA:23,8
DA:27,1
DA:31,2
DA:32,2
DA:33,1
DA:38,1
DA:42,3
DA:43,1
DA:48,4
DA:49,2
DA:53,2
DA:54,2
DA:56,2
DA:57,0
DA:66,2
DA:68,2
DA:69,1
DA:75,1
DA:77,1
DA:79,1
DA:87,1
DA:88,1
DA:90,1
DA:94,1
DA:95,1
DA:103,2
DA:104,2
DA:105,2
DA:106,2
DA:107,2
DA:108,2
DA:109,2
DA:110,2
DA:112,2
LF:46
LH:45
BRDA:32,0,0,1
BRDA:42,1,0,1
BRDA:56,2,0,0
BRDA:68,3,0,1
BRF:4
BRH:3
end_of_record
TN:
SF:src\app\orders\dtos\create-order-item.dto.ts
FNF:0
FNH:0
DA:2,0
LF:1
LH:0
BRF:0
BRH:0
end_of_record
TN:
SF:src\app\orders\dtos\create-order.dto.ts
FNF:0
FNH:0
DA:1,0
LF:1
LH:0
BRF:0
BRH:0
end_of_record
TN:
SF:src\app\orders\dtos\order.dto.ts
FN:8,(anonymous_0)
FNF:1
FNH:1
FNDA:1,(anonymous_0)
DA:1,2
DA:4,2
DA:9,1
DA:10,1
DA:11,1
DA:12,1
DA:13,1
DA:14,1
DA:16,1
LF:9
LH:9
BRF:0
BRH:0
end_of_record
TN:
SF:src\app\orders\entities\order-item.entity.ts
FN:23,(anonymous_2)
FN:30,(anonymous_3)
FN:30,(anonymous_4)
FNF:3
FNH:0
FNDA:0,(anonymous_2)
FNDA:0,(anonymous_3)
FNDA:0,(anonymous_4)
DA:1,12
DA:4,12
DA:5,12
DA:6,12
DA:9,12
DA:11,12
DA:14,12
DA:17,12
DA:20,12
DA:23,12
DA:27,12
DA:30,12
LF:12
LH:12
BRF:0
BRH:0
end_of_record
TN:
SF:src\app\orders\entities\order.entity.ts
FN:19,(anonymous_2)
FN:19,(anonymous_3)
FN:23,(anonymous_4)
FN:23,(anonymous_5)
FNF:4
FNH:0
FNDA:0,(anonymous_2)
FNDA:0,(anonymous_3)
FNDA:0,(anonymous_4)
FNDA:0,(anonymous_5)
DA:1,12
DA:2,12
DA:5,12
DA:6,12
DA:7,12
DA:10,12
DA:12,12
DA:16,12
DA:19,12
DA:23,12
LF:10
LH:10
BRF:0
BRH:0
end_of_record
TN:
SF:src\app\orders\repos\order-item.repository.ts
FN:8,(anonymous_4)
FN:14,(anonymous_5)
FNF:2
FNH:0
FNDA:0,(anonymous_4)
FNDA:0,(anonymous_5)
DA:1,2
DA:2,2
DA:3,2
DA:4,2
DA:7,2
DA:11,0
DA:15,0
LF:7
LH:5
BRF:0
BRH:0
end_of_record
TN:
SF:src\app\orders\repos\order.repository.ts
FN:11,(anonymous_4)
FN:17,(anonymous_5)
FN:21,(anonymous_6)
FN:31,(anonymous_7)
FN:35,(anonymous_8)
FN:39,(anonymous_9)
FNF:6
FNH:0
FNDA:0,(anonymous_4)
FNDA:0,(anonymous_5)
FNDA:0,(anonymous_6)
FNDA:0,(anonymous_7)
FNDA:0,(anonymous_8)
FNDA:0,(anonymous_9)
DA:1,2
DA:2,2
DA:3,2
DA:6,2
DA:10,2
DA:14,0
DA:18,0
DA:22,0
DA:23,0
DA:24,0
DA:25,0
DA:26,0
DA:27,0
DA:28,0
DA:32,0
DA:36,0
DA:40,0
LF:17
LH:5
BRF:0
BRH:0
end_of_record
TN:
SF:src\app\orders\test\mocks\data.mock.ts
FNF:0
FNH:0
DA:1,3
DA:2,3
DA:3,3
DA:5,3
DA:7,3
DA:19,3
DA:28,3
DA:37,3
DA:42,3
DA:47,3
DA:63,3
DA:73,3
DA:88,3
DA:100,3
DA:110,3
DA:118,3
DA:134,3
DA:184,3
DA:191,3
DA:199,3
DA:211,3
DA:222,3
LF:22
LH:22
BRF:0
BRH:0
end_of_record
TN:
SF:src\app\products\products.controller.ts
FN:36,(anonymous_4)
FN:48,(anonymous_5)
FN:67,(anonymous_6)
FN:72,(anonymous_7)
FN:77,(anonymous_8)
FN:82,(anonymous_9)
FN:94,(anonymous_10)
FN:114,(anonymous_11)
FN:134,(anonymous_12)
FNF:9
FNH:9
FNDA:7,(anonymous_4)
FNDA:1,(anonymous_5)
FNDA:1,(anonymous_6)
FNDA:2,(anonymous_7)
FNDA:1,(anonymous_8)
FNDA:2,(anonymous_9)
FNDA:1,(anonymous_10)
FNDA:1,(anonymous_11)
FNDA:1,(anonymous_12)
DA:1,1
DA:14,1
DA:17,1
DA:18,1
DA:19,1
DA:20,1
DA:21,1
DA:22,1
DA:25,1
DA:28,1
DA:31,1
DA:35,1
DA:36,7
DA:48,1
DA:51,1
DA:55,1
DA:67,1
DA:70,1
DA:72,2
DA:77,1
DA:80,1
DA:82,2
DA:94,1
DA:97,1
DA:101,1
DA:114,1
DA:118,1
DA:134,1
DA:137,1
DA:141,1
LF:30
LH:30
BRF:0
BRH:0
end_of_record
TN:
SF:src\app\products\products.module.ts
FNF:0
FNH:0
DA:1,0
DA:2,0
DA:5,0
DA:8,0
DA:9,0
DA:12,0
DA:13,0
DA:14,0
DA:17,0
DA:18,0
DA:19,0
DA:39,0
LF:12
LH:0
BRF:0
BRH:0
end_of_record
TN:
SF:src\app\products\products.service.ts
FN:25,(anonymous_2)
FN:31,(anonymous_3)
FN:62,(anonymous_4)
FN:74,(anonymous_5)
FN:84,(anonymous_6)
FN:116,(anonymous_7)
FN:183,(anonymous_8)
FN:199,(anonymous_9)
FN:204,(anonymous_10)
FN:205,(anonymous_11)
FNF:10
FNH:10
FNDA:13,(anonymous_2)
FNDA:2,(anonymous_3)
FNDA:2,(anonymous_4)
FNDA:1,(anonymous_5)
FNDA:2,(anonymous_6)
FNDA:3,(anonymous_7)
FNDA:2,(anonymous_8)
FNDA:2,(anonymous_9)
FNDA:12,(anonymous_10)
FNDA:3,(anonymous_11)
DA:1,2
DA:2,2
DA:3,2
DA:11,2
DA:12,2
DA:13,2
DA:16,2
DA:18,2
DA:20,2
DA:21,2
DA:24,2
DA:26,13
DA:27,13
DA:28,13
DA:34,2
DA:38,2
DA:39,1
DA:47,1
DA:48,0
DA:52,1
DA:56,1
DA:65,2
DA:66,1
DA:71,1
DA:75,1
DA:79,1
DA:87,2
DA:91,2
DA:98,2
DA:105,2
DA:106,1
DA:111,1
DA:120,3
DA:124,3
DA:125,1
DA:131,2
DA:137,2
DA:141,1
DA:150,1
DA:154,1
DA:158,1
DA:163,1
DA:167,1
DA:169,1
DA:171,1
DA:175,1
DA:180,1
DA:184,2
DA:188,2
DA:189,1
DA:195,1
DA:196,1
DA:200,2
DA:202,2
DA:204,12
DA:205,3
DA:211,2
LF:57
LH:56
BRDA:38,0,0,1
BRDA:47,1,0,0
BRDA:47,2,0,1
BRDA:47,2,1,1
BRDA:63,3,0,1
BRDA:65,4,0,1
BRDA:65,5,0,1
BRDA:65,5,1,1
BRDA:65,6,0,2
BRDA:65,6,1,1
BRDA:92,7,0,2
BRDA:92,7,1,2
BRDA:94,8,0,0
BRDA:94,8,1,2
BRDA:94,9,0,2
BRDA:94,9,1,2
BRDA:95,10,0,0
BRDA:95,10,1,2
BRDA:95,11,0,2
BRDA:95,11,1,2
BRDA:99,12,0,2
BRDA:99,12,1,2
BRDA:101,13,0,0
BRDA:101,13,1,2
BRDA:101,14,0,2
BRDA:101,14,1,2
BRDA:102,15,0,0
BRDA:102,15,1,2
BRDA:102,16,0,2
BRDA:102,16,1,2
BRDA:105,17,0,1
BRDA:124,18,0,1
BRDA:131,19,0,1
BRDA:131,19,1,1
BRDA:133,20,0,0
BRDA:133,20,1,1
BRDA:133,21,0,1
BRDA:133,21,1,1
BRDA:137,22,0,1
BRDA:138,23,0,2
BRDA:138,23,1,1
BRDA:138,23,2,1
BRDA:139,24,0,0
BRDA:139,24,1,1
BRDA:139,25,0,1
BRDA:139,25,1,1
BRDA:188,26,0,1
BRDA:204,27,0,12
BRDA:204,27,1,12
BRDA:207,28,0,0
BRDA:207,28,1,3
BRF:51
BRH:43
end_of_record
TN:
SF:src\app\products\dtos\product-details.dto.ts
FN:39,(anonymous_2)
FN:50,(anonymous_3)
FNF:2
FNH:2
FNDA:3,(anonymous_2)
FNDA:2,(anonymous_3)
DA:1,2
DA:2,2
DA:5,2
DA:10,2
DA:11,2
DA:18,2
DA:25,2
DA:32,2
DA:40,3
DA:41,3
DA:42,3
DA:43,3
DA:44,3
DA:45,3
DA:47,3
DA:53,2
DA:54,2
DA:55,2
DA:56,2
DA:57,2
DA:59,2
LF:21
LH:21
BRDA:54,0,0,2
BRDA:54,0,1,0
BRDA:55,1,0,1
BRDA:55,1,1,1
BRDA:56,2,0,1
BRDA:56,2,1,1
BRDA:57,3,0,1
BRDA:57,3,1,1
BRF:8
BRH:7
end_of_record
TN:
SF:src\app\products\dtos\product-with-details.dto.ts
FN:14,(anonymous_0)
FNF:1
FNH:1
FNDA:3,(anonymous_0)
DA:6,2
DA:7,2
DA:8,2
DA:10,2
DA:21,3
DA:23,3
DA:24,3
DA:25,3
DA:26,3
DA:27,3
DA:28,3
DA:29,3
DA:30,3
DA:31,3
DA:32,3
DA:33,3
DA:34,3
DA:35,3
DA:36,3
DA:38,3
LF:20
LH:20
BRF:0
BRH:0
end_of_record
TN:
SF:src\app\products\dtos\product.dto.ts
FN:80,(anonymous_2)
FN:98,(anonymous_3)
FNF:2
FNH:2
FNDA:8,(anonymous_2)
FNDA:2,(anonymous_3)
DA:1,2
DA:11,2
DA:14,2
DA:17,2
DA:25,2
DA:26,2
DA:35,2
DA:42,2
DA:49,2
DA:57,2
DA:65,2
DA:72,2
DA:83,8
DA:84,8
DA:85,8
DA:86,8
DA:87,8
DA:88,8
DA:89,8
DA:90,8
DA:91,8
DA:92,8
DA:93,8
DA:95,8
DA:101,2
DA:102,2
DA:103,2
DA:104,2
DA:105,2
DA:106,2
DA:107,2
DA:108,2
DA:110,2
LF:33
LH:33
BRDA:102,0,0,1
BRDA:102,0,1,1
BRDA:103,1,0,1
BRDA:103,1,1,1
BRDA:104,2,0,1
BRDA:104,2,1,1
BRDA:105,3,0,1
BRDA:105,3,1,1
BRDA:106,4,0,1
BRDA:106,4,1,1
BRDA:107,5,0,1
BRDA:107,5,1,1
BRDA:108,6,0,1
BRDA:108,6,1,1
BRF:14
BRH:14
end_of_record
TN:
SF:src\app\products\dtos\products-filter.dto.ts
FN:94,(anonymous_2)
FNF:1
FNH:1
FNDA:2,(anonymous_2)
DA:1,2
DA:10,2
DA:13,2
DA:15,2
DA:16,2
DA:25,2
DA:32,2
DA:39,2
DA:47,2
DA:54,2
DA:62,2
DA:70,2
DA:78,2
DA:86,2
DA:95,2
DA:96,2
DA:97,2
DA:98,2
DA:99,2
DA:102,2
DA:105,2
DA:107,2
LF:22
LH:22
BRF:0
BRH:0
end_of_record
TN:
SF:src\app\products\dtos\products-optional.dto.ts
FNF:0
FNH:0
DA:1,1
DA:10,1
DA:13,1
DA:15,1
DA:16,1
DA:25,1
DA:32,1
DA:39,1
DA:47,1
DA:55,1
DA:62,1
DA:70,1
DA:77,1
DA:84,1
DA:91,1
LF:15
LH:15
BRF:0
BRH:0
end_of_record
TN:
SF:src\app\products\dtos\products-query.dto.ts
FNF:0
FNH:0
DA:1,1
DA:2,1
DA:5,1
DA:7,1
DA:8,1
LF:5
LH:5
BRF:0
BRH:0
end_of_record
TN:
SF:src\app\products\entities\product-active-view.entity.ts
FNF:0
FNH:0
DA:1,2
DA:4,2
DA:14,2
LF:3
LH:3
BRF:0
BRH:0
end_of_record
TN:
SF:src\app\products\entities\product-details.entity.ts
FNF:0
FNH:0
DA:1,13
DA:4,13
DA:9,13
DA:10,13
DA:13,13
DA:16,13
DA:19,13
LF:7
LH:7
BRF:0
BRH:0
end_of_record
TN:
SF:src\app\products\entities\product.entity.ts
FN:37,(anonymous_2)
FNF:1
FNH:0
FNDA:0,(anonymous_2)
DA:1,13
DA:4,13
DA:5,13
DA:8,13
DA:11,13
DA:12,13
DA:16,13
DA:19,13
DA:22,13
DA:25,13
DA:28,13
DA:31,13
DA:34,13
DA:37,13
LF:14
LH:14
BRF:0
BRH:0
end_of_record
TN:
SF:src\app\products\enums\products-category.enum.ts
FN:1,(anonymous_0)
FNF:1
FNH:1
FNDA:13,(anonymous_0)
DA:1,13
DA:2,13
DA:3,13
DA:4,13
LF:4
LH:4
BRDA:1,0,0,13
BRDA:1,0,1,13
BRF:2
BRH:2
end_of_record
TN:
SF:src\app\products\repos\product-details.repository.ts
FN:11,(anonymous_4)
FN:16,(anonymous_5)
FN:28,(anonymous_6)
FN:36,(anonymous_7)
FNF:4
FNH:0
FNDA:0,(anonymous_4)
FNDA:0,(anonymous_5)
FNDA:0,(anonymous_6)
FNDA:0,(anonymous_7)
DA:1,2
DA:2,2
DA:3,2
DA:6,2
DA:10,2
DA:13,0
DA:19,0
DA:21,0
DA:22,0
DA:23,0
DA:25,0
DA:31,0
DA:39,0
DA:40,0
LF:14
LH:5
BRF:0
BRH:0
end_of_record
TN:
SF:src\app\products\repos\products-active-view.repository.ts
FN:13,(anonymous_4)
FN:18,(anonymous_5)
FN:24,(anonymous_6)
FN:28,(anonymous_7)
FN:36,(anonymous_8)
FN:42,(anonymous_9)
FNF:6
FNH:0
FNDA:0,(anonymous_4)
FNDA:0,(anonymous_5)
FNDA:0,(anonymous_6)
FNDA:0,(anonymous_7)
FNDA:0,(anonymous_8)
FNDA:0,(anonymous_9)
DA:1,2
DA:2,2
DA:3,2
DA:6,2
DA:12,2
DA:15,0
DA:19,0
DA:25,0
DA:31,0
DA:37,0
DA:45,0
LF:11
LH:5
BRF:0
BRH:0
end_of_record
TN:
SF:src\app\products\repos\products.repository.ts
FN:12,(anonymous_4)
FN:17,(anonymous_5)
FN:23,(anonymous_6)
FN:37,(anonymous_7)
FN:41,(anonymous_8)
FN:47,(anonymous_9)
FN:55,(anonymous_10)
FN:59,(anonymous_11)
FN:64,(anonymous_12)
FN:72,(anonymous_13)
FNF:10
FNH:0
FNDA:0,(anonymous_4)
FNDA:0,(anonymous_5)
FNDA:0,(anonymous_6)
FNDA:0,(anonymous_7)
FNDA:0,(anonymous_8)
FNDA:0,(anonymous_9)
FNDA:0,(anonymous_10)
FNDA:0,(anonymous_11)
FNDA:0,(anonymous_12)
FNDA:0,(anonymous_13)
DA:1,6
DA:2,6
DA:3,6
DA:6,6
DA:11,6
DA:14,0
DA:18,0
DA:27,0
DA:29,0
DA:30,0
DA:31,0
DA:32,0
DA:34,0
DA:38,0
DA:42,0
DA:50,0
DA:56,0
DA:60,0
DA:61,0
DA:65,0
DA:75,0
LF:21
LH:5
BRF:0
BRH:0
end_of_record
TN:
SF:src\app\products\test\mocks\data.mocks.ts
FNF:0
FNH:0
DA:1,2
DA:2,2
DA:3,2
DA:4,2
DA:5,2
DA:6,2
DA:7,2
DA:9,2
DA:11,2
DA:12,2
DA:13,2
DA:14,2
DA:15,2
DA:16,2
DA:17,2
DA:18,2
DA:20,2
DA:21,2
DA:22,2
DA:23,2
DA:24,2
DA:25,2
DA:26,2
DA:27,2
DA:28,2
DA:29,2
DA:30,2
DA:31,2
DA:32,2
DA:34,2
DA:35,2
DA:38,2
DA:43,2
DA:45,2
DA:46,2
LF:35
LH:35
BRF:0
BRH:0
end_of_record
TN:
SF:src\app\roles\role.controller.ts
FN:30,(anonymous_4)
FN:42,(anonymous_5)
FN:58,(anonymous_6)
FN:72,(anonymous_7)
FN:88,(anonymous_8)
FN:104,(anonymous_9)
FNF:6
FNH:6
FNDA:6,(anonymous_4)
FNDA:1,(anonymous_5)
FNDA:1,(anonymous_6)
FNDA:1,(anonymous_7)
FNDA:1,(anonymous_8)
FNDA:1,(anonymous_9)
DA:1,1
DA:15,1
DA:18,1
DA:19,1
DA:20,1
DA:22,1
DA:23,1
DA:29,1
DA:30,6
DA:42,1
DA:45,1
DA:58,1
DA:59,1
DA:72,1
DA:75,1
DA:88,1
DA:91,1
DA:104,1
DA:108,1
LF:19
LH:19
BRF:0
BRH:0
end_of_record
TN:
SF:src\app\roles\role.module.ts
FNF:0
FNH:0
DA:1,0
DA:2,0
DA:5,0
DA:8,0
DA:9,0
DA:10,0
DA:13,0
DA:18,0
DA:19,0
DA:20,0
DA:41,0
LF:11
LH:0
BRF:0
BRH:0
end_of_record
TN:
SF:src\app\roles\role.service.ts
FN:15,(anonymous_2)
FN:17,(anonymous_3)
FN:32,(anonymous_4)
FN:45,(anonymous_5)
FN:49,(anonymous_6)
FN:60,(anonymous_7)
FN:71,(anonymous_8)
FNF:7
FNH:7
FNDA:12,(anonymous_2)
FNDA:2,(anonymous_3)
FNDA:2,(anonymous_4)
FNDA:1,(anonymous_5)
FNDA:2,(anonymous_6)
FNDA:2,(anonymous_7)
FNDA:2,(anonymous_8)
DA:1,2
DA:3,2
DA:4,2
DA:14,2
DA:15,12
DA:18,2
DA:21,2
DA:22,1
DA:29,1
DA:33,2
DA:34,2
DA:35,0
DA:42,2
DA:46,1
DA:50,2
DA:51,2
DA:52,1
DA:57,1
DA:61,2
DA:62,2
DA:64,0
DA:72,2
DA:73,2
DA:74,1
DA:79,1
DA:80,1
LF:26
LH:24
BRDA:21,0,0,1
BRDA:34,1,0,0
BRDA:51,2,0,1
BRDA:61,3,0,2
BRDA:61,3,1,0
BRDA:73,4,0,1
BRF:6
BRH:4
end_of_record
TN:
SF:src\app\roles\dtos\create-role.dto.ts
FNF:0
FNH:0
DA:1,1
DA:4,1
DA:5,1
DA:6,1
DA:8,1
DA:10,1
DA:14,1
DA:19,1
LF:8
LH:8
BRF:0
BRH:0
end_of_record
TN:
SF:src\app\roles\entities\role.entity.ts
FN:28,(anonymous_2)
FN:28,(anonymous_3)
FNF:2
FNH:0
FNDA:0,(anonymous_2)
FNDA:0,(anonymous_3)
DA:1,12
DA:4,12
DA:5,12
DA:8,12
DA:10,12
DA:14,12
DA:16,12
DA:20,12
DA:24,12
DA:28,12
LF:10
LH:10
BRF:0
BRH:0
end_of_record
TN:
SF:src\app\roles\repos\role.repository.ts
FN:14,(anonymous_4)
FN:24,(anonymous_5)
FN:35,(anonymous_6)
FN:41,(anonymous_7)
FN:45,(anonymous_8)
FN:49,(anonymous_9)
FN:53,(anonymous_10)
FN:57,(anonymous_11)
FNF:8
FNH:0
FNDA:0,(anonymous_4)
FNDA:0,(anonymous_5)
FNDA:0,(anonymous_6)
FNDA:0,(anonymous_7)
FNDA:0,(anonymous_8)
FNDA:0,(anonymous_9)
FNDA:0,(anonymous_10)
FNDA:0,(anonymous_11)
DA:1,10
DA:2,10
DA:3,10
DA:9,10
DA:13,10
DA:17,0
DA:25,0
DA:32,0
DA:36,0
DA:42,0
DA:46,0
DA:50,0
DA:54,0
DA:58,0
LF:14
LH:5
BRF:0
BRH:0
end_of_record
TN:
SF:src\app\roles\tests\mocks\data.mock.ts
FNF:0
FNH:0
DA:1,2
DA:2,2
DA:3,2
DA:5,2
DA:7,2
DA:16,2
DA:22,2
DA:32,2
LF:8
LH:8
BRF:0
BRH:0
end_of_record
TN:
SF:src\app\security\jwt.strategy.ts
FN:16,(anonymous_2)
FN:24,(anonymous_3)
FNF:2
FNH:1
FNDA:4,(anonymous_2)
FNDA:0,(anonymous_3)
DA:1,1
DA:2,1
DA:5,1
DA:8,1
DA:9,1
DA:12,1
DA:15,1
DA:17,4
DA:26,0
LF:9
LH:8
BRF:0
BRH:0
end_of_record
TN:
SF:src\app\security\security.module.ts
FNF:0
FNH:0
DA:1,0
DA:2,0
DA:5,0
DA:6,0
DA:9,0
DA:10,0
DA:11,0
DA:14,0
DA:17,0
DA:18,0
DA:21,0
DA:22,0
DA:37,0
LF:13
LH:0
BRF:0
BRH:0
end_of_record
TN:
SF:src\app\security\security.service.ts
FN:16,(anonymous_2)
FN:22,(anonymous_3)
FN:28,(anonymous_4)
FNF:3
FNH:3
FNDA:4,(anonymous_2)
FNDA:1,(anonymous_3)
FNDA:2,(anonymous_4)
DA:1,8
DA:2,8
DA:5,8
DA:9,8
DA:11,8
DA:12,8
DA:15,8
DA:17,4
DA:18,4
DA:19,4
DA:23,1
DA:24,1
DA:25,1
DA:29,2
DA:30,2
DA:31,1
DA:36,1
DA:37,1
LF:18
LH:18
BRDA:30,0,0,1
BRF:1
BRH:1
end_of_record
TN:
SF:src\app\security\decorators\auth-permissions-guard.decorator.ts
FN:10,AuthPermissionsGuard
FNF:1
FNH:1
FNDA:24,AuthPermissionsGuard
DA:1,6
DA:7,6
DA:8,6
DA:10,6
DA:11,24
LF:5
LH:5
BRF:0
BRH:0
end_of_record
TN:
SF:src\app\security\dtos\token.dto.ts
FNF:0
FNH:0
DA:1,2
LF:1
LH:1
BRF:0
BRH:0
end_of_record
TN:
SF:src\app\security\guards\jwt-auth.guard.ts
FN:12,(anonymous_1)
FN:16,(anonymous_2)
FNF:2
FNH:0
FNDA:0,(anonymous_1)
FNDA:0,(anonymous_2)
DA:1,6
DA:7,6
DA:8,6
DA:11,6
DA:13,0
DA:17,0
DA:18,0
DA:23,0
LF:8
LH:4
BRDA:17,0,0,0
BRDA:17,1,0,0
BRDA:17,1,1,0
BRF:3
BRH:0
end_of_record
TN:
SF:src\app\security\guards\roles.guard.ts
FN:20,(anonymous_2)
FN:25,(anonymous_3)
FNF:2
FNH:0
FNDA:0,(anonymous_2)
FNDA:0,(anonymous_3)
DA:1,6
DA:8,6
DA:9,6
DA:12,6
DA:15,6
DA:19,6
DA:21,0
DA:22,0
DA:26,0
DA:31,0
DA:33,0
DA:35,0
DA:37,0
DA:38,0
DA:44,0
DA:46,0
DA:48,0
DA:49,0
DA:55,0
DA:57,0
DA:59,0
LF:21
LH:6
BRDA:31,0,0,0
BRDA:37,1,0,0
BRDA:44,2,0,0
BRDA:48,3,0,0
BRDA:55,4,0,0
BRDA:57,5,0,0
BRF:6
BRH:0
end_of_record
TN:
SF:src\app\security\test\data.mocks.ts
FNF:0
FNH:0
DA:1,1
DA:2,1
DA:3,1
DA:4,1
DA:6,1
DA:8,1
DA:20,1
DA:21,1
DA:22,1
DA:23,1
DA:24,1
DA:25,1
DA:26,1
DA:28,1
DA:29,1
DA:30,1
DA:31,1
DA:32,1
DA:33,1
DA:34,1
DA:35,1
DA:36,1
DA:37,1
LF:23
LH:23
BRF:0
BRH:0
end_of_record
TN:
SF:src\app\tasks\tasks.module.ts
FNF:0
FNH:0
DA:1,0
DA:2,0
DA:3,0
DA:5,0
DA:6,0
DA:7,0
DA:8,0
DA:14,0
LF:8
LH:0
BRF:0
BRH:0
end_of_record
TN:
SF:src\app\tasks\tasks.service.ts
FN:9,(anonymous_2)
FN:12,(anonymous_3)
FN:18,(anonymous_4)
FNF:3
FNH:0
FNDA:0,(anonymous_2)
FNDA:0,(anonymous_3)
FNDA:0,(anonymous_4)
DA:1,0
DA:2,0
DA:5,0
DA:8,0
DA:9,0
DA:12,0
DA:13,0
DA:14,0
DA:16,0
DA:18,0
DA:19,0
LF:11
LH:0
BRDA:16,0,0,0
BRF:1
BRH:0
end_of_record
TN:
SF:src\app\users\user.controller.ts
FN:35,(anonymous_4)
FN:48,(anonymous_5)
FN:65,(anonymous_6)
FN:82,(anonymous_7)
FN:100,(anonymous_8)
FN:117,(anonymous_9)
FN:135,(anonymous_10)
FN:150,(anonymous_11)
FNF:8
FNH:8
FNDA:8,(anonymous_4)
FNDA:1,(anonymous_5)
FNDA:1,(anonymous_6)
FNDA:1,(anonymous_7)
FNDA:1,(anonymous_8)
FNDA:1,(anonymous_9)
FNDA:1,(anonymous_10)
FNDA:1,(anonymous_11)
DA:1,1
DA:14,1
DA:15,1
DA:16,1
DA:19,1
DA:20,1
DA:21,1
DA:22,1
DA:23,1
DA:27,1
DA:30,1
DA:34,1
DA:35,8
DA:48,1
DA:51,1
DA:65,1
DA:68,1
DA:82,1
DA:86,1
DA:100,1
DA:103,1
DA:117,1
DA:121,1
DA:135,1
DA:136,1
DA:150,1
DA:154,1
LF:27
LH:27
BRF:0
BRH:0
end_of_record
TN:
SF:src\app\users\user.module.ts
FNF:0
FNH:0
DA:1,0
DA:2,0
DA:5,0
DA:6,0
DA:7,0
DA:8,0
DA:11,0
DA:12,0
DA:13,0
DA:14,0
DA:18,0
DA:19,0
DA:22,0
DA:23,0
DA:46,0
LF:15
LH:0
BRF:0
BRH:0
end_of_record
TN:
SF:src\app\users\user.service.ts
FN:18,(anonymous_2)
FN:25,(anonymous_3)
FN:32,(anonymous_4)
FN:43,(anonymous_5)
FN:54,(anonymous_6)
FN:82,(anonymous_7)
FN:94,(anonymous_8)
FN:130,(anonymous_9)
FNF:8
FNH:8
FNDA:16,(anonymous_2)
FNDA:1,(anonymous_3)
FNDA:2,(anonymous_4)
FNDA:2,(anonymous_5)
FNDA:3,(anonymous_6)
FNDA:2,(anonymous_7)
FNDA:3,(anonymous_8)
FNDA:2,(anonymous_9)
DA:1,2
DA:2,2
DA:8,2
DA:9,2
DA:10,2
DA:14,2
DA:17,2
DA:19,16
DA:20,16
DA:21,16
DA:22,16
DA:26,1
DA:27,1
DA:29,0
DA:33,2
DA:34,2
DA:35,1
DA:40,1
DA:44,2
DA:45,2
DA:46,1
DA:51,1
DA:55,3
DA:57,3
DA:58,1
DA:64,2
DA:68,2
DA:69,1
DA:75,1
DA:76,1
DA:77,1
DA:78,1
DA:79,1
DA:83,2
DA:85,2
DA:86,1
DA:91,1
DA:95,3
DA:97,3
DA:98,1
DA:104,2
DA:108,2
DA:109,1
DA:115,1
DA:119,1
DA:120,1
DA:122,1
DA:123,1
DA:124,1
DA:131,2
DA:132,2
DA:133,1
DA:138,1
LF:53
LH:52
BRDA:26,0,0,1
BRDA:34,1,0,1
BRDA:45,2,0,1
BRDA:57,3,0,1
BRDA:68,4,0,1
BRDA:85,5,0,1
BRDA:97,6,0,1
BRDA:108,7,0,1
BRDA:132,8,0,1
BRF:9
BRH:9
end_of_record
TN:
SF:src\app\users\decorators\user.decorator.ts
FN:8,(anonymous_0)
FNF:1
FNH:0
FNDA:0,(anonymous_0)
DA:1,4
DA:5,4
DA:7,4
DA:9,0
DA:10,0
DA:11,0
LF:6
LH:3
BRDA:10,0,0,0
BRF:1
BRH:0
end_of_record
TN:
SF:src\app\users\dtos\assign-role-user.dto.ts
FNF:0
FNH:0
DA:1,1
DA:2,1
DA:4,1
DA:6,1
LF:4
LH:4
BRF:0
BRH:0
end_of_record
TN:
SF:src\app\users\dtos\create-user.dto.ts
FNF:0
FNH:0
DA:1,1
DA:8,1
DA:10,1
DA:12,1
DA:16,1
DA:20,1
LF:6
LH:6
BRF:0
BRH:0
end_of_record
TN:
SF:src\app\users\dtos\update-user.dto.ts
FNF:0
FNH:0
DA:1,1
DA:8,1
DA:10,1
DA:12,1
DA:16,1
DA:19,1
LF:6
LH:6
BRF:0
BRH:0
end_of_record
TN:
SF:src\app\users\dtos\user-details.dto.ts
FNF:0
FNH:0
DA:1,0
DA:2,0
DA:4,0
DA:6,0
DA:11,0
DA:16,0
LF:6
LH:0
BRF:0
BRH:0
end_of_record
TN:
SF:src\app\users\dtos\user-session.dto.ts
FN:61,(anonymous_2)
FN:74,(anonymous_3)
FNF:2
FNH:1
FNDA:2,(anonymous_2)
FNDA:0,(anonymous_3)
DA:1,8
DA:11,8
DA:12,8
DA:16,8
DA:17,8
DA:19,8
DA:21,8
DA:29,8
DA:36,8
DA:43,8
DA:52,8
DA:62,2
DA:75,0
DA:76,0
DA:78,0
DA:79,0
DA:80,0
DA:81,0
DA:82,0
DA:83,0
DA:84,0
LF:21
LH:12
BRDA:75,0,0,0
BRF:1
BRH:0
end_of_record
TN:
SF:src\app\users\entities\user-details.entity.ts
FNF:0
FNH:0
DA:1,12
DA:2,12
DA:3,12
DA:6,12
DA:8,12
DA:12,12
DA:16,12
LF:7
LH:7
BRF:0
BRH:0
end_of_record
TN:
SF:src\app\users\entities\user-view.entity.ts
FNF:0
FNH:0
DA:1,2
DA:8,2
DA:11,2
DA:16,2
DA:19,2
DA:20,2
DA:25,2
DA:38,2
DA:51,2
DA:65,2
DA:70,2
DA:75,2
LF:12
LH:12
BRF:0
BRH:0
end_of_record
TN:
SF:src\app\users\entities\user.entity.ts
FN:75,(anonymous_2)
FN:79,(anonymous_3)
FN:79,(anonymous_4)
FN:83,(anonymous_5)
FN:83,(anonymous_6)
FN:86,(anonymous_7)
FN:86,(anonymous_8)
FNF:7
FNH:0
FNDA:0,(anonymous_2)
FNDA:0,(anonymous_3)
FNDA:0,(anonymous_4)
FNDA:0,(anonymous_5)
FNDA:0,(anonymous_6)
FNDA:0,(anonymous_7)
FNDA:0,(anonymous_8)
DA:1,12
DA:11,12
DA:12,12
DA:13,12
DA:14,12
DA:17,12
DA:18,12
DA:19,12
DA:22,12
DA:23,12
DA:27,12
DA:35,12
DA:43,12
DA:51,12
DA:55,12
DA:59,12
DA:67,12
DA:75,12
DA:79,12
DA:83,12
DA:86,12
LF:21
LH:21
BRF:0
BRH:0
end_of_record
TN:
SF:src\app\users\repos\user-details.repository.ts
FN:11,(anonymous_4)
FN:17,(anonymous_5)
FN:28,(anonymous_6)
FN:32,(anonymous_7)
FN:36,(anonymous_8)
FNF:5
FNH:0
FNDA:0,(anonymous_4)
FNDA:0,(anonymous_5)
FNDA:0,(anonymous_6)
FNDA:0,(anonymous_7)
FNDA:0,(anonymous_8)
DA:1,4
DA:2,4
DA:3,4
DA:6,4
DA:10,4
DA:14,0
DA:18,0
DA:25,0
DA:29,0
DA:33,0
DA:37,0
LF:11
LH:5
BRF:0
BRH:0
end_of_record
TN:
SF:src\app\users\repos\user-view.repository.ts
FN:10,(anonymous_4)
FN:21,(anonymous_5)
FN:25,(anonymous_6)
FNF:3
FNH:0
FNDA:0,(anonymous_4)
FNDA:0,(anonymous_5)
FNDA:0,(anonymous_6)
DA:1,2
DA:2,2
DA:3,2
DA:6,2
DA:9,2
DA:14,0
DA:22,0
DA:26,0
LF:8
LH:5
BRF:0
BRH:0
end_of_record
TN:
SF:src\app\users\repos\user.repository.ts
FN:11,(anonymous_4)
FN:21,(anonymous_5)
FN:39,(anonymous_6)
FN:47,(anonymous_7)
FN:55,(anonymous_8)
FN:59,(anonymous_9)
FN:63,(anonymous_10)
FN:71,(anonymous_11)
FNF:8
FNH:0
FNDA:0,(anonymous_4)
FNDA:0,(anonymous_5)
FNDA:0,(anonymous_6)
FNDA:0,(anonymous_7)
FNDA:0,(anonymous_8)
FNDA:0,(anonymous_9)
FNDA:0,(anonymous_10)
FNDA:0,(anonymous_11)
DA:1,11
DA:2,11
DA:3,11
DA:6,11
DA:10,11
DA:14,0
DA:22,0
DA:23,0
DA:25,0
DA:36,0
DA:40,0
DA:48,0
DA:56,0
DA:60,0
DA:64,0
DA:65,0
DA:72,0
LF:17
LH:5
BRF:0
BRH:0
end_of_record
TN:
SF:src\app\users\tests\mocks\data.mock.ts
FNF:0
FNH:0
DA:1,2
DA:2,2
DA:4,2
DA:17,2
DA:31,2
DA:44,2
DA:53,2
DA:72,2
DA:77,2
DA:82,2
DA:90,2
DA:101,2
DA:111,2
DA:116,2
LF:14
LH:14
BRF:0
BRH:0
end_of_record
TN:
SF:src\config\data-source.ts
FNF:0
FNH:0
DA:1,0
DA:2,0
DA:4,0
LF:3
LH:0
BRF:0
BRH:0
end_of_record
TN:
SF:src\config\database.config.ts
FNF:0
FNH:0
DA:1,0
DA:5,0
DA:6,0
DA:7,0
DA:8,0
DA:9,0
DA:10,0
DA:11,0
DA:12,0
DA:13,0
DA:14,0
DA:15,0
DA:18,0
DA:19,0
DA:20,0
DA:21,0
DA:22,0
DA:23,0
DA:24,0
DA:25,0
DA:26,0
DA:27,0
DA:28,0
DA:29,0
DA:30,0
DA:31,0
DA:32,0
DA:33,0
DA:34,0
DA:35,0
DA:36,0
DA:37,0
DA:38,0
DA:40,0
DA:97,0
LF:35
LH:0
BRF:0
BRH:0
end_of_record
TN:
SF:src\shared\dtos\uuid.dto.ts
FNF:0
FNH:0
DA:1,10
DA:3,10
DA:4,10
DA:9,10
DA:14,10
LF:5
LH:5
BRF:0
BRH:0
end_of_record
TN:
SF:src\shared\entities\id.entity.ts
FN:10,(anonymous_2)
FN:16,(anonymous_3)
FNF:2
FNH:0
FNDA:0,(anonymous_2)
FNDA:0,(anonymous_3)
DA:1,12
DA:3,12
DA:4,12
DA:7,12
DA:10,0
DA:14,12
DA:16,0
LF:7
LH:5
BRF:0
BRH:0
end_of_record
TN:
SF:src\shared\entities\uuid.entity.ts
FN:10,(anonymous_2)
FN:16,(anonymous_3)
FNF:2
FNH:0
FNDA:0,(anonymous_2)
FNDA:0,(anonymous_3)
DA:1,13
DA:3,13
DA:4,13
DA:7,13
DA:10,0
DA:14,13
DA:16,0
LF:7
LH:5
BRF:0
BRH:0
end_of_record
TN:
SF:src\shared\types\error-codes.enum.ts
FN:1,(anonymous_0)
FNF:1
FNH:1
FNDA:1,(anonymous_0)
DA:1,1
DA:2,1
DA:3,1
DA:4,1
DA:5,1
DA:7,1
LF:6
LH:6
BRDA:1,0,0,1
BRDA:1,0,1,1
BRF:2
BRH:2
end_of_record
TN:
SF:src\shared\types\user-permissions.enum.ts
FN:1,(anonymous_0)
FNF:1
FNH:1
FNDA:12,(anonymous_0)
DA:1,12
DA:2,12
DA:5,12
DA:6,12
DA:7,12
DA:10,12
DA:11,12
DA:12,12
DA:13,12
DA:14,12
DA:15,12
DA:16,12
DA:19,12
DA:20,12
DA:21,12
DA:22,12
DA:23,12
DA:26,12
DA:27,12
DA:28,12
DA:29,12
DA:30,12
DA:33,12
DA:34,12
DA:35,12
DA:36,12
DA:39,12
LF:27
LH:27
BRDA:1,0,0,12
BRDA:1,0,1,12
BRF:2
BRH:2
end_of_record
TN:
SF:src\shared\types\user-roles.enum.ts
FN:1,(anonymous_0)
FNF:1
FNH:1
FNDA:12,(anonymous_0)
DA:1,12
DA:2,12
DA:3,12
DA:4,12
LF:4
LH:4
BRDA:1,0,0,12
BRDA:1,0,1,12
BRF:2
BRH:2
end_of_record
